#
# There is insufficient memory for the Java Runtime Environment to continue.
# Native memory allocation (mmap) failed to map 134217728 bytes for G1 virtual space
# Possible reasons:
#   The system is out of physical RAM or swap space
#   The process is running with CompressedOops enabled, and the Java Heap may be blocking the growth of the native heap
# Possible solutions:
#   Reduce memory load on the system
#   Increase physical memory or swap space
#   Check if swap backing store is full
#   Decrease Java heap size (-Xmx/-Xms)
#   Decrease number of Java threads
#   Decrease Java thread stack sizes (-Xss)
#   Set larger code cache with -XX:ReservedCodeCacheSize=
#   JVM is running with Unscaled Compressed Oops mode in which the Java heap is
#     placed in the first 4GB address space. The Java Heap base address is the
#     maximum limit for the native heap growth. Please use -XX:HeapBaseMinAddress
#     to set the Java Heap base and to place the Java Heap above 4GB virtual address.
# This output file may be truncated or incomplete.
#
#  Out of Memory Error (os_windows.cpp:3550), pid=13948, tid=14424
#
# JRE version:  (17.0.6+9) (build )
# Java VM: Java HotSpot(TM) 64-Bit Server VM (17.0.6+9-LTS-190, mixed mode, sharing, tiered, compressed oops, compressed class ptrs, g1 gc, windows-amd64)
# No core dump will be written. Minidumps are not enabled by default on client versions of Windows
#

---------------  S U M M A R Y ------------

Command Line: -agentlib:jdwp=transport=dt_socket,server=n,suspend=y,address=127.0.0.1:51558 -Dfile.encoding=windows-1252 -Duser.country=CO -Duser.language=es -Duser.variant parcial.parcial1procesoscrud.Parcial1procesoscrudApplication

Host: Intel(R) Core(TM) i3-9100F CPU @ 3.60GHz, 4 cores, 7G,  Windows 10 , 64 bit Build 19041 (10.0.19041.2788)
Time: Sun Apr 16 20:05:28 2023 Hora est. Pacífico, Sudamérica elapsed time: 0.018495 seconds (0d 0h 0m 0s)

---------------  T H R E A D  ---------------

Current thread (0x0000016ecb2ddf70):  JavaThread "Unknown thread" [_thread_in_vm, id=14424, stack(0x0000001b4bf00000,0x0000001b4c000000)]

Stack: [0x0000001b4bf00000,0x0000001b4c000000]
Native frames: (J=compiled Java code, j=interpreted, Vv=VM code, C=native code)
V  [jvm.dll+0x6734ea]
V  [jvm.dll+0x7d18f4]
V  [jvm.dll+0x7d309e]
V  [jvm.dll+0x7d3703]
V  [jvm.dll+0x2433c5]
V  [jvm.dll+0x6703f9]
V  [jvm.dll+0x664d32]
V  [jvm.dll+0x300086]
V  [jvm.dll+0x307606]
V  [jvm.dll+0x356c1e]
V  [jvm.dll+0x356e4f]
V  [jvm.dll+0x2d72e8]
V  [jvm.dll+0x2d8254]
V  [jvm.dll+0x7a33b1]
V  [jvm.dll+0x3647f1]
V  [jvm.dll+0x782839]
V  [jvm.dll+0x3e757f]
V  [jvm.dll+0x3e9001]
C  [jli.dll+0x5297]
C  [ucrtbase.dll+0x21bb2]
C  [KERNEL32.DLL+0x17604]
C  [ntdll.dll+0x526a1]


---------------  P R O C E S S  ---------------

Threads class SMR info:
_java_thread_list=0x00007ffa3c0ae958, length=0, elements={
}

Java Threads: ( => current thread )

Other Threads:
  0x0000016ecb336540 GCTaskThread "GC Thread#0" [stack: 0x0000001b4c000000,0x0000001b4c100000] [id=9168]
  0x0000016ecb3491f0 ConcurrentGCThread "G1 Main Marker" [stack: 0x0000001b4c100000,0x0000001b4c200000] [id=10908]
  0x0000016ecb34a2b0 ConcurrentGCThread "G1 Conc#0" [stack: 0x0000001b4c200000,0x0000001b4c300000] [id=10256]

[error occurred during error reporting (printing all threads), id 0xc0000005, EXCEPTION_ACCESS_VIOLATION (0xc0000005) at pc=0x00007ffa3b8e7f07]

VM state: not at safepoint (not fully initialized)

VM Mutex/Monitor currently owned by a thread:  ([mutex/lock_event])
[0x0000016ecb2d8720] Heap_lock - owner thread: 0x0000016ecb2ddf70

Heap address: 0x0000000080e00000, size: 2034 MB, Compressed Oops mode: 32-bit

CDS archive(s) mapped at: [0x0000000000000000-0x0000000000000000-0x0000000000000000), size 0, SharedBaseAddress: 0x0000000800000000, ArchiveRelocationMode: 0.
Narrow klass base: 0x0000000000000000, Narrow klass shift: 0, Narrow klass range: 0x0

GC Precious Log:
<Empty>

Heap:
 garbage-first heap   total 0K, used 0K [0x0000000080e00000, 0x0000000100000000)
  region size 1024K, 0 young (0K), 0 survivors (0K)

[error occurred during error reporting (printing heap information), id 0xc0000005, EXCEPTION_ACCESS_VIOLATION (0xc0000005) at pc=0x00007ffa3bccc759]

GC Heap History (0 events):
No events

Deoptimization events (0 events):
No events

Classes unloaded (0 events):
No events

Classes redefined (0 events):
No events

Internal exceptions (0 events):
No events

VM Operations (0 events):
No events

Events (1 events):
Event: 0.009 Loaded shared library C:\Program Files\Java\jdk-17\bin\java.dll


Dynamic libraries:
0x00007ff7859f0000 - 0x00007ff785a00000 	C:\Program Files\Java\jdk-17\bin\java.exe
0x00007ffaa5150000 - 0x00007ffaa5348000 	C:\Windows\SYSTEM32\ntdll.dll
0x00007ffaa3eb0000 - 0x00007ffaa3f6f000 	C:\Windows\System32\KERNEL32.DLL
0x00007ffaa2a10000 - 0x00007ffaa2cea000 	C:\Windows\System32\KERNELBASE.dll
0x00007ffaa2cf0000 - 0x00007ffaa2df0000 	C:\Windows\System32\ucrtbase.dll
0x00007ffa6c550000 - 0x00007ffa6c56b000 	C:\Program Files\Java\jdk-17\bin\VCRUNTIME140.dll
0x00007ffa6c6e0000 - 0x00007ffa6c6f8000 	C:\Program Files\Java\jdk-17\bin\jli.dll
0x00007ffaa4f50000 - 0x00007ffaa4ffe000 	C:\Windows\System32\ADVAPI32.dll
0x00007ffaa4c50000 - 0x00007ffaa4cee000 	C:\Windows\System32\msvcrt.dll
0x00007ffaa4cf0000 - 0x00007ffaa4d8c000 	C:\Windows\System32\sechost.dll
0x00007ffaa4110000 - 0x00007ffaa4236000 	C:\Windows\System32\RPCRT4.dll
0x00007ffaa4db0000 - 0x00007ffaa4f4d000 	C:\Windows\System32\USER32.dll
0x00007ffaa2df0000 - 0x00007ffaa2e12000 	C:\Windows\System32\win32u.dll
0x00007ffaa4830000 - 0x00007ffaa485b000 	C:\Windows\System32\GDI32.dll
0x00007ffaa2900000 - 0x00007ffaa2a10000 	C:\Windows\System32\gdi32full.dll
0x00007ffaa2fd0000 - 0x00007ffaa306d000 	C:\Windows\System32\msvcp_win.dll
0x00007ffa8b440000 - 0x00007ffa8b6da000 	C:\Windows\WinSxS\amd64_microsoft.windows.common-controls_6595b64144ccf1df_6.0.19041.1110_none_60b5254171f9507e\COMCTL32.dll
0x00007ffa9cc70000 - 0x00007ffa9cc7a000 	C:\Windows\SYSTEM32\VERSION.dll
0x00007ffaa3f70000 - 0x00007ffaa3fa0000 	C:\Windows\System32\IMM32.DLL
0x00007ffa7f2f0000 - 0x00007ffa7f2fc000 	C:\Program Files\Java\jdk-17\bin\vcruntime140_1.dll
0x00007ffa50660000 - 0x00007ffa506ee000 	C:\Program Files\Java\jdk-17\bin\msvcp140.dll
0x00007ffa3b600000 - 0x00007ffa3c1d7000 	C:\Program Files\Java\jdk-17\bin\server\jvm.dll
0x00007ffaa3ea0000 - 0x00007ffaa3ea8000 	C:\Windows\System32\PSAPI.DLL
0x00007ffa9dad0000 - 0x00007ffa9dad9000 	C:\Windows\SYSTEM32\WSOCK32.dll
0x00007ffa9a170000 - 0x00007ffa9a197000 	C:\Windows\SYSTEM32\WINMM.dll
0x00007ffaa4760000 - 0x00007ffaa47cb000 	C:\Windows\System32\WS2_32.dll
0x00007ffaa0740000 - 0x00007ffaa0752000 	C:\Windows\SYSTEM32\kernel.appcore.dll
0x00007ffa7c750000 - 0x00007ffa7c75a000 	C:\Program Files\Java\jdk-17\bin\jimage.dll
0x00007ffa8eeb0000 - 0x00007ffa8f094000 	C:\Windows\SYSTEM32\DBGHELP.DLL
0x00007ffa8ddd0000 - 0x00007ffa8de04000 	C:\Windows\SYSTEM32\dbgcore.DLL
0x00007ffaa3120000 - 0x00007ffaa31a2000 	C:\Windows\System32\bcryptPrimitives.dll
0x00007ffa9e340000 - 0x00007ffa9e37b000 	C:\Program Files\Java\jdk-17\bin\jdwp.dll
0x00007ffa6a0c0000 - 0x00007ffa6a0e5000 	C:\Program Files\Java\jdk-17\bin\java.dll

dbghelp: loaded successfully - version: 4.0.5 - missing functions: none
symbol engine: initialized successfully - sym options: 0x614 - pdb path: .;C:\Program Files\Java\jdk-17\bin;C:\Windows\SYSTEM32;C:\Windows\WinSxS\amd64_microsoft.windows.common-controls_6595b64144ccf1df_6.0.19041.1110_none_60b5254171f9507e;C:\Program Files\Java\jdk-17\bin\server

VM Arguments:
jvm_args: -agentlib:jdwp=transport=dt_socket,server=n,suspend=y,address=127.0.0.1:51558 -Dfile.encoding=windows-1252 -Duser.country=CO -Duser.language=es -Duser.variant 
java_command: parcial.parcial1procesoscrud.Parcial1procesoscrudApplication
java_class_path (initial): D:\Escritorio\parcial1procesoscrud\build\classes\java\main;D:\Escritorio\parcial1procesoscrud\build\resources\main;C:\Users\RAFAEL\.gradle\caches\modules-2\files-2.1\org.springframework.boot\spring-boot-starter-web\3.0.5\c8f9a85fed134963b69cb2f2a0dcf151047b6cd1\spring-boot-starter-web-3.0.5.jar;C:\Users\RAFAEL\.gradle\caches\modules-2\files-2.1\org.springframework.boot\spring-boot-starter-data-jpa\3.0.5\3878bf2b2555fc1d38a9ebde0169eec4eaf6bf1c\spring-boot-starter-data-jpa-3.0.5.jar;C:\Users\RAFAEL\.gradle\caches\modules-2\files-2.1\com.mysql\mysql-connector-j\8.0.32\41ec3f8cdaccf6c46a47d7cd628eeb59a926d9d4\mysql-connector-j-8.0.32.jar;C:\Users\RAFAEL\.gradle\caches\modules-2\files-2.1\org.springframework.boot\spring-boot-starter-json\3.0.5\d9b191badbcc63083770ba111f9290e45e512a54\spring-boot-starter-json-3.0.5.jar;C:\Users\RAFAEL\.gradle\caches\modules-2\files-2.1\org.springframework.boot\spring-boot-starter-aop\3.0.5\99559481bff53a47999f0fc9bdb5d89999a9e8d0\spring-boot-starter-aop-3.0.5.jar;C:\Users\RAFAEL\.gradle\caches\modules-2\files-2.1\org.springframework.boot\spring-boot-starter-jdbc\3.0.5\289da3f406133ff2f35c4f61fdc43e5112e45404\spring-boot-starter-jdbc-3.0.5.jar;C:\Users\RAFAEL\.gradle\caches\modules-2\files-2.1\org.springframework.boot\spring-boot-starter\3.0.5\5d13714accd45b2b1af0d5de1495b2ed9a49fe89\spring-boot-starter-3.0.5.jar;C:\Users\RAFAEL\.gradle\caches\modules-2\files-2.1\org.springframework.boot\spring-boot-starter-tomcat\3.0.5\5dd71e501f2be01a359ef7187e28a523379c23f2\spring-boot-starter-tomcat-3.0.5.jar;C:\Users\RAFAEL\.gradle\caches\modules-2\files-2.1\org.springframework\spring-webmvc\6.0.7\2fdde1a0d3706a85fe318a4f6ebffb4f4f7c4c6d\spring-webmvc-6.0.7.jar;C:\Users\RAFAEL\.gradle\caches\modules-2\files-2.1\org.springframework\spring-web\6.0.7\43f8ac9c46c15d57fca00fc81ce1f2849f6cecb9\spring-web-6.0.7.jar;C:\Users\RAFAEL\.gradle\caches\modules-2\files-2.1\org.hibernate.orm\hibernate-core\6.1.7.Final\343f47b34c96fe9c44b
Launcher Type: SUN_STANDARD

[Global flags]
     intx CICompilerCount                          = 3                                         {product} {ergonomic}
     uint ConcGCThreads                            = 1                                         {product} {ergonomic}
     uint G1ConcRefinementThreads                  = 4                                         {product} {ergonomic}
   size_t G1HeapRegionSize                         = 1048576                                   {product} {ergonomic}
    uintx GCDrainStackTargetSize                   = 64                                        {product} {ergonomic}
   size_t InitialHeapSize                          = 134217728                                 {product} {ergonomic}
   size_t MarkStackSize                            = 4194304                                   {product} {ergonomic}
   size_t MaxHeapSize                              = 2132803584                                {product} {ergonomic}
   size_t MinHeapDeltaBytes                        = 1048576                                   {product} {ergonomic}
   size_t MinHeapSize                              = 8388608                                   {product} {ergonomic}
    uintx NonNMethodCodeHeapSize                   = 5832780                                {pd product} {ergonomic}
    uintx NonProfiledCodeHeapSize                  = 122912730                              {pd product} {ergonomic}
    uintx ProfiledCodeHeapSize                     = 122912730                              {pd product} {ergonomic}
    uintx ReservedCodeCacheSize                    = 251658240                              {pd product} {ergonomic}
     bool SegmentedCodeCache                       = true                                      {product} {ergonomic}
   size_t SoftMaxHeapSize                          = 2132803584                             {manageable} {ergonomic}
     bool UseCompressedClassPointers               = true                           {product lp64_product} {ergonomic}
     bool UseCompressedOops                        = true                           {product lp64_product} {ergonomic}
     bool UseG1GC                                  = true                                      {product} {ergonomic}
     bool UseLargePagesIndividualAllocation        = false                                  {pd product} {ergonomic}

Logging:
Log output configuration:
 #0: stdout all=warning uptime,level,tags
 #1: stderr all=off uptime,level,tags

Environment Variables:
PATH=C:\Program Files\Common Files\Oracle\Java\javapath;C:\Program Files (x86)\Common Files\Oracle\Java\javapath;C:\Windows\system32;C:\Windows;C:\Windows\System32\Wbem;C:\Windows\System32\WindowsPowerShell\v1.0\;C:\Windows\System32\OpenSSH\;C:\Program Files\Git\cmd;C:\Program Files\MySQL\MySQL Shell 8.0\bin\;C:\Users\RAFAEL\AppData\Local\Microsoft\WindowsApps;C:\Users\RAFAEL\AppData\Local\Programs\Microsoft VS Code\bin;C:\xampp\php
USERNAME=RAFAEL
OS=Windows_NT
PROCESSOR_IDENTIFIER=Intel64 Family 6 Model 158 Stepping 10, GenuineIntel



---------------  S Y S T E M  ---------------

OS:
 Windows 10 , 64 bit Build 19041 (10.0.19041.2788)
OS uptime: 1 days 22:32 hours

CPU: total 4 (initial active 4) (4 cores per cpu, 1 threads per core) family 6 model 158 stepping 10 microcode 0xb4, cx8, cmov, fxsr, mmx, 3dnowpref, sse, sse2, sse3, ssse3, sse4.1, sse4.2, popcnt, lzcnt, tsc, tscinvbit, avx, avx2, aes, erms, clmul, bmi1, bmi2, adx, fma, vzeroupper, clflush, clflushopt

Memory: 4k page, system-wide physical 8134M (403M free)
TotalPageFile size 10176M (AvailPageFile size 57M)
current process WorkingSet (physical memory assigned to process): 10M, peak: 10M
current process commit charge ("private bytes"): 51M, peak: 179M

vm_info: Java HotSpot(TM) 64-Bit Server VM (17.0.6+9-LTS-190) for windows-amd64 JRE (17.0.6+9-LTS-190), built on Dec  6 2022 15:53:54 by "mach5one" with MS VC++ 17.1 (VS2022)

END.
