#
# There is insufficient memory for the Java Runtime Environment to continue.
# Native memory allocation (malloc) failed to allocate 2262672 bytes for Chunk::new
# Possible reasons:
#   The system is out of physical RAM or swap space
#   The process is running with CompressedOops enabled, and the Java Heap may be blocking the growth of the native heap
# Possible solutions:
#   Reduce memory load on the system
#   Increase physical memory or swap space
#   Check if swap backing store is full
#   Decrease Java heap size (-Xmx/-Xms)
#   Decrease number of Java threads
#   Decrease Java thread stack sizes (-Xss)
#   Set larger code cache with -XX:ReservedCodeCacheSize=
#   JVM is running with Unscaled Compressed Oops mode in which the Java heap is
#     placed in the first 4GB address space. The Java Heap base address is the
#     maximum limit for the native heap growth. Please use -XX:HeapBaseMinAddress
#     to set the Java Heap base and to place the Java Heap above 4GB virtual address.
# This output file may be truncated or incomplete.
#
#  Out of Memory Error (arena.cpp:189), pid=1200, tid=14056
#
# JRE version: Java(TM) SE Runtime Environment (17.0.6+9) (build 17.0.6+9-LTS-190)
# Java VM: Java HotSpot(TM) 64-Bit Server VM (17.0.6+9-LTS-190, mixed mode, sharing, tiered, compressed oops, compressed class ptrs, g1 gc, windows-amd64)
# No core dump will be written. Minidumps are not enabled by default on client versions of Windows
#

---------------  S U M M A R Y ------------

Command Line: --add-opens=java.base/java.util=ALL-UNNAMED --add-opens=java.base/java.lang=ALL-UNNAMED --add-opens=java.base/java.lang.invoke=ALL-UNNAMED --add-opens=java.prefs/java.util.prefs=ALL-UNNAMED --add-opens=java.base/java.nio.charset=ALL-UNNAMED --add-opens=java.base/java.net=ALL-UNNAMED --add-opens=java.base/java.util.concurrent.atomic=ALL-UNNAMED -XX:MaxMetaspaceSize=256m -XX:+HeapDumpOnOutOfMemoryError -Xms256m -Xmx512m -Dfile.encoding=windows-1252 -Duser.country=CO -Duser.language=es -Duser.variant org.gradle.launcher.daemon.bootstrap.GradleDaemon 7.6.1

Host: Intel(R) Core(TM) i3-9100F CPU @ 3.60GHz, 4 cores, 7G,  Windows 10 , 64 bit Build 19041 (10.0.19041.2788)
Time: Thu Apr 13 20:43:01 2023 Hora est. Pacífico, Sudamérica elapsed time: 13.563832 seconds (0d 0h 0m 13s)

---------------  T H R E A D  ---------------

Current thread (0x000001ca7ccdcd40):  JavaThread "C2 CompilerThread1" daemon [_thread_in_native, id=14056, stack(0x0000003becc00000,0x0000003becd00000)]


Current CompileTask:
C2:  13564 7658       4       org.objectweb.asm.Frame::execute (2318 bytes)

Stack: [0x0000003becc00000,0x0000003becd00000]
Native frames: (J=compiled Java code, j=interpreted, Vv=VM code, C=native code)
V  [jvm.dll+0x6734ea]
V  [jvm.dll+0x7d18f4]
V  [jvm.dll+0x7d309e]
V  [jvm.dll+0x7d3703]
V  [jvm.dll+0x2433c5]
V  [jvm.dll+0xaa46b]
V  [jvm.dll+0xaaa0c]
V  [jvm.dll+0x35eb2e]
V  [jvm.dll+0x329401]
V  [jvm.dll+0x32889a]
V  [jvm.dll+0x215ddf]
V  [jvm.dll+0x215211]
V  [jvm.dll+0x1a1730]
V  [jvm.dll+0x224b6e]
V  [jvm.dll+0x222f15]
V  [jvm.dll+0x78753c]
V  [jvm.dll+0x781a7a]
V  [jvm.dll+0x672375]
C  [ucrtbase.dll+0x21bb2]
C  [KERNEL32.DLL+0x17604]
C  [ntdll.dll+0x526a1]


---------------  P R O C E S S  ---------------

Threads class SMR info:
_java_thread_list=0x000001ca00b6e3c0, length=59, elements={
0x000001ca5eadc2b0, 0x000001ca7aa209c0, 0x000001ca7aa21740, 0x000001ca7aa39310,
0x000001ca7aa3ade0, 0x000001ca7aa3d6b0, 0x000001ca7aa3ff80, 0x000001ca7aa40b70,
0x000001ca7aa42480, 0x000001ca7aa506a0, 0x000001ca7b4bedb0, 0x000001ca7b4c65e0,
0x000001ca7d77cee0, 0x000001ca7d250270, 0x000001ca7c3a5730, 0x000001ca7d467720,
0x000001ca7da43480, 0x000001ca7d41b2b0, 0x000001ca7d41b780, 0x000001ca7d94d740,
0x000001ca7d94ea80, 0x000001ca7d94ef50, 0x000001ca7d94f420, 0x000001ca7d94dc10,
0x000001ca7d94f8f0, 0x000001ca7d94fdc0, 0x000001ca7d94e0e0, 0x000001ca7d94c8d0,
0x000001ca7d94e5b0, 0x000001ca7d94c400, 0x000001ca7d94cda0, 0x000001ca7d94d270,
0x000001ca7f8fc430, 0x000001ca7f900790, 0x000001ca7f8fa280, 0x000001ca7f8ff920,
0x000001ca7f8fbf60, 0x000001ca7f8f9db0, 0x000001ca7f8fcdd0, 0x000001ca7f8fd2a0,
0x000001ca7f8fd770, 0x000001ca7f8fba90, 0x000001ca7f9002c0, 0x000001ca7f8feab0,
0x000001ca7f8fef80, 0x000001ca7f8fdc40, 0x000001ca7f8fe110, 0x000001ca7f8ff450,
0x000001ca7f8ffdf0, 0x000001ca7f8f8f40, 0x000001ca7f8f9410, 0x000001ca7f8f98e0,
0x000001ca7c24f360, 0x000001ca7c2497f0, 0x000001ca7c24cce0, 0x000001ca7c24e020,
0x000001ca7c24f830, 0x000001ca7ccdcd40, 0x000001ca7c24e4f0
}

Java Threads: ( => current thread )
  0x000001ca5eadc2b0 JavaThread "main" [_thread_blocked, id=14248, stack(0x0000003be8700000,0x0000003be8800000)]
  0x000001ca7aa209c0 JavaThread "Reference Handler" daemon [_thread_blocked, id=12736, stack(0x0000003be8e00000,0x0000003be8f00000)]
  0x000001ca7aa21740 JavaThread "Finalizer" daemon [_thread_blocked, id=776, stack(0x0000003be8f00000,0x0000003be9000000)]
  0x000001ca7aa39310 JavaThread "Signal Dispatcher" daemon [_thread_blocked, id=3580, stack(0x0000003be9000000,0x0000003be9100000)]
  0x000001ca7aa3ade0 JavaThread "Attach Listener" daemon [_thread_blocked, id=2032, stack(0x0000003be9100000,0x0000003be9200000)]
  0x000001ca7aa3d6b0 JavaThread "Service Thread" daemon [_thread_blocked, id=13024, stack(0x0000003be9200000,0x0000003be9300000)]
  0x000001ca7aa3ff80 JavaThread "Monitor Deflation Thread" daemon [_thread_blocked, id=11444, stack(0x0000003be9300000,0x0000003be9400000)]
  0x000001ca7aa40b70 JavaThread "C2 CompilerThread0" daemon [_thread_blocked, id=2508, stack(0x0000003be9400000,0x0000003be9500000)]
  0x000001ca7aa42480 JavaThread "C1 CompilerThread0" daemon [_thread_blocked, id=2612, stack(0x0000003be9500000,0x0000003be9600000)]
  0x000001ca7aa506a0 JavaThread "Sweeper thread" daemon [_thread_blocked, id=10684, stack(0x0000003be9600000,0x0000003be9700000)]
  0x000001ca7b4bedb0 JavaThread "Common-Cleaner" daemon [_thread_blocked, id=7776, stack(0x0000003be9700000,0x0000003be9800000)]
  0x000001ca7b4c65e0 JavaThread "Notification Thread" daemon [_thread_blocked, id=9936, stack(0x0000003be9800000,0x0000003be9900000)]
  0x000001ca7d77cee0 JavaThread "Daemon health stats" [_thread_blocked, id=5160, stack(0x0000003be9e00000,0x0000003be9f00000)]
  0x000001ca7d250270 JavaThread "Incoming local TCP Connector on port 58716" [_thread_in_native, id=13516, stack(0x0000003be9f00000,0x0000003bea000000)]
  0x000001ca7c3a5730 JavaThread "Daemon periodic checks" [_thread_blocked, id=13392, stack(0x0000003bea000000,0x0000003bea100000)]
  0x000001ca7d467720 JavaThread "Daemon" [_thread_blocked, id=12648, stack(0x0000003bea100000,0x0000003bea200000)]
  0x000001ca7da43480 JavaThread "Handler for socket connection from /127.0.0.1:58716 to /127.0.0.1:58717" [_thread_in_native, id=12176, stack(0x0000003bea200000,0x0000003bea300000)]
  0x000001ca7d41b2b0 JavaThread "Cancel handler" [_thread_blocked, id=1988, stack(0x0000003bea300000,0x0000003bea400000)]
  0x000001ca7d41b780 JavaThread "Daemon worker" [_thread_in_vm, id=14172, stack(0x0000003bea400000,0x0000003bea500000)]
  0x000001ca7d94d740 JavaThread "Asynchronous log dispatcher for DefaultDaemonConnection: socket connection from /127.0.0.1:58716 to /127.0.0.1:58717" [_thread_blocked, id=12644, stack(0x0000003bea500000,0x0000003bea600000)]
  0x000001ca7d94ea80 JavaThread "Stdin handler" [_thread_blocked, id=12380, stack(0x0000003bea600000,0x0000003bea700000)]
  0x000001ca7d94ef50 JavaThread "Daemon client event forwarder" [_thread_blocked, id=10404, stack(0x0000003bea700000,0x0000003bea800000)]
  0x000001ca7d94f420 JavaThread "Cache worker for journal cache (C:\Users\RAFAEL\.gradle\caches\journal-1)" [_thread_blocked, id=12772, stack(0x0000003bea800000,0x0000003bea900000)]
  0x000001ca7d94dc10 JavaThread "File lock request listener" [_thread_in_native, id=13756, stack(0x0000003bea900000,0x0000003beaa00000)]
  0x000001ca7d94f8f0 JavaThread "Cache worker for file hash cache (C:\Users\RAFAEL\.gradle\caches\7.6.1\fileHashes)" [_thread_blocked, id=6764, stack(0x0000003beaa00000,0x0000003beab00000)]
  0x000001ca7d94fdc0 JavaThread "File watcher server" daemon [_thread_in_native, id=10496, stack(0x0000003beab00000,0x0000003beac00000)]
  0x000001ca7d94e0e0 JavaThread "File watcher consumer" daemon [_thread_blocked, id=14264, stack(0x0000003beac00000,0x0000003bead00000)]
  0x000001ca7d94c8d0 JavaThread "Cache worker for checksums cache (D:\Escritorio\parcial1procesoscrud\.gradle\7.6.1\checksums)" [_thread_blocked, id=11232, stack(0x0000003bead00000,0x0000003beae00000)]
  0x000001ca7d94e5b0 JavaThread "Cache worker for cache directory md-rule (C:\Users\RAFAEL\.gradle\caches\7.6.1\md-rule)" [_thread_blocked, id=12168, stack(0x0000003beae00000,0x0000003beaf00000)]
  0x000001ca7d94c400 JavaThread "Cache worker for file content cache (C:\Users\RAFAEL\.gradle\caches\7.6.1\fileContent)" [_thread_blocked, id=13340, stack(0x0000003beaf00000,0x0000003beb000000)]
  0x000001ca7d94cda0 JavaThread "Cache worker for file hash cache (D:\Escritorio\parcial1procesoscrud\.gradle\7.6.1\fileHashes)" [_thread_blocked, id=8056, stack(0x0000003beb000000,0x0000003beb100000)]
  0x000001ca7d94d270 JavaThread "Cache worker for cache directory md-supplier (C:\Users\RAFAEL\.gradle\caches\7.6.1\md-supplier)" [_thread_blocked, id=11064, stack(0x0000003beb100000,0x0000003beb200000)]
  0x000001ca7f8fc430 JavaThread "Cache worker for execution history cache (C:\Users\RAFAEL\.gradle\caches\7.6.1\executionHistory)" [_thread_blocked, id=1020, stack(0x0000003beb200000,0x0000003beb300000)]
  0x000001ca7f900790 JavaThread "jar transforms" [_thread_blocked, id=808, stack(0x0000003beb300000,0x0000003beb400000)]
  0x000001ca7f8fa280 JavaThread "jar transforms Thread 2" [_thread_blocked, id=14156, stack(0x0000003beb400000,0x0000003beb500000)]
  0x000001ca7f8ff920 JavaThread "jar transforms Thread 3" [_thread_blocked, id=1052, stack(0x0000003beb600000,0x0000003beb700000)]
  0x000001ca7f8fbf60 JavaThread "jar transforms Thread 4" [_thread_blocked, id=8904, stack(0x0000003beb700000,0x0000003beb800000)]
  0x000001ca7f8f9db0 JavaThread "Cache worker for dependencies-accessors (D:\Escritorio\parcial1procesoscrud\.gradle\7.6.1\dependencies-accessors)" [_thread_blocked, id=13788, stack(0x0000003beb800000,0x0000003beb900000)]
  0x000001ca7f8fcdd0 JavaThread "Cache worker for Build Output Cleanup Cache (D:\Escritorio\parcial1procesoscrud\.gradle\buildOutputCleanup)" [_thread_blocked, id=12476, stack(0x0000003beb900000,0x0000003beba00000)]
  0x000001ca7f8fd2a0 JavaThread "Unconstrained build operations" [_thread_blocked, id=12116, stack(0x0000003be9a00000,0x0000003be9b00000)]
  0x000001ca7f8fd770 JavaThread "Unconstrained build operations Thread 2" [_thread_blocked, id=5208, stack(0x0000003bebb00000,0x0000003bebc00000)]
  0x000001ca7f8fba90 JavaThread "Unconstrained build operations Thread 3" [_thread_blocked, id=8200, stack(0x0000003bebc00000,0x0000003bebd00000)]
  0x000001ca7f9002c0 JavaThread "Unconstrained build operations Thread 4" [_thread_blocked, id=11192, stack(0x0000003bebd00000,0x0000003bebe00000)]
  0x000001ca7f8feab0 JavaThread "Unconstrained build operations Thread 5" [_thread_blocked, id=3884, stack(0x0000003bebe00000,0x0000003bebf00000)]
  0x000001ca7f8fef80 JavaThread "Unconstrained build operations Thread 6" [_thread_blocked, id=7012, stack(0x0000003bebf00000,0x0000003bec000000)]
  0x000001ca7f8fdc40 JavaThread "Unconstrained build operations Thread 7" [_thread_blocked, id=9556, stack(0x0000003bec000000,0x0000003bec100000)]
  0x000001ca7f8fe110 JavaThread "Unconstrained build operations Thread 8" [_thread_blocked, id=13352, stack(0x0000003bec100000,0x0000003bec200000)]
  0x000001ca7f8ff450 JavaThread "Unconstrained build operations Thread 9" [_thread_blocked, id=10676, stack(0x0000003bec200000,0x0000003bec300000)]
  0x000001ca7f8ffdf0 JavaThread "Unconstrained build operations Thread 10" [_thread_blocked, id=13156, stack(0x0000003bec300000,0x0000003bec400000)]
  0x000001ca7f8f8f40 JavaThread "Unconstrained build operations Thread 11" [_thread_blocked, id=8720, stack(0x0000003bec400000,0x0000003bec500000)]
  0x000001ca7f8f9410 JavaThread "Unconstrained build operations Thread 12" [_thread_blocked, id=10708, stack(0x0000003bec500000,0x0000003bec600000)]
  0x000001ca7f8f98e0 JavaThread "Unconstrained build operations Thread 13" [_thread_blocked, id=13036, stack(0x0000003bec600000,0x0000003bec700000)]
  0x000001ca7c24f360 JavaThread "Unconstrained build operations Thread 14" [_thread_blocked, id=9660, stack(0x0000003bec700000,0x0000003bec800000)]
  0x000001ca7c2497f0 JavaThread "Unconstrained build operations Thread 15" [_thread_blocked, id=10296, stack(0x0000003bec800000,0x0000003bec900000)]
  0x000001ca7c24cce0 JavaThread "Unconstrained build operations Thread 16" [_thread_blocked, id=1624, stack(0x0000003bec900000,0x0000003beca00000)]
  0x000001ca7c24e020 JavaThread "Unconstrained build operations Thread 17" [_thread_blocked, id=8444, stack(0x0000003beca00000,0x0000003becb00000)]
  0x000001ca7c24f830 JavaThread "Unconstrained build operations Thread 18" [_thread_blocked, id=13648, stack(0x0000003becb00000,0x0000003becc00000)]
=>0x000001ca7ccdcd40 JavaThread "C2 CompilerThread1" daemon [_thread_in_native, id=14056, stack(0x0000003becc00000,0x0000003becd00000)]
  0x000001ca7c24e4f0 JavaThread "Memory manager" [_thread_blocked, id=11164, stack(0x0000003becd00000,0x0000003bece00000)]

Other Threads:
  0x000001ca7aa1beb0 VMThread "VM Thread" [stack: 0x0000003be8d00000,0x0000003be8e00000] [id=6916]
  0x000001ca7b4c83f0 WatcherThread [stack: 0x0000003be9900000,0x0000003be9a00000] [id=5816]
  0x000001ca5eb0a740 GCTaskThread "GC Thread#0" [stack: 0x0000003be8800000,0x0000003be8900000] [id=10252]
  0x000001ca7bcc03a0 GCTaskThread "GC Thread#1" [stack: 0x0000003be9b00000,0x0000003be9c00000] [id=12960]
  0x000001ca7b8e28f0 GCTaskThread "GC Thread#2" [stack: 0x0000003be9c00000,0x0000003be9d00000] [id=6636]
  0x000001ca7b8e2ba0 GCTaskThread "GC Thread#3" [stack: 0x0000003be9d00000,0x0000003be9e00000] [id=14096]
  0x000001ca5eb115b0 ConcurrentGCThread "G1 Main Marker" [stack: 0x0000003be8900000,0x0000003be8a00000] [id=1608]
  0x000001ca5eb13680 ConcurrentGCThread "G1 Conc#0" [stack: 0x0000003be8a00000,0x0000003be8b00000] [id=3820]
  0x000001ca7a8e40c0 ConcurrentGCThread "G1 Refine#0" [stack: 0x0000003be8b00000,0x0000003be8c00000] [id=2712]
  0x000001ca7de3d740 ConcurrentGCThread "G1 Refine#1" [stack: 0x0000003beb500000,0x0000003beb600000] [id=5720]
  0x000001ca00c31650 ConcurrentGCThread "G1 Refine#2" [stack: 0x0000003bece00000,0x0000003becf00000] [id=11248]
  0x000001ca7a8e49f0 ConcurrentGCThread "G1 Service" [stack: 0x0000003be8c00000,0x0000003be8d00000] [id=10916]

Threads with active compile tasks:
C2 CompilerThread1    13605 7658       4       org.objectweb.asm.Frame::execute (2318 bytes)

VM state: not at safepoint (normal execution)

VM Mutex/Monitor currently owned by a thread: None

Heap address: 0x00000000e0000000, size: 512 MB, Compressed Oops mode: 32-bit

CDS archive(s) mapped at: [0x0000000800000000-0x0000000800bd0000-0x0000000800bd0000), size 12386304, SharedBaseAddress: 0x0000000800000000, ArchiveRelocationMode: 0.
Compressed class space mapped at: 0x0000000800c00000-0x000000080dc00000, reserved size: 218103808
Narrow klass base: 0x0000000800000000, Narrow klass shift: 0, Narrow klass range: 0x100000000

GC Precious Log:
 CPUs: 4 total, 4 available
 Memory: 8134M
 Large Page Support: Disabled
 NUMA Support: Disabled
 Compressed Oops: Enabled (32-bit)
 Heap Region Size: 1M
 Heap Min Capacity: 256M
 Heap Initial Capacity: 256M
 Heap Max Capacity: 512M
 Pre-touch: Disabled
 Parallel Workers: 4
 Concurrent Workers: 1
 Concurrent Refinement Workers: 4
 Periodic GC: Disabled

Heap:
 garbage-first heap   total 262144K, used 90872K [0x00000000e0000000, 0x0000000100000000)
  region size 1024K, 62 young (63488K), 20 survivors (20480K)
 Metaspace       used 58875K, committed 59392K, reserved 270336K
  class space    used 8103K, committed 8384K, reserved 212992K

Heap Regions: E=young(eden), S=young(survivor), O=old, HS=humongous(starts), HC=humongous(continues), CS=collection set, F=free, OA=open archive, CA=closed archive, TAMS=top-at-mark-start (previous, next)
|   0|0x00000000e0000000, 0x00000000e0100000, 0x00000000e0100000|100%| O|  |TAMS 0x00000000e0100000, 0x00000000e0000000| Untracked 
|   1|0x00000000e0100000, 0x00000000e0200000, 0x00000000e0200000|100%| O|  |TAMS 0x00000000e0200000, 0x00000000e0100000| Untracked 
|   2|0x00000000e0200000, 0x00000000e0300000, 0x00000000e0300000|100%|HS|  |TAMS 0x00000000e0300000, 0x00000000e0200000| Complete 
|   3|0x00000000e0300000, 0x00000000e0400000, 0x00000000e0400000|100%|HC|  |TAMS 0x00000000e0400000, 0x00000000e0300000| Complete 
|   4|0x00000000e0400000, 0x00000000e0500000, 0x00000000e0500000|100%|HC|  |TAMS 0x00000000e0500000, 0x00000000e0400000| Complete 
|   5|0x00000000e0500000, 0x00000000e0600000, 0x00000000e0600000|100%| O|  |TAMS 0x00000000e0600000, 0x00000000e0500000| Untracked 
|   6|0x00000000e0600000, 0x00000000e0700000, 0x00000000e0700000|100%| O|  |TAMS 0x00000000e0700000, 0x00000000e0600000| Untracked 
|   7|0x00000000e0700000, 0x00000000e0800000, 0x00000000e0800000|100%| O|  |TAMS 0x00000000e0700000, 0x00000000e0700000| Untracked 
|   8|0x00000000e0800000, 0x00000000e0900000, 0x00000000e0900000|100%| O|  |TAMS 0x00000000e0900000, 0x00000000e0800000| Untracked 
|   9|0x00000000e0900000, 0x00000000e0a00000, 0x00000000e0a00000|100%| O|  |TAMS 0x00000000e0a00000, 0x00000000e0900000| Untracked 
|  10|0x00000000e0a00000, 0x00000000e0b00000, 0x00000000e0b00000|100%| O|  |TAMS 0x00000000e0b00000, 0x00000000e0a00000| Untracked 
|  11|0x00000000e0b00000, 0x00000000e0c00000, 0x00000000e0c00000|100%| O|  |TAMS 0x00000000e0b00000, 0x00000000e0b00000| Untracked 
|  12|0x00000000e0c00000, 0x00000000e0d00000, 0x00000000e0d00000|100%| O|  |TAMS 0x00000000e0c00000, 0x00000000e0c00000| Untracked 
|  13|0x00000000e0d00000, 0x00000000e0e00000, 0x00000000e0e00000|100%| O|  |TAMS 0x00000000e0e00000, 0x00000000e0d00000| Untracked 
|  14|0x00000000e0e00000, 0x00000000e0f00000, 0x00000000e0f00000|100%| O|  |TAMS 0x00000000e0f00000, 0x00000000e0e00000| Untracked 
|  15|0x00000000e0f00000, 0x00000000e1000000, 0x00000000e1000000|100%| O|  |TAMS 0x00000000e1000000, 0x00000000e0f00000| Untracked 
|  16|0x00000000e1000000, 0x00000000e1100000, 0x00000000e1100000|100%| O|  |TAMS 0x00000000e1100000, 0x00000000e1000000| Untracked 
|  17|0x00000000e1100000, 0x00000000e1200000, 0x00000000e1200000|100%| O|  |TAMS 0x00000000e1200000, 0x00000000e1100000| Untracked 
|  18|0x00000000e1200000, 0x00000000e1300000, 0x00000000e1300000|100%| O|  |TAMS 0x00000000e1300000, 0x00000000e1200000| Untracked 
|  19|0x00000000e1300000, 0x00000000e1400000, 0x00000000e1400000|100%| O|  |TAMS 0x00000000e1400000, 0x00000000e1300000| Untracked 
|  20|0x00000000e1400000, 0x00000000e1500000, 0x00000000e1500000|100%| O|  |TAMS 0x00000000e1500000, 0x00000000e1400000| Untracked 
|  21|0x00000000e1500000, 0x00000000e1600000, 0x00000000e1600000|100%| O|  |TAMS 0x00000000e1600000, 0x00000000e1500000| Untracked 
|  22|0x00000000e1600000, 0x00000000e1700000, 0x00000000e1700000|100%| O|  |TAMS 0x00000000e16af800, 0x00000000e1600000| Untracked 
|  23|0x00000000e1700000, 0x00000000e1800000, 0x00000000e1800000|100%| O|  |TAMS 0x00000000e1700000, 0x00000000e1700000| Untracked 
|  24|0x00000000e1800000, 0x00000000e1900000, 0x00000000e1900000|100%| O|  |TAMS 0x00000000e1800000, 0x00000000e1800000| Untracked 
|  25|0x00000000e1900000, 0x00000000e1a00000, 0x00000000e1a00000|100%| O|  |TAMS 0x00000000e1900000, 0x00000000e1900000| Untracked 
|  26|0x00000000e1a00000, 0x00000000e1b00000, 0x00000000e1b00000|100%| O|  |TAMS 0x00000000e1a00000, 0x00000000e1a00000| Untracked 
|  27|0x00000000e1b00000, 0x00000000e1bc5800, 0x00000000e1c00000| 77%| O|  |TAMS 0x00000000e1b00000, 0x00000000e1b00000| Untracked 
|  28|0x00000000e1c00000, 0x00000000e1c00000, 0x00000000e1d00000|  0%| F|  |TAMS 0x00000000e1c00000, 0x00000000e1c00000| Untracked 
|  29|0x00000000e1d00000, 0x00000000e1d00000, 0x00000000e1e00000|  0%| F|  |TAMS 0x00000000e1d00000, 0x00000000e1d00000| Untracked 
|  30|0x00000000e1e00000, 0x00000000e1e00000, 0x00000000e1f00000|  0%| F|  |TAMS 0x00000000e1e00000, 0x00000000e1e00000| Untracked 
|  31|0x00000000e1f00000, 0x00000000e1f00000, 0x00000000e2000000|  0%| F|  |TAMS 0x00000000e1f00000, 0x00000000e1f00000| Untracked 
|  32|0x00000000e2000000, 0x00000000e2000000, 0x00000000e2100000|  0%| F|  |TAMS 0x00000000e2000000, 0x00000000e2000000| Untracked 
|  33|0x00000000e2100000, 0x00000000e2100000, 0x00000000e2200000|  0%| F|  |TAMS 0x00000000e2100000, 0x00000000e2100000| Untracked 
|  34|0x00000000e2200000, 0x00000000e2200000, 0x00000000e2300000|  0%| F|  |TAMS 0x00000000e2200000, 0x00000000e2200000| Untracked 
|  35|0x00000000e2300000, 0x00000000e2300000, 0x00000000e2400000|  0%| F|  |TAMS 0x00000000e2300000, 0x00000000e2300000| Untracked 
|  36|0x00000000e2400000, 0x00000000e2400000, 0x00000000e2500000|  0%| F|  |TAMS 0x00000000e2400000, 0x00000000e2400000| Untracked 
|  37|0x00000000e2500000, 0x00000000e2500000, 0x00000000e2600000|  0%| F|  |TAMS 0x00000000e2500000, 0x00000000e2500000| Untracked 
|  38|0x00000000e2600000, 0x00000000e2600000, 0x00000000e2700000|  0%| F|  |TAMS 0x00000000e2600000, 0x00000000e2600000| Untracked 
|  39|0x00000000e2700000, 0x00000000e2700000, 0x00000000e2800000|  0%| F|  |TAMS 0x00000000e2700000, 0x00000000e2700000| Untracked 
|  40|0x00000000e2800000, 0x00000000e2800000, 0x00000000e2900000|  0%| F|  |TAMS 0x00000000e2800000, 0x00000000e2800000| Untracked 
|  41|0x00000000e2900000, 0x00000000e2900000, 0x00000000e2a00000|  0%| F|  |TAMS 0x00000000e2900000, 0x00000000e2900000| Untracked 
|  42|0x00000000e2a00000, 0x00000000e2a00000, 0x00000000e2b00000|  0%| F|  |TAMS 0x00000000e2a00000, 0x00000000e2a00000| Untracked 
|  43|0x00000000e2b00000, 0x00000000e2b00000, 0x00000000e2c00000|  0%| F|  |TAMS 0x00000000e2b00000, 0x00000000e2b00000| Untracked 
|  44|0x00000000e2c00000, 0x00000000e2c00000, 0x00000000e2d00000|  0%| F|  |TAMS 0x00000000e2c00000, 0x00000000e2c00000| Untracked 
|  45|0x00000000e2d00000, 0x00000000e2d00000, 0x00000000e2e00000|  0%| F|  |TAMS 0x00000000e2d00000, 0x00000000e2d00000| Untracked 
|  46|0x00000000e2e00000, 0x00000000e2e00000, 0x00000000e2f00000|  0%| F|  |TAMS 0x00000000e2e00000, 0x00000000e2e00000| Untracked 
|  47|0x00000000e2f00000, 0x00000000e2f00000, 0x00000000e3000000|  0%| F|  |TAMS 0x00000000e2f00000, 0x00000000e2f00000| Untracked 
|  48|0x00000000e3000000, 0x00000000e3000000, 0x00000000e3100000|  0%| F|  |TAMS 0x00000000e3000000, 0x00000000e3000000| Untracked 
|  49|0x00000000e3100000, 0x00000000e3100000, 0x00000000e3200000|  0%| F|  |TAMS 0x00000000e3100000, 0x00000000e3100000| Untracked 
|  50|0x00000000e3200000, 0x00000000e3200000, 0x00000000e3300000|  0%| F|  |TAMS 0x00000000e3200000, 0x00000000e3200000| Untracked 
|  51|0x00000000e3300000, 0x00000000e3300000, 0x00000000e3400000|  0%| F|  |TAMS 0x00000000e3300000, 0x00000000e3300000| Untracked 
|  52|0x00000000e3400000, 0x00000000e3400000, 0x00000000e3500000|  0%| F|  |TAMS 0x00000000e3400000, 0x00000000e3400000| Untracked 
|  53|0x00000000e3500000, 0x00000000e3500000, 0x00000000e3600000|  0%| F|  |TAMS 0x00000000e3500000, 0x00000000e3500000| Untracked 
|  54|0x00000000e3600000, 0x00000000e3600000, 0x00000000e3700000|  0%| F|  |TAMS 0x00000000e3600000, 0x00000000e3600000| Untracked 
|  55|0x00000000e3700000, 0x00000000e3700000, 0x00000000e3800000|  0%| F|  |TAMS 0x00000000e3700000, 0x00000000e3700000| Untracked 
|  56|0x00000000e3800000, 0x00000000e3800000, 0x00000000e3900000|  0%| F|  |TAMS 0x00000000e3800000, 0x00000000e3800000| Untracked 
|  57|0x00000000e3900000, 0x00000000e3900000, 0x00000000e3a00000|  0%| F|  |TAMS 0x00000000e3900000, 0x00000000e3900000| Untracked 
|  58|0x00000000e3a00000, 0x00000000e3a00000, 0x00000000e3b00000|  0%| F|  |TAMS 0x00000000e3a00000, 0x00000000e3a00000| Untracked 
|  59|0x00000000e3b00000, 0x00000000e3b00000, 0x00000000e3c00000|  0%| F|  |TAMS 0x00000000e3b00000, 0x00000000e3b00000| Untracked 
|  60|0x00000000e3c00000, 0x00000000e3c00000, 0x00000000e3d00000|  0%| F|  |TAMS 0x00000000e3c00000, 0x00000000e3c00000| Untracked 
|  61|0x00000000e3d00000, 0x00000000e3d00000, 0x00000000e3e00000|  0%| F|  |TAMS 0x00000000e3d00000, 0x00000000e3d00000| Untracked 
|  62|0x00000000e3e00000, 0x00000000e3e00000, 0x00000000e3f00000|  0%| F|  |TAMS 0x00000000e3e00000, 0x00000000e3e00000| Untracked 
|  63|0x00000000e3f00000, 0x00000000e3f00000, 0x00000000e4000000|  0%| F|  |TAMS 0x00000000e3f00000, 0x00000000e3f00000| Untracked 
|  64|0x00000000e4000000, 0x00000000e4000000, 0x00000000e4100000|  0%| F|  |TAMS 0x00000000e4000000, 0x00000000e4000000| Untracked 
|  65|0x00000000e4100000, 0x00000000e4100000, 0x00000000e4200000|  0%| F|  |TAMS 0x00000000e4100000, 0x00000000e4100000| Untracked 
|  66|0x00000000e4200000, 0x00000000e4200000, 0x00000000e4300000|  0%| F|  |TAMS 0x00000000e4200000, 0x00000000e4200000| Untracked 
|  67|0x00000000e4300000, 0x00000000e4300000, 0x00000000e4400000|  0%| F|  |TAMS 0x00000000e4300000, 0x00000000e4300000| Untracked 
|  68|0x00000000e4400000, 0x00000000e4400000, 0x00000000e4500000|  0%| F|  |TAMS 0x00000000e4400000, 0x00000000e4400000| Untracked 
|  69|0x00000000e4500000, 0x00000000e4500000, 0x00000000e4600000|  0%| F|  |TAMS 0x00000000e4500000, 0x00000000e4500000| Untracked 
|  70|0x00000000e4600000, 0x00000000e4600000, 0x00000000e4700000|  0%| F|  |TAMS 0x00000000e4600000, 0x00000000e4600000| Untracked 
|  71|0x00000000e4700000, 0x00000000e4700000, 0x00000000e4800000|  0%| F|  |TAMS 0x00000000e4700000, 0x00000000e4700000| Untracked 
|  72|0x00000000e4800000, 0x00000000e4800000, 0x00000000e4900000|  0%| F|  |TAMS 0x00000000e4800000, 0x00000000e4800000| Untracked 
|  73|0x00000000e4900000, 0x00000000e4900000, 0x00000000e4a00000|  0%| F|  |TAMS 0x00000000e4900000, 0x00000000e4900000| Untracked 
|  74|0x00000000e4a00000, 0x00000000e4a00000, 0x00000000e4b00000|  0%| F|  |TAMS 0x00000000e4a00000, 0x00000000e4a00000| Untracked 
|  75|0x00000000e4b00000, 0x00000000e4b00000, 0x00000000e4c00000|  0%| F|  |TAMS 0x00000000e4b00000, 0x00000000e4b00000| Untracked 
|  76|0x00000000e4c00000, 0x00000000e4c00000, 0x00000000e4d00000|  0%| F|  |TAMS 0x00000000e4c00000, 0x00000000e4c00000| Untracked 
|  77|0x00000000e4d00000, 0x00000000e4d00000, 0x00000000e4e00000|  0%| F|  |TAMS 0x00000000e4d00000, 0x00000000e4d00000| Untracked 
|  78|0x00000000e4e00000, 0x00000000e4e00000, 0x00000000e4f00000|  0%| F|  |TAMS 0x00000000e4e00000, 0x00000000e4e00000| Untracked 
|  79|0x00000000e4f00000, 0x00000000e4f00000, 0x00000000e5000000|  0%| F|  |TAMS 0x00000000e4f00000, 0x00000000e4f00000| Untracked 
|  80|0x00000000e5000000, 0x00000000e5000000, 0x00000000e5100000|  0%| F|  |TAMS 0x00000000e5000000, 0x00000000e5000000| Untracked 
|  81|0x00000000e5100000, 0x00000000e5100000, 0x00000000e5200000|  0%| F|  |TAMS 0x00000000e5100000, 0x00000000e5100000| Untracked 
|  82|0x00000000e5200000, 0x00000000e5200000, 0x00000000e5300000|  0%| F|  |TAMS 0x00000000e5200000, 0x00000000e5200000| Untracked 
|  83|0x00000000e5300000, 0x00000000e53f88e0, 0x00000000e5400000| 97%| S|CS|TAMS 0x00000000e5300000, 0x00000000e5300000| Complete 
|  84|0x00000000e5400000, 0x00000000e5500000, 0x00000000e5500000|100%| S|CS|TAMS 0x00000000e5400000, 0x00000000e5400000| Complete 
|  85|0x00000000e5500000, 0x00000000e5600000, 0x00000000e5600000|100%| S|CS|TAMS 0x00000000e5500000, 0x00000000e5500000| Complete 
|  86|0x00000000e5600000, 0x00000000e5700000, 0x00000000e5700000|100%| S|CS|TAMS 0x00000000e5600000, 0x00000000e5600000| Complete 
|  87|0x00000000e5700000, 0x00000000e5800000, 0x00000000e5800000|100%| S|CS|TAMS 0x00000000e5700000, 0x00000000e5700000| Complete 
|  88|0x00000000e5800000, 0x00000000e5900000, 0x00000000e5900000|100%| S|CS|TAMS 0x00000000e5800000, 0x00000000e5800000| Complete 
|  89|0x00000000e5900000, 0x00000000e5a00000, 0x00000000e5a00000|100%| S|CS|TAMS 0x00000000e5900000, 0x00000000e5900000| Complete 
|  90|0x00000000e5a00000, 0x00000000e5b00000, 0x00000000e5b00000|100%| S|CS|TAMS 0x00000000e5a00000, 0x00000000e5a00000| Complete 
|  91|0x00000000e5b00000, 0x00000000e5c00000, 0x00000000e5c00000|100%| S|CS|TAMS 0x00000000e5b00000, 0x00000000e5b00000| Complete 
|  92|0x00000000e5c00000, 0x00000000e5d00000, 0x00000000e5d00000|100%| S|CS|TAMS 0x00000000e5c00000, 0x00000000e5c00000| Complete 
|  93|0x00000000e5d00000, 0x00000000e5e00000, 0x00000000e5e00000|100%| S|CS|TAMS 0x00000000e5d00000, 0x00000000e5d00000| Complete 
|  94|0x00000000e5e00000, 0x00000000e5f00000, 0x00000000e5f00000|100%| S|CS|TAMS 0x00000000e5e00000, 0x00000000e5e00000| Complete 
|  95|0x00000000e5f00000, 0x00000000e6000000, 0x00000000e6000000|100%| S|CS|TAMS 0x00000000e5f00000, 0x00000000e5f00000| Complete 
|  96|0x00000000e6000000, 0x00000000e6100000, 0x00000000e6100000|100%| S|CS|TAMS 0x00000000e6000000, 0x00000000e6000000| Complete 
|  97|0x00000000e6100000, 0x00000000e6200000, 0x00000000e6200000|100%| S|CS|TAMS 0x00000000e6100000, 0x00000000e6100000| Complete 
|  98|0x00000000e6200000, 0x00000000e6300000, 0x00000000e6300000|100%| S|CS|TAMS 0x00000000e6200000, 0x00000000e6200000| Complete 
|  99|0x00000000e6300000, 0x00000000e6400000, 0x00000000e6400000|100%| S|CS|TAMS 0x00000000e6300000, 0x00000000e6300000| Complete 
| 100|0x00000000e6400000, 0x00000000e6500000, 0x00000000e6500000|100%| S|CS|TAMS 0x00000000e6400000, 0x00000000e6400000| Complete 
| 101|0x00000000e6500000, 0x00000000e6600000, 0x00000000e6600000|100%| S|CS|TAMS 0x00000000e6500000, 0x00000000e6500000| Complete 
| 102|0x00000000e6600000, 0x00000000e6700000, 0x00000000e6700000|100%| S|CS|TAMS 0x00000000e6600000, 0x00000000e6600000| Complete 
| 103|0x00000000e6700000, 0x00000000e6700000, 0x00000000e6800000|  0%| F|  |TAMS 0x00000000e6700000, 0x00000000e6700000| Untracked 
| 104|0x00000000e6800000, 0x00000000e6800000, 0x00000000e6900000|  0%| F|  |TAMS 0x00000000e6800000, 0x00000000e6800000| Untracked 
| 105|0x00000000e6900000, 0x00000000e6900000, 0x00000000e6a00000|  0%| F|  |TAMS 0x00000000e6900000, 0x00000000e6900000| Untracked 
| 106|0x00000000e6a00000, 0x00000000e6a00000, 0x00000000e6b00000|  0%| F|  |TAMS 0x00000000e6a00000, 0x00000000e6a00000| Untracked 
| 107|0x00000000e6b00000, 0x00000000e6b00000, 0x00000000e6c00000|  0%| F|  |TAMS 0x00000000e6b00000, 0x00000000e6b00000| Untracked 
| 108|0x00000000e6c00000, 0x00000000e6c00000, 0x00000000e6d00000|  0%| F|  |TAMS 0x00000000e6c00000, 0x00000000e6c00000| Untracked 
| 109|0x00000000e6d00000, 0x00000000e6d00000, 0x00000000e6e00000|  0%| F|  |TAMS 0x00000000e6d00000, 0x00000000e6d00000| Untracked 
| 110|0x00000000e6e00000, 0x00000000e6e00000, 0x00000000e6f00000|  0%| F|  |TAMS 0x00000000e6e00000, 0x00000000e6e00000| Untracked 
| 111|0x00000000e6f00000, 0x00000000e6f00000, 0x00000000e7000000|  0%| F|  |TAMS 0x00000000e6f00000, 0x00000000e6f00000| Untracked 
| 112|0x00000000e7000000, 0x00000000e7000000, 0x00000000e7100000|  0%| F|  |TAMS 0x00000000e7000000, 0x00000000e7000000| Untracked 
| 113|0x00000000e7100000, 0x00000000e7100000, 0x00000000e7200000|  0%| F|  |TAMS 0x00000000e7100000, 0x00000000e7100000| Untracked 
| 114|0x00000000e7200000, 0x00000000e7200000, 0x00000000e7300000|  0%| F|  |TAMS 0x00000000e7200000, 0x00000000e7200000| Untracked 
| 115|0x00000000e7300000, 0x00000000e7300000, 0x00000000e7400000|  0%| F|  |TAMS 0x00000000e7300000, 0x00000000e7300000| Untracked 
| 116|0x00000000e7400000, 0x00000000e7400000, 0x00000000e7500000|  0%| F|  |TAMS 0x00000000e7400000, 0x00000000e7400000| Untracked 
| 117|0x00000000e7500000, 0x00000000e7500000, 0x00000000e7600000|  0%| F|  |TAMS 0x00000000e7500000, 0x00000000e7500000| Untracked 
| 118|0x00000000e7600000, 0x00000000e7600000, 0x00000000e7700000|  0%| F|  |TAMS 0x00000000e7600000, 0x00000000e7600000| Untracked 
| 119|0x00000000e7700000, 0x00000000e7700000, 0x00000000e7800000|  0%| F|  |TAMS 0x00000000e7700000, 0x00000000e7700000| Untracked 
| 120|0x00000000e7800000, 0x00000000e7800000, 0x00000000e7900000|  0%| F|  |TAMS 0x00000000e7800000, 0x00000000e7800000| Untracked 
| 121|0x00000000e7900000, 0x00000000e7900000, 0x00000000e7a00000|  0%| F|  |TAMS 0x00000000e7900000, 0x00000000e7900000| Untracked 
| 122|0x00000000e7a00000, 0x00000000e7a00000, 0x00000000e7b00000|  0%| F|  |TAMS 0x00000000e7a00000, 0x00000000e7a00000| Untracked 
| 123|0x00000000e7b00000, 0x00000000e7b00000, 0x00000000e7c00000|  0%| F|  |TAMS 0x00000000e7b00000, 0x00000000e7b00000| Untracked 
| 124|0x00000000e7c00000, 0x00000000e7c00000, 0x00000000e7d00000|  0%| F|  |TAMS 0x00000000e7c00000, 0x00000000e7c00000| Untracked 
| 125|0x00000000e7d00000, 0x00000000e7d00000, 0x00000000e7e00000|  0%| F|  |TAMS 0x00000000e7d00000, 0x00000000e7d00000| Untracked 
| 126|0x00000000e7e00000, 0x00000000e7e00000, 0x00000000e7f00000|  0%| F|  |TAMS 0x00000000e7e00000, 0x00000000e7e00000| Untracked 
| 127|0x00000000e7f00000, 0x00000000e7f00000, 0x00000000e8000000|  0%| F|  |TAMS 0x00000000e7f00000, 0x00000000e7f00000| Untracked 
| 128|0x00000000e8000000, 0x00000000e8000000, 0x00000000e8100000|  0%| F|  |TAMS 0x00000000e8000000, 0x00000000e8000000| Untracked 
| 129|0x00000000e8100000, 0x00000000e8100000, 0x00000000e8200000|  0%| F|  |TAMS 0x00000000e8100000, 0x00000000e8100000| Untracked 
| 130|0x00000000e8200000, 0x00000000e8200000, 0x00000000e8300000|  0%| F|  |TAMS 0x00000000e8200000, 0x00000000e8200000| Untracked 
| 131|0x00000000e8300000, 0x00000000e8300000, 0x00000000e8400000|  0%| F|  |TAMS 0x00000000e8300000, 0x00000000e8300000| Untracked 
| 132|0x00000000e8400000, 0x00000000e8400000, 0x00000000e8500000|  0%| F|  |TAMS 0x00000000e8400000, 0x00000000e8400000| Untracked 
| 133|0x00000000e8500000, 0x00000000e8500000, 0x00000000e8600000|  0%| F|  |TAMS 0x00000000e8500000, 0x00000000e8500000| Untracked 
| 134|0x00000000e8600000, 0x00000000e8600000, 0x00000000e8700000|  0%| F|  |TAMS 0x00000000e8600000, 0x00000000e8600000| Untracked 
| 135|0x00000000e8700000, 0x00000000e8700000, 0x00000000e8800000|  0%| F|  |TAMS 0x00000000e8700000, 0x00000000e8700000| Untracked 
| 136|0x00000000e8800000, 0x00000000e8800000, 0x00000000e8900000|  0%| F|  |TAMS 0x00000000e8800000, 0x00000000e8800000| Untracked 
| 137|0x00000000e8900000, 0x00000000e8900000, 0x00000000e8a00000|  0%| F|  |TAMS 0x00000000e8900000, 0x00000000e8900000| Untracked 
| 138|0x00000000e8a00000, 0x00000000e8a00000, 0x00000000e8b00000|  0%| F|  |TAMS 0x00000000e8a00000, 0x00000000e8a00000| Untracked 
| 139|0x00000000e8b00000, 0x00000000e8b00000, 0x00000000e8c00000|  0%| F|  |TAMS 0x00000000e8b00000, 0x00000000e8b00000| Untracked 
| 140|0x00000000e8c00000, 0x00000000e8c00000, 0x00000000e8d00000|  0%| F|  |TAMS 0x00000000e8c00000, 0x00000000e8c00000| Untracked 
| 141|0x00000000e8d00000, 0x00000000e8d00000, 0x00000000e8e00000|  0%| F|  |TAMS 0x00000000e8d00000, 0x00000000e8d00000| Untracked 
| 142|0x00000000e8e00000, 0x00000000e8e00000, 0x00000000e8f00000|  0%| F|  |TAMS 0x00000000e8e00000, 0x00000000e8e00000| Untracked 
| 143|0x00000000e8f00000, 0x00000000e8f00000, 0x00000000e9000000|  0%| F|  |TAMS 0x00000000e8f00000, 0x00000000e8f00000| Untracked 
| 144|0x00000000e9000000, 0x00000000e9000000, 0x00000000e9100000|  0%| F|  |TAMS 0x00000000e9000000, 0x00000000e9000000| Untracked 
| 145|0x00000000e9100000, 0x00000000e9100000, 0x00000000e9200000|  0%| F|  |TAMS 0x00000000e9100000, 0x00000000e9100000| Untracked 
| 146|0x00000000e9200000, 0x00000000e9200000, 0x00000000e9300000|  0%| F|  |TAMS 0x00000000e9200000, 0x00000000e9200000| Untracked 
| 147|0x00000000e9300000, 0x00000000e9300000, 0x00000000e9400000|  0%| F|  |TAMS 0x00000000e9300000, 0x00000000e9300000| Untracked 
| 148|0x00000000e9400000, 0x00000000e9400000, 0x00000000e9500000|  0%| F|  |TAMS 0x00000000e9400000, 0x00000000e9400000| Untracked 
| 149|0x00000000e9500000, 0x00000000e9500000, 0x00000000e9600000|  0%| F|  |TAMS 0x00000000e9500000, 0x00000000e9500000| Untracked 
| 150|0x00000000e9600000, 0x00000000e9600000, 0x00000000e9700000|  0%| F|  |TAMS 0x00000000e9600000, 0x00000000e9600000| Untracked 
| 151|0x00000000e9700000, 0x00000000e9700000, 0x00000000e9800000|  0%| F|  |TAMS 0x00000000e9700000, 0x00000000e9700000| Untracked 
| 152|0x00000000e9800000, 0x00000000e9800000, 0x00000000e9900000|  0%| F|  |TAMS 0x00000000e9800000, 0x00000000e9800000| Untracked 
| 153|0x00000000e9900000, 0x00000000e9900000, 0x00000000e9a00000|  0%| F|  |TAMS 0x00000000e9900000, 0x00000000e9900000| Untracked 
| 154|0x00000000e9a00000, 0x00000000e9a00000, 0x00000000e9b00000|  0%| F|  |TAMS 0x00000000e9a00000, 0x00000000e9a00000| Untracked 
| 155|0x00000000e9b00000, 0x00000000e9b00000, 0x00000000e9c00000|  0%| F|  |TAMS 0x00000000e9b00000, 0x00000000e9b00000| Untracked 
| 156|0x00000000e9c00000, 0x00000000e9c00000, 0x00000000e9d00000|  0%| F|  |TAMS 0x00000000e9c00000, 0x00000000e9c00000| Untracked 
| 157|0x00000000e9d00000, 0x00000000e9d00000, 0x00000000e9e00000|  0%| F|  |TAMS 0x00000000e9d00000, 0x00000000e9d00000| Untracked 
| 158|0x00000000e9e00000, 0x00000000e9e00000, 0x00000000e9f00000|  0%| F|  |TAMS 0x00000000e9e00000, 0x00000000e9e00000| Untracked 
| 159|0x00000000e9f00000, 0x00000000e9f00000, 0x00000000ea000000|  0%| F|  |TAMS 0x00000000e9f00000, 0x00000000e9f00000| Untracked 
| 160|0x00000000ea000000, 0x00000000ea000000, 0x00000000ea100000|  0%| F|  |TAMS 0x00000000ea000000, 0x00000000ea000000| Untracked 
| 161|0x00000000ea100000, 0x00000000ea100000, 0x00000000ea200000|  0%| F|  |TAMS 0x00000000ea100000, 0x00000000ea100000| Untracked 
| 162|0x00000000ea200000, 0x00000000ea200000, 0x00000000ea300000|  0%| F|  |TAMS 0x00000000ea200000, 0x00000000ea200000| Untracked 
| 163|0x00000000ea300000, 0x00000000ea300000, 0x00000000ea400000|  0%| F|  |TAMS 0x00000000ea300000, 0x00000000ea300000| Untracked 
| 164|0x00000000ea400000, 0x00000000ea400000, 0x00000000ea500000|  0%| F|  |TAMS 0x00000000ea400000, 0x00000000ea400000| Untracked 
| 165|0x00000000ea500000, 0x00000000ea500000, 0x00000000ea600000|  0%| F|  |TAMS 0x00000000ea500000, 0x00000000ea500000| Untracked 
| 166|0x00000000ea600000, 0x00000000ea600000, 0x00000000ea700000|  0%| F|  |TAMS 0x00000000ea600000, 0x00000000ea600000| Untracked 
| 167|0x00000000ea700000, 0x00000000ea700000, 0x00000000ea800000|  0%| F|  |TAMS 0x00000000ea700000, 0x00000000ea700000| Untracked 
| 168|0x00000000ea800000, 0x00000000ea800000, 0x00000000ea900000|  0%| F|  |TAMS 0x00000000ea800000, 0x00000000ea800000| Untracked 
| 169|0x00000000ea900000, 0x00000000ea900000, 0x00000000eaa00000|  0%| F|  |TAMS 0x00000000ea900000, 0x00000000ea900000| Untracked 
| 170|0x00000000eaa00000, 0x00000000eaa00000, 0x00000000eab00000|  0%| F|  |TAMS 0x00000000eaa00000, 0x00000000eaa00000| Untracked 
| 171|0x00000000eab00000, 0x00000000eab00000, 0x00000000eac00000|  0%| F|  |TAMS 0x00000000eab00000, 0x00000000eab00000| Untracked 
| 172|0x00000000eac00000, 0x00000000eac00000, 0x00000000ead00000|  0%| F|  |TAMS 0x00000000eac00000, 0x00000000eac00000| Untracked 
| 173|0x00000000ead00000, 0x00000000ead00000, 0x00000000eae00000|  0%| F|  |TAMS 0x00000000ead00000, 0x00000000ead00000| Untracked 
| 174|0x00000000eae00000, 0x00000000eae00000, 0x00000000eaf00000|  0%| F|  |TAMS 0x00000000eae00000, 0x00000000eae00000| Untracked 
| 175|0x00000000eaf00000, 0x00000000eaf00000, 0x00000000eb000000|  0%| F|  |TAMS 0x00000000eaf00000, 0x00000000eaf00000| Untracked 
| 176|0x00000000eb000000, 0x00000000eb000000, 0x00000000eb100000|  0%| F|  |TAMS 0x00000000eb000000, 0x00000000eb000000| Untracked 
| 177|0x00000000eb100000, 0x00000000eb100000, 0x00000000eb200000|  0%| F|  |TAMS 0x00000000eb100000, 0x00000000eb100000| Untracked 
| 178|0x00000000eb200000, 0x00000000eb200000, 0x00000000eb300000|  0%| F|  |TAMS 0x00000000eb200000, 0x00000000eb200000| Untracked 
| 179|0x00000000eb300000, 0x00000000eb300000, 0x00000000eb400000|  0%| F|  |TAMS 0x00000000eb300000, 0x00000000eb300000| Untracked 
| 180|0x00000000eb400000, 0x00000000eb400000, 0x00000000eb500000|  0%| F|  |TAMS 0x00000000eb400000, 0x00000000eb400000| Untracked 
| 181|0x00000000eb500000, 0x00000000eb500000, 0x00000000eb600000|  0%| F|  |TAMS 0x00000000eb500000, 0x00000000eb500000| Untracked 
| 182|0x00000000eb600000, 0x00000000eb600000, 0x00000000eb700000|  0%| F|  |TAMS 0x00000000eb600000, 0x00000000eb600000| Untracked 
| 183|0x00000000eb700000, 0x00000000eb700000, 0x00000000eb800000|  0%| F|  |TAMS 0x00000000eb700000, 0x00000000eb700000| Untracked 
| 184|0x00000000eb800000, 0x00000000eb800000, 0x00000000eb900000|  0%| F|  |TAMS 0x00000000eb800000, 0x00000000eb800000| Untracked 
| 185|0x00000000eb900000, 0x00000000eb900000, 0x00000000eba00000|  0%| F|  |TAMS 0x00000000eb900000, 0x00000000eb900000| Untracked 
| 186|0x00000000eba00000, 0x00000000eba00000, 0x00000000ebb00000|  0%| F|  |TAMS 0x00000000eba00000, 0x00000000eba00000| Untracked 
| 187|0x00000000ebb00000, 0x00000000ebb00000, 0x00000000ebc00000|  0%| F|  |TAMS 0x00000000ebb00000, 0x00000000ebb00000| Untracked 
| 188|0x00000000ebc00000, 0x00000000ebc00000, 0x00000000ebd00000|  0%| F|  |TAMS 0x00000000ebc00000, 0x00000000ebc00000| Untracked 
| 189|0x00000000ebd00000, 0x00000000ebd00000, 0x00000000ebe00000|  0%| F|  |TAMS 0x00000000ebd00000, 0x00000000ebd00000| Untracked 
| 190|0x00000000ebe00000, 0x00000000ebe00000, 0x00000000ebf00000|  0%| F|  |TAMS 0x00000000ebe00000, 0x00000000ebe00000| Untracked 
| 191|0x00000000ebf00000, 0x00000000ebf00000, 0x00000000ec000000|  0%| F|  |TAMS 0x00000000ebf00000, 0x00000000ebf00000| Untracked 
| 192|0x00000000ec000000, 0x00000000ec000000, 0x00000000ec100000|  0%| F|  |TAMS 0x00000000ec000000, 0x00000000ec000000| Untracked 
| 193|0x00000000ec100000, 0x00000000ec100000, 0x00000000ec200000|  0%| F|  |TAMS 0x00000000ec100000, 0x00000000ec100000| Untracked 
| 194|0x00000000ec200000, 0x00000000ec200000, 0x00000000ec300000|  0%| F|  |TAMS 0x00000000ec200000, 0x00000000ec200000| Untracked 
| 195|0x00000000ec300000, 0x00000000ec300000, 0x00000000ec400000|  0%| F|  |TAMS 0x00000000ec300000, 0x00000000ec300000| Untracked 
| 196|0x00000000ec400000, 0x00000000ec400000, 0x00000000ec500000|  0%| F|  |TAMS 0x00000000ec400000, 0x00000000ec400000| Untracked 
| 197|0x00000000ec500000, 0x00000000ec500000, 0x00000000ec600000|  0%| F|  |TAMS 0x00000000ec500000, 0x00000000ec500000| Untracked 
| 198|0x00000000ec600000, 0x00000000ec600000, 0x00000000ec700000|  0%| F|  |TAMS 0x00000000ec600000, 0x00000000ec600000| Untracked 
| 199|0x00000000ec700000, 0x00000000ec700000, 0x00000000ec800000|  0%| F|  |TAMS 0x00000000ec700000, 0x00000000ec700000| Untracked 
| 200|0x00000000ec800000, 0x00000000ec800000, 0x00000000ec900000|  0%| F|  |TAMS 0x00000000ec800000, 0x00000000ec800000| Untracked 
| 201|0x00000000ec900000, 0x00000000ec900000, 0x00000000eca00000|  0%| F|  |TAMS 0x00000000ec900000, 0x00000000ec900000| Untracked 
| 202|0x00000000eca00000, 0x00000000eca00000, 0x00000000ecb00000|  0%| F|  |TAMS 0x00000000eca00000, 0x00000000eca00000| Untracked 
| 203|0x00000000ecb00000, 0x00000000ecb00000, 0x00000000ecc00000|  0%| F|  |TAMS 0x00000000ecb00000, 0x00000000ecb00000| Untracked 
| 204|0x00000000ecc00000, 0x00000000ecc00000, 0x00000000ecd00000|  0%| F|  |TAMS 0x00000000ecc00000, 0x00000000ecc00000| Untracked 
| 205|0x00000000ecd00000, 0x00000000ecd00000, 0x00000000ece00000|  0%| F|  |TAMS 0x00000000ecd00000, 0x00000000ecd00000| Untracked 
| 206|0x00000000ece00000, 0x00000000ece00000, 0x00000000ecf00000|  0%| F|  |TAMS 0x00000000ece00000, 0x00000000ece00000| Untracked 
| 207|0x00000000ecf00000, 0x00000000ecf00000, 0x00000000ed000000|  0%| F|  |TAMS 0x00000000ecf00000, 0x00000000ecf00000| Untracked 
| 208|0x00000000ed000000, 0x00000000ed000000, 0x00000000ed100000|  0%| F|  |TAMS 0x00000000ed000000, 0x00000000ed000000| Untracked 
| 209|0x00000000ed100000, 0x00000000ed100000, 0x00000000ed200000|  0%| F|  |TAMS 0x00000000ed100000, 0x00000000ed100000| Untracked 
| 210|0x00000000ed200000, 0x00000000ed200000, 0x00000000ed300000|  0%| F|  |TAMS 0x00000000ed200000, 0x00000000ed200000| Untracked 
| 211|0x00000000ed300000, 0x00000000ed300000, 0x00000000ed400000|  0%| F|  |TAMS 0x00000000ed300000, 0x00000000ed300000| Untracked 
| 212|0x00000000ed400000, 0x00000000ed400000, 0x00000000ed500000|  0%| F|  |TAMS 0x00000000ed400000, 0x00000000ed400000| Untracked 
| 213|0x00000000ed500000, 0x00000000ed500000, 0x00000000ed600000|  0%| F|  |TAMS 0x00000000ed500000, 0x00000000ed500000| Untracked 
| 214|0x00000000ed600000, 0x00000000ed680800, 0x00000000ed700000| 50%| E|  |TAMS 0x00000000ed600000, 0x00000000ed600000| Complete 
| 215|0x00000000ed700000, 0x00000000ed800000, 0x00000000ed800000|100%| E|CS|TAMS 0x00000000ed700000, 0x00000000ed700000| Complete 
| 216|0x00000000ed800000, 0x00000000ed900000, 0x00000000ed900000|100%| E|CS|TAMS 0x00000000ed800000, 0x00000000ed800000| Complete 
| 217|0x00000000ed900000, 0x00000000eda00000, 0x00000000eda00000|100%| E|CS|TAMS 0x00000000ed900000, 0x00000000ed900000| Complete 
| 218|0x00000000eda00000, 0x00000000edb00000, 0x00000000edb00000|100%| E|CS|TAMS 0x00000000eda00000, 0x00000000eda00000| Complete 
| 219|0x00000000edb00000, 0x00000000edc00000, 0x00000000edc00000|100%| E|CS|TAMS 0x00000000edb00000, 0x00000000edb00000| Complete 
| 220|0x00000000edc00000, 0x00000000edd00000, 0x00000000edd00000|100%| E|CS|TAMS 0x00000000edc00000, 0x00000000edc00000| Complete 
| 221|0x00000000edd00000, 0x00000000ede00000, 0x00000000ede00000|100%| E|CS|TAMS 0x00000000edd00000, 0x00000000edd00000| Complete 
| 222|0x00000000ede00000, 0x00000000edf00000, 0x00000000edf00000|100%| E|CS|TAMS 0x00000000ede00000, 0x00000000ede00000| Complete 
| 223|0x00000000edf00000, 0x00000000ee000000, 0x00000000ee000000|100%| E|CS|TAMS 0x00000000edf00000, 0x00000000edf00000| Complete 
| 224|0x00000000ee000000, 0x00000000ee100000, 0x00000000ee100000|100%| E|CS|TAMS 0x00000000ee000000, 0x00000000ee000000| Complete 
| 225|0x00000000ee100000, 0x00000000ee200000, 0x00000000ee200000|100%| E|CS|TAMS 0x00000000ee100000, 0x00000000ee100000| Complete 
| 226|0x00000000ee200000, 0x00000000ee300000, 0x00000000ee300000|100%| E|CS|TAMS 0x00000000ee200000, 0x00000000ee200000| Complete 
| 227|0x00000000ee300000, 0x00000000ee400000, 0x00000000ee400000|100%| E|CS|TAMS 0x00000000ee300000, 0x00000000ee300000| Complete 
| 228|0x00000000ee400000, 0x00000000ee500000, 0x00000000ee500000|100%| E|CS|TAMS 0x00000000ee400000, 0x00000000ee400000| Complete 
| 229|0x00000000ee500000, 0x00000000ee600000, 0x00000000ee600000|100%| E|CS|TAMS 0x00000000ee500000, 0x00000000ee500000| Complete 
| 230|0x00000000ee600000, 0x00000000ee700000, 0x00000000ee700000|100%| E|CS|TAMS 0x00000000ee600000, 0x00000000ee600000| Complete 
| 231|0x00000000ee700000, 0x00000000ee800000, 0x00000000ee800000|100%| E|CS|TAMS 0x00000000ee700000, 0x00000000ee700000| Complete 
| 232|0x00000000ee800000, 0x00000000ee900000, 0x00000000ee900000|100%| E|CS|TAMS 0x00000000ee800000, 0x00000000ee800000| Complete 
| 233|0x00000000ee900000, 0x00000000eea00000, 0x00000000eea00000|100%| E|CS|TAMS 0x00000000ee900000, 0x00000000ee900000| Complete 
| 234|0x00000000eea00000, 0x00000000eeb00000, 0x00000000eeb00000|100%| E|CS|TAMS 0x00000000eea00000, 0x00000000eea00000| Complete 
| 235|0x00000000eeb00000, 0x00000000eec00000, 0x00000000eec00000|100%| E|CS|TAMS 0x00000000eeb00000, 0x00000000eeb00000| Complete 
| 236|0x00000000eec00000, 0x00000000eed00000, 0x00000000eed00000|100%| E|CS|TAMS 0x00000000eec00000, 0x00000000eec00000| Complete 
| 237|0x00000000eed00000, 0x00000000eee00000, 0x00000000eee00000|100%| E|CS|TAMS 0x00000000eed00000, 0x00000000eed00000| Complete 
| 238|0x00000000eee00000, 0x00000000eef00000, 0x00000000eef00000|100%| E|CS|TAMS 0x00000000eee00000, 0x00000000eee00000| Complete 
| 239|0x00000000eef00000, 0x00000000ef000000, 0x00000000ef000000|100%| E|CS|TAMS 0x00000000eef00000, 0x00000000eef00000| Complete 
| 240|0x00000000ef000000, 0x00000000ef100000, 0x00000000ef100000|100%| E|CS|TAMS 0x00000000ef000000, 0x00000000ef000000| Complete 
| 241|0x00000000ef100000, 0x00000000ef200000, 0x00000000ef200000|100%| E|CS|TAMS 0x00000000ef100000, 0x00000000ef100000| Complete 
| 242|0x00000000ef200000, 0x00000000ef300000, 0x00000000ef300000|100%| E|CS|TAMS 0x00000000ef200000, 0x00000000ef200000| Complete 
| 243|0x00000000ef300000, 0x00000000ef400000, 0x00000000ef400000|100%| E|CS|TAMS 0x00000000ef300000, 0x00000000ef300000| Complete 
| 244|0x00000000ef400000, 0x00000000ef500000, 0x00000000ef500000|100%| E|CS|TAMS 0x00000000ef400000, 0x00000000ef400000| Complete 
| 245|0x00000000ef500000, 0x00000000ef600000, 0x00000000ef600000|100%| E|CS|TAMS 0x00000000ef500000, 0x00000000ef500000| Complete 
| 246|0x00000000ef600000, 0x00000000ef700000, 0x00000000ef700000|100%| E|CS|TAMS 0x00000000ef600000, 0x00000000ef600000| Complete 
| 247|0x00000000ef700000, 0x00000000ef800000, 0x00000000ef800000|100%| E|CS|TAMS 0x00000000ef700000, 0x00000000ef700000| Complete 
| 248|0x00000000ef800000, 0x00000000ef900000, 0x00000000ef900000|100%| E|CS|TAMS 0x00000000ef800000, 0x00000000ef800000| Complete 
| 249|0x00000000ef900000, 0x00000000efa00000, 0x00000000efa00000|100%| E|CS|TAMS 0x00000000ef900000, 0x00000000ef900000| Complete 
| 250|0x00000000efa00000, 0x00000000efb00000, 0x00000000efb00000|100%| E|CS|TAMS 0x00000000efa00000, 0x00000000efa00000| Complete 
| 251|0x00000000efb00000, 0x00000000efc00000, 0x00000000efc00000|100%| E|CS|TAMS 0x00000000efb00000, 0x00000000efb00000| Complete 
| 252|0x00000000efc00000, 0x00000000efd00000, 0x00000000efd00000|100%| E|CS|TAMS 0x00000000efc00000, 0x00000000efc00000| Complete 
| 253|0x00000000efd00000, 0x00000000efe00000, 0x00000000efe00000|100%| E|CS|TAMS 0x00000000efd00000, 0x00000000efd00000| Complete 
| 254|0x00000000efe00000, 0x00000000eff00000, 0x00000000eff00000|100%| E|CS|TAMS 0x00000000efe00000, 0x00000000efe00000| Complete 
| 255|0x00000000eff00000, 0x00000000f0000000, 0x00000000f0000000|100%| E|CS|TAMS 0x00000000eff00000, 0x00000000eff00000| Complete 

Card table byte_map: [0x000001ca77260000,0x000001ca77360000] _byte_map_base: 0x000001ca76b60000

Marking Bits (Prev, Next): (CMBitMap*) 0x000001ca5eb0bc70, (CMBitMap*) 0x000001ca5eb0bcb0
 Prev Bits: [0x000001ca77460000, 0x000001ca77c60000)
 Next Bits: [0x000001ca77c60000, 0x000001ca78460000)

Polling page: 0x000001ca5e980000

Metaspace:

Usage:
  Non-class:     49.58 MB used.
      Class:      7.91 MB used.
       Both:     57.50 MB used.

Virtual space:
  Non-class space:       56.00 MB reserved,      49.81 MB ( 89%) committed,  7 nodes.
      Class space:      208.00 MB reserved,       8.19 MB (  4%) committed,  1 nodes.
             Both:      264.00 MB reserved,      58.00 MB ( 22%) committed. 

Chunk freelists:
   Non-Class:  1.75 MB
       Class:  3.79 MB
        Both:  5.54 MB

MaxMetaspaceSize: 256.00 MB
CompressedClassSpaceSize: 208.00 MB
Initial GC threshold: 21.00 MB
Current GC threshold: 58.75 MB
CDS: on
MetaspaceReclaimPolicy: balanced
 - commit_granule_bytes: 65536.
 - commit_granule_words: 8192.
 - virtual_space_node_default_size: 1048576.
 - enlarge_chunks_in_place: 1.
 - new_chunks_are_fully_committed: 0.
 - uncommit_free_chunks: 1.
 - use_allocation_guard: 0.
 - handle_deallocations: 1.


Internal statistics:

num_allocs_failed_limit: 6.
num_arena_births: 562.
num_arena_deaths: 0.
num_vsnodes_births: 8.
num_vsnodes_deaths: 0.
num_space_committed: 928.
num_space_uncommitted: 0.
num_chunks_returned_to_freelist: 6.
num_chunks_taken_from_freelist: 2643.
num_chunk_merges: 6.
num_chunk_splits: 1791.
num_chunks_enlarged: 1253.
num_purges: 0.
num_inconsistent_stats: 0.

CodeHeap 'non-profiled nmethods': size=120000Kb used=4687Kb max_used=4687Kb free=115312Kb
 bounds [0x000001ca6f610000, 0x000001ca6fab0000, 0x000001ca76b40000]
CodeHeap 'profiled nmethods': size=120000Kb used=14014Kb max_used=14014Kb free=105985Kb
 bounds [0x000001ca67b40000, 0x000001ca688f0000, 0x000001ca6f070000]
CodeHeap 'non-nmethods': size=5760Kb used=2394Kb max_used=2478Kb free=3365Kb
 bounds [0x000001ca6f070000, 0x000001ca6f2f0000, 0x000001ca6f610000]
 total_blobs=7837 nmethods=6917 adapters=831
 compilation: enabled
              stopped_count=0, restarted_count=0
 full_count=0

Compilation events (20 events):
Event: 13.404 Thread 0x000001ca7ccdcd40 7652       4       org.gradle.internal.instantiation.generator.AbstractClassGenerator::assertNotAbstract (61 bytes)
Event: 13.405 Thread 0x000001ca7ccdcd40 nmethod 7652 0x000001ca6fa9e690 code [0x000001ca6fa9e800, 0x000001ca6fa9e8f8]
Event: 13.406 Thread 0x000001ca7ccdcd40 7653       4       org.objectweb.asm.Type::getTypeInternal (218 bytes)
Event: 13.406 Thread 0x000001ca7aa40b70 7654       4       org.objectweb.asm.Frame::pop (42 bytes)
Event: 13.406 Thread 0x000001ca7aa42480 7656       3       org.gradle.internal.instantiation.generator.AsmBackedClassGenerator$ClassBuilderImpl$$Lambda$154/0x0000000800e6cfe0::emit (13 bytes)
Event: 13.406 Thread 0x000001ca7aa42480 nmethod 7656 0x000001ca688edc10 code [0x000001ca688eddc0, 0x000001ca688edf08]
Event: 13.406 Thread 0x000001ca7aa42480 7657       3       org.gradle.internal.instantiation.generator.AsmBackedClassGenerator$ClassBuilderImpl$11::<init> (28 bytes)
Event: 13.406 Thread 0x000001ca7aa40b70 nmethod 7654 0x000001ca6fa9ea10 code [0x000001ca6fa9eb80, 0x000001ca6fa9ec58]
Event: 13.406 Thread 0x000001ca7aa40b70 7655       4       org.objectweb.asm.Type::appendDescriptor (90 bytes)
Event: 13.407 Thread 0x000001ca7aa42480 nmethod 7657 0x000001ca688ee010 code [0x000001ca688ee200, 0x000001ca688ee868]
Event: 13.408 Thread 0x000001ca7ccdcd40 nmethod 7653 0x000001ca6fa9ed10 code [0x000001ca6fa9eea0, 0x000001ca6fa9f108]
Event: 13.408 Thread 0x000001ca7ccdcd40 7658       4       org.objectweb.asm.Frame::execute (2318 bytes)
Event: 13.414 Thread 0x000001ca7aa42480 7660       3       org.objectweb.asm.SymbolTable::addMergedType (164 bytes)
Event: 13.415 Thread 0x000001ca7aa42480 nmethod 7660 0x000001ca688eea90 code [0x000001ca688eeca0, 0x000001ca688ef2b8]
Event: 13.417 Thread 0x000001ca7aa40b70 nmethod 7655 0x000001ca6fa9f310 code [0x000001ca6fa9f4e0, 0x000001ca6faa0578]
Event: 13.418 Thread 0x000001ca7aa40b70 7659 %     4       org.gradle.internal.instantiation.generator.AbstractClassGenerator::inspectType @ 517 (560 bytes)
Event: 13.425 Thread 0x000001ca7aa40b70 nmethod 7659% 0x000001ca6faa0d90 code [0x000001ca6faa0f60, 0x000001ca6faa17e8]
Event: 13.556 Thread 0x000001ca7aa42480 7661       3       java.lang.invoke.DirectMethodHandle$Special::<init> (16 bytes)
Event: 13.557 Thread 0x000001ca7aa42480 nmethod 7661 0x000001ca688ef690 code [0x000001ca688ef840, 0x000001ca688ef9e8]
Event: 13.561 Thread 0x000001ca7aa40b70 7663       4       java.lang.Class::getPackageName (81 bytes)

GC Heap History (16 events):
Event: 0.417 GC heap before
{Heap before GC invocations=0 (full 0):
 garbage-first heap   total 262144K, used 13312K [0x00000000e0000000, 0x0000000100000000)
  region size 1024K, 13 young (13312K), 0 survivors (0K)
 Metaspace       used 951K, committed 1088K, reserved 221184K
  class space    used 74K, committed 128K, reserved 212992K
}
Event: 0.420 GC heap after
{Heap after GC invocations=1 (full 0):
 garbage-first heap   total 262144K, used 3580K [0x00000000e0000000, 0x0000000100000000)
  region size 1024K, 2 young (2048K), 2 survivors (2048K)
 Metaspace       used 951K, committed 1088K, reserved 221184K
  class space    used 74K, committed 128K, reserved 212992K
}
Event: 0.801 GC heap before
{Heap before GC invocations=1 (full 0):
 garbage-first heap   total 262144K, used 22012K [0x00000000e0000000, 0x0000000100000000)
  region size 1024K, 17 young (17408K), 2 survivors (2048K)
 Metaspace       used 3802K, committed 3968K, reserved 221184K
  class space    used 474K, committed 576K, reserved 212992K
}
Event: 0.805 GC heap after
{Heap after GC invocations=2 (full 0):
 garbage-first heap   total 262144K, used 9283K [0x00000000e0000000, 0x0000000100000000)
  region size 1024K, 3 young (3072K), 3 survivors (3072K)
 Metaspace       used 3802K, committed 3968K, reserved 221184K
  class space    used 474K, committed 576K, reserved 212992K
}
Event: 1.091 GC heap before
{Heap before GC invocations=2 (full 0):
 garbage-first heap   total 262144K, used 31811K [0x00000000e0000000, 0x0000000100000000)
  region size 1024K, 25 young (25600K), 3 survivors (3072K)
 Metaspace       used 3928K, committed 4096K, reserved 221184K
  class space    used 475K, committed 576K, reserved 212992K
}
Event: 1.094 GC heap after
{Heap after GC invocations=3 (full 0):
 garbage-first heap   total 262144K, used 12374K [0x00000000e0000000, 0x0000000100000000)
  region size 1024K, 3 young (3072K), 3 survivors (3072K)
 Metaspace       used 3928K, committed 4096K, reserved 221184K
  class space    used 475K, committed 576K, reserved 212992K
}
Event: 3.267 GC heap before
{Heap before GC invocations=3 (full 0):
 garbage-first heap   total 262144K, used 113750K [0x00000000e0000000, 0x0000000100000000)
  region size 1024K, 103 young (105472K), 3 survivors (3072K)
 Metaspace       used 21188K, committed 21504K, reserved 237568K
  class space    used 3171K, committed 3328K, reserved 212992K
}
Event: 3.278 GC heap after
{Heap after GC invocations=4 (full 0):
 garbage-first heap   total 262144K, used 20494K [0x00000000e0000000, 0x0000000100000000)
  region size 1024K, 11 young (11264K), 11 survivors (11264K)
 Metaspace       used 21188K, committed 21504K, reserved 237568K
  class space    used 3171K, committed 3328K, reserved 212992K
}
Event: 6.339 GC heap before
{Heap before GC invocations=5 (full 0):
 garbage-first heap   total 262144K, used 126990K [0x00000000e0000000, 0x0000000100000000)
  region size 1024K, 113 young (115712K), 11 survivors (11264K)
 Metaspace       used 34410K, committed 34752K, reserved 245760K
  class space    used 4839K, committed 4992K, reserved 212992K
}
Event: 6.359 GC heap after
{Heap after GC invocations=6 (full 0):
 garbage-first heap   total 262144K, used 29845K [0x00000000e0000000, 0x0000000100000000)
  region size 1024K, 10 young (10240K), 10 survivors (10240K)
 Metaspace       used 34410K, committed 34752K, reserved 245760K
  class space    used 4839K, committed 4992K, reserved 212992K
}
Event: 6.941 GC heap before
{Heap before GC invocations=6 (full 0):
 garbage-first heap   total 262144K, used 176277K [0x00000000e0000000, 0x0000000100000000)
  region size 1024K, 153 young (156672K), 10 survivors (10240K)
 Metaspace       used 34595K, committed 34944K, reserved 245760K
  class space    used 4839K, committed 4992K, reserved 212992K
}
Event: 6.960 GC heap after
{Heap after GC invocations=7 (full 0):
 garbage-first heap   total 262144K, used 37316K [0x00000000e0000000, 0x0000000100000000)
  region size 1024K, 17 young (17408K), 17 survivors (17408K)
 Metaspace       used 34595K, committed 34944K, reserved 245760K
  class space    used 4839K, committed 4992K, reserved 212992K
}
Event: 8.150 GC heap before
{Heap before GC invocations=7 (full 0):
 garbage-first heap   total 262144K, used 71108K [0x00000000e0000000, 0x0000000100000000)
  region size 1024K, 51 young (52224K), 17 survivors (17408K)
 Metaspace       used 35600K, committed 35968K, reserved 245760K
  class space    used 4952K, committed 5120K, reserved 212992K
}
Event: 8.161 GC heap after
{Heap after GC invocations=8 (full 0):
 garbage-first heap   total 262144K, used 38166K [0x00000000e0000000, 0x0000000100000000)
  region size 1024K, 10 young (10240K), 10 survivors (10240K)
 Metaspace       used 35600K, committed 35968K, reserved 245760K
  class space    used 4952K, committed 5120K, reserved 212992K
}
Event: 12.693 GC heap before
{Heap before GC invocations=9 (full 0):
 garbage-first heap   total 262144K, used 184598K [0x00000000e0000000, 0x0000000100000000)
  region size 1024K, 153 young (156672K), 10 survivors (10240K)
 Metaspace       used 56935K, committed 57472K, reserved 270336K
  class space    used 7782K, committed 8064K, reserved 212992K
}
Event: 12.709 GC heap after
{Heap after GC invocations=10 (full 0):
 garbage-first heap   total 262144K, used 48888K [0x00000000e0000000, 0x0000000100000000)
  region size 1024K, 20 young (20480K), 20 survivors (20480K)
 Metaspace       used 56935K, committed 57472K, reserved 270336K
  class space    used 7782K, committed 8064K, reserved 212992K
}

Deoptimization events (20 events):
Event: 13.343 Thread 0x000001ca7d41b780 Uncommon trap: trap_request=0xffffffc6 fr.pc=0x000001ca6f8ca2d0 relative=0x0000000000000570
Event: 13.343 Thread 0x000001ca7d41b780 Uncommon trap: reason=bimorphic_or_optimized_type_check action=maybe_recompile pc=0x000001ca6f8ca2d0 method=java.util.HashMap$TreeNode.find(ILjava/lang/Object;Ljava/lang/Class;)Ljava/util/HashMap$TreeNode; @ 68 c2
Event: 13.343 Thread 0x000001ca7d41b780 DEOPT PACKING pc=0x000001ca6f8ca2d0 sp=0x0000003bea4f8020
Event: 13.343 Thread 0x000001ca7d41b780 DEOPT UNPACKING pc=0x000001ca6f0c23a3 sp=0x0000003bea4f7fb0 mode 2
Event: 13.343 Thread 0x000001ca7d41b780 Uncommon trap: trap_request=0xffffffc6 fr.pc=0x000001ca6f8ca2d0 relative=0x0000000000000570
Event: 13.343 Thread 0x000001ca7d41b780 Uncommon trap: reason=bimorphic_or_optimized_type_check action=maybe_recompile pc=0x000001ca6f8ca2d0 method=java.util.HashMap$TreeNode.find(ILjava/lang/Object;Ljava/lang/Class;)Ljava/util/HashMap$TreeNode; @ 68 c2
Event: 13.343 Thread 0x000001ca7d41b780 DEOPT PACKING pc=0x000001ca6f8ca2d0 sp=0x0000003bea4f7f60
Event: 13.343 Thread 0x000001ca7d41b780 DEOPT UNPACKING pc=0x000001ca6f0c23a3 sp=0x0000003bea4f7ef0 mode 2
Event: 13.343 Thread 0x000001ca7d41b780 Uncommon trap: trap_request=0xffffffc6 fr.pc=0x000001ca6f8ca2d0 relative=0x0000000000000570
Event: 13.343 Thread 0x000001ca7d41b780 Uncommon trap: reason=bimorphic_or_optimized_type_check action=maybe_recompile pc=0x000001ca6f8ca2d0 method=java.util.HashMap$TreeNode.find(ILjava/lang/Object;Ljava/lang/Class;)Ljava/util/HashMap$TreeNode; @ 68 c2
Event: 13.343 Thread 0x000001ca7d41b780 DEOPT PACKING pc=0x000001ca6f8ca2d0 sp=0x0000003bea4f8020
Event: 13.343 Thread 0x000001ca7d41b780 DEOPT UNPACKING pc=0x000001ca6f0c23a3 sp=0x0000003bea4f7fb0 mode 2
Event: 13.343 Thread 0x000001ca7d41b780 Uncommon trap: trap_request=0xffffffc6 fr.pc=0x000001ca6f9e78e4 relative=0x0000000000000ce4
Event: 13.343 Thread 0x000001ca7d41b780 Uncommon trap: reason=bimorphic_or_optimized_type_check action=maybe_recompile pc=0x000001ca6f9e78e4 method=java.util.HashMap$TreeNode.find(ILjava/lang/Object;Ljava/lang/Class;)Ljava/util/HashMap$TreeNode; @ 68 c2
Event: 13.343 Thread 0x000001ca7d41b780 DEOPT PACKING pc=0x000001ca6f9e78e4 sp=0x0000003bea4f8240
Event: 13.343 Thread 0x000001ca7d41b780 DEOPT UNPACKING pc=0x000001ca6f0c23a3 sp=0x0000003bea4f8068 mode 2
Event: 13.375 Thread 0x000001ca7d41b780 Uncommon trap: trap_request=0xffffffc6 fr.pc=0x000001ca6f7be51c relative=0x000000000000043c
Event: 13.375 Thread 0x000001ca7d41b780 Uncommon trap: reason=bimorphic_or_optimized_type_check action=maybe_recompile pc=0x000001ca6f7be51c method=java.util.Spliterators$IteratorSpliterator.tryAdvance(Ljava/util/function/Consumer;)Z @ 50 c2
Event: 13.375 Thread 0x000001ca7d41b780 DEOPT PACKING pc=0x000001ca6f7be51c sp=0x0000003bea4f8730
Event: 13.375 Thread 0x000001ca7d41b780 DEOPT UNPACKING pc=0x000001ca6f0c23a3 sp=0x0000003bea4f86d0 mode 2

Classes unloaded (0 events):
No events

Classes redefined (0 events):
No events

Internal exceptions (20 events):
Event: 12.839 Thread 0x000001ca7d41b780 Exception <a 'java/lang/ClassNotFoundException'{0x00000000eec75af8}: org/gradle/api/internal/tasks/DefaultTaskContainer_DecoratedBeanInfo> (0x00000000eec75af8) 
thrown [s\open\src\hotspot\share\classfile\systemDictionary.cpp, line 256]
Event: 12.839 Thread 0x000001ca7d41b780 Exception <a 'java/lang/ClassNotFoundException'{0x00000000eec87230}: org/gradle/api/internal/tasks/DefaultTaskContainerBeanInfo> (0x00000000eec87230) 
thrown [s\open\src\hotspot\share\classfile\systemDictionary.cpp, line 256]
Event: 12.839 Thread 0x000001ca7d41b780 Exception <a 'java/lang/ClassNotFoundException'{0x00000000eec989e8}: org/gradle/api/internal/tasks/DefaultTaskCollectionBeanInfo> (0x00000000eec989e8) 
thrown [s\open\src\hotspot\share\classfile\systemDictionary.cpp, line 256]
Event: 12.840 Thread 0x000001ca7d41b780 Exception <a 'java/lang/ClassNotFoundException'{0x00000000eecaa170}: org/gradle/api/internal/tasks/DefaultTaskCollectionCustomizer> (0x00000000eecaa170) 
thrown [s\open\src\hotspot\share\classfile\systemDictionary.cpp, line 256]
Event: 12.841 Thread 0x000001ca7d41b780 Exception <a 'java/lang/ClassNotFoundException'{0x00000000eece91e0}: org/gradle/api/internal/tasks/DefaultTaskContainerCustomizer> (0x00000000eece91e0) 
thrown [s\open\src\hotspot\share\classfile\systemDictionary.cpp, line 256]
Event: 12.842 Thread 0x000001ca7d41b780 Exception <a 'java/lang/ClassNotFoundException'{0x00000000eeb4bbd0}: org/gradle/api/internal/tasks/DefaultTaskContainer_DecoratedCustomizer> (0x00000000eeb4bbd0) 
thrown [s\open\src\hotspot\share\classfile\systemDictionary.cpp, line 256]
Event: 12.991 Thread 0x000001ca7d41b780 Exception <a 'java/lang/ClassNotFoundException'{0x00000000ee3b82f0}: org/gradle/api/tasks/testing/Test_DecoratedBeanInfo> (0x00000000ee3b82f0) 
thrown [s\open\src\hotspot\share\classfile\systemDictionary.cpp, line 256]
Event: 12.991 Thread 0x000001ca7d41b780 Exception <a 'java/lang/ClassNotFoundException'{0x00000000ee3c5eb0}: org/gradle/api/tasks/testing/TestBeanInfo> (0x00000000ee3c5eb0) 
thrown [s\open\src\hotspot\share\classfile\systemDictionary.cpp, line 256]
Event: 12.992 Thread 0x000001ca7d41b780 Exception <a 'java/lang/ClassNotFoundException'{0x00000000ee3d3bc8}: org/gradle/api/tasks/testing/AbstractTestTaskBeanInfo> (0x00000000ee3d3bc8) 
thrown [s\open\src\hotspot\share\classfile\systemDictionary.cpp, line 256]
Event: 12.992 Thread 0x000001ca7d41b780 Exception <a 'java/lang/ClassNotFoundException'{0x00000000ee3df260}: org/gradle/api/internal/ConventionTaskBeanInfo> (0x00000000ee3df260) 
thrown [s\open\src\hotspot\share\classfile\systemDictionary.cpp, line 256]
Event: 12.992 Thread 0x000001ca7d41b780 Exception <a 'java/lang/ClassNotFoundException'{0x00000000ee3ea6b8}: org/gradle/api/DefaultTaskBeanInfo> (0x00000000ee3ea6b8) 
thrown [s\open\src\hotspot\share\classfile\systemDictionary.cpp, line 256]
Event: 12.992 Thread 0x000001ca7d41b780 Exception <a 'java/lang/ClassNotFoundException'{0x00000000ee3f5d50}: org/gradle/api/internal/AbstractTaskBeanInfo> (0x00000000ee3f5d50) 
thrown [s\open\src\hotspot\share\classfile\systemDictionary.cpp, line 256]
Event: 12.992 Thread 0x000001ca7d41b780 Exception <a 'java/lang/ClassNotFoundException'{0x00000000ee201958}: org/gradle/api/internal/AbstractTaskCustomizer> (0x00000000ee201958) 
thrown [s\open\src\hotspot\share\classfile\systemDictionary.cpp, line 256]
Event: 12.994 Thread 0x000001ca7d41b780 Exception <a 'java/lang/ClassNotFoundException'{0x00000000ee25fc90}: org/gradle/api/DefaultTaskCustomizer> (0x00000000ee25fc90) 
thrown [s\open\src\hotspot\share\classfile\systemDictionary.cpp, line 256]
Event: 12.995 Thread 0x000001ca7d41b780 Exception <a 'java/lang/ClassNotFoundException'{0x00000000ee2c84e0}: org/gradle/api/internal/ConventionTaskCustomizer> (0x00000000ee2c84e0) 
thrown [s\open\src\hotspot\share\classfile\systemDictionary.cpp, line 256]
Event: 13.000 Thread 0x000001ca7d41b780 Exception <a 'java/lang/ClassNotFoundException'{0x00000000ee2e5e40}: org/gradle/api/tasks/testing/AbstractTestTaskCustomizer> (0x00000000ee2e5e40) 
thrown [s\open\src\hotspot\share\classfile\systemDictionary.cpp, line 256]
Event: 13.001 Thread 0x000001ca7d41b780 Exception <a 'java/lang/ClassNotFoundException'{0x00000000ee113c88}: org/gradle/api/tasks/testing/TestCustomizer> (0x00000000ee113c88) 
thrown [s\open\src\hotspot\share\classfile\systemDictionary.cpp, line 256]
Event: 13.007 Thread 0x000001ca7d41b780 Exception <a 'java/lang/ClassNotFoundException'{0x00000000ee1a4f90}: org/gradle/api/tasks/testing/Test_DecoratedCustomizer> (0x00000000ee1a4f90) 
thrown [s\open\src\hotspot\share\classfile\systemDictionary.cpp, line 256]
Event: 13.066 Thread 0x000001ca7d41b780 Exception <a 'java/lang/NoSuchMethodError'{0x00000000ede9de78}: 'int java.lang.invoke.DirectMethodHandle$Holder.invokeInterface(java.lang.Object, java.lang.Object, java.lang.Object, java.lang.Object)'> (0x00000000ede9de78) 
thrown [s\open\src\hotspot\share\interpreter\linkResolver.cpp, line 759]
Event: 13.557 Thread 0x000001ca7d41b780 Exception <a 'java/lang/NoSuchMethodError'{0x00000000ed769178}: 'java.lang.Object java.lang.invoke.DirectMethodHandle$Holder.newInvokeSpecial(java.lang.Object, java.lang.Object, int)'> (0x00000000ed769178) 
thrown [s\open\src\hotspot\share\interpreter\linkResolver.cpp, line 759]

VM Operations (20 events):
Event: 10.971 Executing VM operation: ICBufferFull
Event: 10.971 Executing VM operation: ICBufferFull done
Event: 11.019 Executing VM operation: HandshakeAllThreads
Event: 11.020 Executing VM operation: HandshakeAllThreads done
Event: 11.682 Executing VM operation: HandshakeAllThreads
Event: 11.682 Executing VM operation: HandshakeAllThreads done
Event: 11.684 Executing VM operation: HandshakeAllThreads
Event: 11.684 Executing VM operation: HandshakeAllThreads done
Event: 11.982 Executing VM operation: ICBufferFull
Event: 11.982 Executing VM operation: ICBufferFull done
Event: 12.528 Executing VM operation: ICBufferFull
Event: 12.528 Executing VM operation: ICBufferFull done
Event: 12.693 Executing VM operation: G1CollectForAllocation
Event: 12.711 Executing VM operation: G1CollectForAllocation done
Event: 13.058 Executing VM operation: HandshakeAllThreads
Event: 13.058 Executing VM operation: HandshakeAllThreads done
Event: 13.065 Executing VM operation: HandshakeAllThreads
Event: 13.066 Executing VM operation: HandshakeAllThreads done
Event: 13.308 Executing VM operation: ICBufferFull
Event: 13.308 Executing VM operation: ICBufferFull done

Events (20 events):
Event: 12.683 loading class org/xml/sax/Locator
Event: 12.683 loading class org/xml/sax/Locator done
Event: 12.683 loading class org/xml/sax/SAXParseException
Event: 12.683 loading class org/xml/sax/SAXParseException done
Event: 12.685 loading class org/xml/sax/Attributes
Event: 12.685 loading class org/xml/sax/Attributes done
Event: 12.714 loading class sun/security/ssl/Alert
Event: 12.714 loading class sun/security/ssl/Alert done
Event: 12.714 loading class sun/security/ssl/Alert$AlertConsumer
Event: 12.714 loading class sun/security/ssl/Alert$AlertConsumer done
Event: 12.714 loading class sun/security/ssl/Alert$Level
Event: 12.714 loading class sun/security/ssl/Alert$Level done
Event: 12.736 loading class java/util/AbstractCollectionBeanInfo
Event: 12.736 loading class java/util/AbstractCollectionBeanInfo done
Event: 12.736 loading class java/util/AbstractCollectionBeanInfo
Event: 12.736 loading class java/util/AbstractCollectionBeanInfo done
Event: 12.736 loading class java/util/AbstractCollectionCustomizer
Event: 12.736 loading class java/util/AbstractCollectionCustomizer done
Event: 12.736 loading class java/util/AbstractCollectionCustomizer
Event: 12.736 loading class java/util/AbstractCollectionCustomizer done


Dynamic libraries:
0x00007ff76b3e0000 - 0x00007ff76b3f0000 	C:\Program Files\Java\jdk-17\bin\java.exe
0x00007ffb383d0000 - 0x00007ffb385c8000 	C:\Windows\SYSTEM32\ntdll.dll
0x00007ffb36e10000 - 0x00007ffb36ecf000 	C:\Windows\System32\KERNEL32.DLL
0x00007ffb35cb0000 - 0x00007ffb35f8a000 	C:\Windows\System32\KERNELBASE.dll
0x00007ffb36200000 - 0x00007ffb36300000 	C:\Windows\System32\ucrtbase.dll
0x00007ffb2fdf0000 - 0x00007ffb2fe0b000 	C:\Program Files\Java\jdk-17\bin\VCRUNTIME140.dll
0x00007ffb31880000 - 0x00007ffb31898000 	C:\Program Files\Java\jdk-17\bin\jli.dll
0x00007ffb37ae0000 - 0x00007ffb37b8e000 	C:\Windows\System32\ADVAPI32.dll
0x00007ffb36430000 - 0x00007ffb364ce000 	C:\Windows\System32\msvcrt.dll
0x00007ffb382f0000 - 0x00007ffb3838c000 	C:\Windows\System32\sechost.dll
0x00007ffb36ce0000 - 0x00007ffb36e06000 	C:\Windows\System32\RPCRT4.dll
0x00007ffb37760000 - 0x00007ffb378fd000 	C:\Windows\System32\USER32.dll
0x00007ffb35bf0000 - 0x00007ffb35c12000 	C:\Windows\System32\win32u.dll
0x00007ffb37ab0000 - 0x00007ffb37adb000 	C:\Windows\System32\GDI32.dll
0x00007ffb360f0000 - 0x00007ffb36200000 	C:\Windows\System32\gdi32full.dll
0x00007ffb35b50000 - 0x00007ffb35bed000 	C:\Windows\System32\msvcp_win.dll
0x00007ffb26920000 - 0x00007ffb26bba000 	C:\Windows\WinSxS\amd64_microsoft.windows.common-controls_6595b64144ccf1df_6.0.19041.1110_none_60b5254171f9507e\COMCTL32.dll
0x00007ffb31350000 - 0x00007ffb3135a000 	C:\Windows\SYSTEM32\VERSION.dll
0x00007ffb37900000 - 0x00007ffb37930000 	C:\Windows\System32\IMM32.DLL
0x00007ffb2fde0000 - 0x00007ffb2fdec000 	C:\Program Files\Java\jdk-17\bin\vcruntime140_1.dll
0x00007ffb1a460000 - 0x00007ffb1a4ee000 	C:\Program Files\Java\jdk-17\bin\msvcp140.dll
0x00007ffae0df0000 - 0x00007ffae19c7000 	C:\Program Files\Java\jdk-17\bin\server\jvm.dll
0x00007ffb37b90000 - 0x00007ffb37b98000 	C:\Windows\System32\PSAPI.DLL
0x00007ffb1f680000 - 0x00007ffb1f689000 	C:\Windows\SYSTEM32\WSOCK32.dll
0x00007ffb2a250000 - 0x00007ffb2a277000 	C:\Windows\SYSTEM32\WINMM.dll
0x00007ffb37040000 - 0x00007ffb370ab000 	C:\Windows\System32\WS2_32.dll
0x00007ffb339c0000 - 0x00007ffb339d2000 	C:\Windows\SYSTEM32\kernel.appcore.dll
0x00007ffb2fdd0000 - 0x00007ffb2fdda000 	C:\Program Files\Java\jdk-17\bin\jimage.dll
0x00007ffb30b70000 - 0x00007ffb30d54000 	C:\Windows\SYSTEM32\DBGHELP.DLL
0x00007ffb304f0000 - 0x00007ffb30524000 	C:\Windows\SYSTEM32\dbgcore.DLL
0x00007ffb35c20000 - 0x00007ffb35ca2000 	C:\Windows\System32\bcryptPrimitives.dll
0x00007ffb23870000 - 0x00007ffb23895000 	C:\Program Files\Java\jdk-17\bin\java.dll
0x00007ffb09c70000 - 0x00007ffb09d47000 	C:\Program Files\Java\jdk-17\bin\jsvml.dll
0x00007ffb37ba0000 - 0x00007ffb382e4000 	C:\Windows\System32\SHELL32.dll
0x00007ffb33bc0000 - 0x00007ffb34353000 	C:\Windows\SYSTEM32\windows.storage.dll
0x00007ffb37340000 - 0x00007ffb37694000 	C:\Windows\System32\combase.dll
0x00007ffb35540000 - 0x00007ffb3556e000 	C:\Windows\SYSTEM32\Wldp.dll
0x00007ffb36f30000 - 0x00007ffb36fdd000 	C:\Windows\System32\SHCORE.dll
0x00007ffb36790000 - 0x00007ffb367e5000 	C:\Windows\System32\shlwapi.dll
0x00007ffb35a20000 - 0x00007ffb35a3f000 	C:\Windows\SYSTEM32\profapi.dll
0x00007ffb239b0000 - 0x00007ffb239c9000 	C:\Program Files\Java\jdk-17\bin\net.dll
0x00007ffb301f0000 - 0x00007ffb302fa000 	C:\Windows\SYSTEM32\WINHTTP.dll
0x00007ffb352a0000 - 0x00007ffb3530a000 	C:\Windows\system32\mswsock.dll
0x00007ffb201f0000 - 0x00007ffb20206000 	C:\Program Files\Java\jdk-17\bin\nio.dll
0x00007ffb1fe00000 - 0x00007ffb1fe18000 	C:\Program Files\Java\jdk-17\bin\zip.dll
0x00007ffb29e50000 - 0x00007ffb29e60000 	C:\Program Files\Java\jdk-17\bin\verify.dll
0x00007ffb1fdd0000 - 0x00007ffb1fdf7000 	C:\Users\RAFAEL\.gradle\native\68d5fa5c4cc2d200863cafc0d521ce42e7d3e7ee720ec0a83991735586a16f82\windows-amd64\native-platform.dll
0x00007ffb093f0000 - 0x00007ffb09534000 	C:\Users\RAFAEL\.gradle\native\e376f236ea51e6404a007f0833ffe2c6e607c4080706a723a18a27aeea778392\windows-amd64\native-platform-file-events.dll
0x00007ffb23860000 - 0x00007ffb2386a000 	C:\Program Files\Java\jdk-17\bin\management.dll
0x00007ffb1ff00000 - 0x00007ffb1ff0b000 	C:\Program Files\Java\jdk-17\bin\management_ext.dll
0x00007ffb35490000 - 0x00007ffb354a8000 	C:\Windows\SYSTEM32\CRYPTSP.dll
0x00007ffb34b50000 - 0x00007ffb34b84000 	C:\Windows\system32\rsaenh.dll
0x00007ffb36400000 - 0x00007ffb36427000 	C:\Windows\System32\bcrypt.dll
0x00007ffb359a0000 - 0x00007ffb359ce000 	C:\Windows\SYSTEM32\USERENV.dll
0x00007ffb354b0000 - 0x00007ffb354bc000 	C:\Windows\SYSTEM32\CRYPTBASE.dll
0x00007ffb34f40000 - 0x00007ffb34f7c000 	C:\Windows\SYSTEM32\IPHLPAPI.DLL
0x00007ffb370b0000 - 0x00007ffb370b8000 	C:\Windows\System32\NSI.dll
0x00007ffb312c0000 - 0x00007ffb312d7000 	C:\Windows\SYSTEM32\dhcpcsvc6.DLL
0x00007ffb31210000 - 0x00007ffb3122d000 	C:\Windows\SYSTEM32\dhcpcsvc.DLL
0x00007ffb34f90000 - 0x00007ffb3505b000 	C:\Windows\SYSTEM32\DNSAPI.dll
0x00007ffb1fdc0000 - 0x00007ffb1fdcd000 	C:\Program Files\Java\jdk-17\bin\sunmscapi.dll
0x00007ffb35f90000 - 0x00007ffb360e6000 	C:\Windows\System32\CRYPT32.dll
0x00007ffb355b0000 - 0x00007ffb355d8000 	C:\Windows\SYSTEM32\ncrypt.dll
0x00007ffb35570000 - 0x00007ffb355ab000 	C:\Windows\SYSTEM32\NTASN1.dll
0x00007ffb2d320000 - 0x00007ffb2d327000 	C:\Windows\system32\wshunix.dll
0x00007ffb2df90000 - 0x00007ffb2df9a000 	C:\Windows\System32\rasadhlp.dll
0x00007ffb2e640000 - 0x00007ffb2e6c0000 	C:\Windows\System32\fwpuclnt.dll

dbghelp: loaded successfully - version: 4.0.5 - missing functions: none
symbol engine: initialized successfully - sym options: 0x614 - pdb path: .;C:\Program Files\Java\jdk-17\bin;C:\Windows\SYSTEM32;C:\Windows\WinSxS\amd64_microsoft.windows.common-controls_6595b64144ccf1df_6.0.19041.1110_none_60b5254171f9507e;C:\Program Files\Java\jdk-17\bin\server;C:\Users\RAFAEL\.gradle\native\68d5fa5c4cc2d200863cafc0d521ce42e7d3e7ee720ec0a83991735586a16f82\windows-amd64;C:\Users\RAFAEL\.gradle\native\e376f236ea51e6404a007f0833ffe2c6e607c4080706a723a18a27aeea778392\windows-amd64

VM Arguments:
jvm_args: --add-opens=java.base/java.util=ALL-UNNAMED --add-opens=java.base/java.lang=ALL-UNNAMED --add-opens=java.base/java.lang.invoke=ALL-UNNAMED --add-opens=java.prefs/java.util.prefs=ALL-UNNAMED --add-opens=java.base/java.nio.charset=ALL-UNNAMED --add-opens=java.base/java.net=ALL-UNNAMED --add-opens=java.base/java.util.concurrent.atomic=ALL-UNNAMED -XX:MaxMetaspaceSize=256m -XX:+HeapDumpOnOutOfMemoryError -Xms256m -Xmx512m -Dfile.encoding=windows-1252 -Duser.country=CO -Duser.language=es -Duser.variant 
java_command: org.gradle.launcher.daemon.bootstrap.GradleDaemon 7.6.1
java_class_path (initial): C:\Users\RAFAEL\.gradle\wrapper\dists\gradle-7.6.1-bin\2clxi94ab3brv6467628wnxmd\gradle-7.6.1\lib\gradle-launcher-7.6.1.jar
Launcher Type: SUN_STANDARD

[Global flags]
     intx CICompilerCount                          = 3                                         {product} {ergonomic}
   size_t CompressedClassSpaceSize                 = 218103808                                 {product} {ergonomic}
     uint ConcGCThreads                            = 1                                         {product} {ergonomic}
     uint G1ConcRefinementThreads                  = 4                                         {product} {ergonomic}
   size_t G1HeapRegionSize                         = 1048576                                   {product} {ergonomic}
    uintx GCDrainStackTargetSize                   = 64                                        {product} {ergonomic}
     bool HeapDumpOnOutOfMemoryError               = true                                   {manageable} {command line}
   size_t InitialHeapSize                          = 268435456                                 {product} {command line}
   size_t MarkStackSize                            = 4194304                                   {product} {ergonomic}
   size_t MaxHeapSize                              = 536870912                                 {product} {command line}
   size_t MaxMetaspaceSize                         = 268435456                                 {product} {command line}
   size_t MaxNewSize                               = 321912832                                 {product} {ergonomic}
   size_t MinHeapDeltaBytes                        = 1048576                                   {product} {ergonomic}
   size_t MinHeapSize                              = 268435456                                 {product} {command line}
    uintx NonNMethodCodeHeapSize                   = 5832780                                {pd product} {ergonomic}
    uintx NonProfiledCodeHeapSize                  = 122912730                              {pd product} {ergonomic}
    uintx ProfiledCodeHeapSize                     = 122912730                              {pd product} {ergonomic}
    uintx ReservedCodeCacheSize                    = 251658240                              {pd product} {ergonomic}
     bool SegmentedCodeCache                       = true                                      {product} {ergonomic}
   size_t SoftMaxHeapSize                          = 536870912                              {manageable} {ergonomic}
     bool UseCompressedClassPointers               = true                           {product lp64_product} {ergonomic}
     bool UseCompressedOops                        = true                           {product lp64_product} {ergonomic}
     bool UseG1GC                                  = true                                      {product} {ergonomic}
     bool UseLargePagesIndividualAllocation        = false                                  {pd product} {ergonomic}

Logging:
Log output configuration:
 #0: stdout all=warning uptime,level,tags
 #1: stderr all=off uptime,level,tags

Environment Variables:
PATH=C:\Program Files\Common Files\Oracle\Java\javapath;C:\Program Files (x86)\Common Files\Oracle\Java\javapath;C:\Windows\system32;C:\Windows;C:\Windows\System32\Wbem;C:\Windows\System32\WindowsPowerShell\v1.0\;C:\Windows\System32\OpenSSH\;C:\Program Files\Git\cmd;C:\Program Files\MySQL\MySQL Shell 8.0\bin\;C:\Users\RAFAEL\AppData\Local\Microsoft\WindowsApps;;C:\Users\RAFAEL\AppData\Local\Programs\Microsoft VS Code\bin;C:\xampp\php;C:\Users\RAFAEL\AppData\Local\ComposerSetup\bin;C:\Users\RAFAEL\AppData\Roaming\Composer\vendor\bin
USERNAME=RAFAEL
OS=Windows_NT
PROCESSOR_IDENTIFIER=Intel64 Family 6 Model 158 Stepping 10, GenuineIntel



---------------  S Y S T E M  ---------------

OS:
 Windows 10 , 64 bit Build 19041 (10.0.19041.2788)
OS uptime: 1 days 2:42 hours

CPU: total 4 (initial active 4) (4 cores per cpu, 1 threads per core) family 6 model 158 stepping 10 microcode 0xb4, cx8, cmov, fxsr, mmx, 3dnowpref, sse, sse2, sse3, ssse3, sse4.1, sse4.2, popcnt, lzcnt, tsc, tscinvbit, avx, avx2, aes, erms, clmul, bmi1, bmi2, adx, fma, vzeroupper, clflush, clflushopt

Memory: 4k page, system-wide physical 8134M (393M free)
TotalPageFile size 10182M (AvailPageFile size 5M)
current process WorkingSet (physical memory assigned to process): 409M, peak: 413M
current process commit charge ("private bytes"): 497M, peak: 500M

vm_info: Java HotSpot(TM) 64-Bit Server VM (17.0.6+9-LTS-190) for windows-amd64 JRE (17.0.6+9-LTS-190), built on Dec  6 2022 15:53:54 by "mach5one" with MS VC++ 17.1 (VS2022)

END.
