#
# There is insufficient memory for the Java Runtime Environment to continue.
# Native memory allocation (malloc) failed to allocate 1240176 bytes for Chunk::new
# Possible reasons:
#   The system is out of physical RAM or swap space
#   The process is running with CompressedOops enabled, and the Java Heap may be blocking the growth of the native heap
# Possible solutions:
#   Reduce memory load on the system
#   Increase physical memory or swap space
#   Check if swap backing store is full
#   Decrease Java heap size (-Xmx/-Xms)
#   Decrease number of Java threads
#   Decrease Java thread stack sizes (-Xss)
#   Set larger code cache with -XX:ReservedCodeCacheSize=
#   JVM is running with Unscaled Compressed Oops mode in which the Java heap is
#     placed in the first 4GB address space. The Java Heap base address is the
#     maximum limit for the native heap growth. Please use -XX:HeapBaseMinAddress
#     to set the Java Heap base and to place the Java Heap above 4GB virtual address.
# This output file may be truncated or incomplete.
#
#  Out of Memory Error (arena.cpp:189), pid=10196, tid=1376
#
# JRE version: Java(TM) SE Runtime Environment (17.0.6+9) (build 17.0.6+9-LTS-190)
# Java VM: Java HotSpot(TM) 64-Bit Server VM (17.0.6+9-LTS-190, mixed mode, sharing, tiered, compressed oops, compressed class ptrs, g1 gc, windows-amd64)
# No core dump will be written. Minidumps are not enabled by default on client versions of Windows
#

---------------  S U M M A R Y ------------

Command Line: --add-opens=java.base/java.util=ALL-UNNAMED --add-opens=java.base/java.lang=ALL-UNNAMED --add-opens=java.base/java.lang.invoke=ALL-UNNAMED --add-opens=java.prefs/java.util.prefs=ALL-UNNAMED --add-opens=java.base/java.nio.charset=ALL-UNNAMED --add-opens=java.base/java.net=ALL-UNNAMED --add-opens=java.base/java.util.concurrent.atomic=ALL-UNNAMED -XX:MaxMetaspaceSize=256m -XX:+HeapDumpOnOutOfMemoryError -Xms256m -Xmx512m -Dfile.encoding=windows-1252 -Duser.country=CO -Duser.language=es -Duser.variant org.gradle.launcher.daemon.bootstrap.GradleDaemon 7.6.1

Host: Intel(R) Core(TM) i3-9100F CPU @ 3.60GHz, 4 cores, 7G,  Windows 10 , 64 bit Build 19041 (10.0.19041.2788)
Time: Sun Apr 16 20:08:10 2023 Hora est. Pacífico, Sudamérica elapsed time: 2.571399 seconds (0d 0h 0m 2s)

---------------  T H R E A D  ---------------

Current thread (0x000002c25ee7dbb0):  JavaThread "C2 CompilerThread1" daemon [_thread_in_native, id=1376, stack(0x000000e115300000,0x000000e115400000)]


Current CompileTask:
C2:   2571 2674   !   4       java.net.URL::<init> (543 bytes)

Stack: [0x000000e115300000,0x000000e115400000]
Native frames: (J=compiled Java code, j=interpreted, Vv=VM code, C=native code)
V  [jvm.dll+0x6734ea]
V  [jvm.dll+0x7d18f4]
V  [jvm.dll+0x7d309e]
V  [jvm.dll+0x7d3703]
V  [jvm.dll+0x2433c5]
V  [jvm.dll+0xaa46b]
V  [jvm.dll+0xaaa0c]
V  [jvm.dll+0x35eadf]
V  [jvm.dll+0x329401]
V  [jvm.dll+0x32889a]
V  [jvm.dll+0x215ddf]
V  [jvm.dll+0x215211]
V  [jvm.dll+0x1a1730]
V  [jvm.dll+0x224b6e]
V  [jvm.dll+0x222f15]
V  [jvm.dll+0x78753c]
V  [jvm.dll+0x781a7a]
V  [jvm.dll+0x672375]
C  [ucrtbase.dll+0x21bb2]
C  [KERNEL32.DLL+0x17604]
C  [ntdll.dll+0x526a1]


---------------  P R O C E S S  ---------------

Threads class SMR info:
_java_thread_list=0x000002c262d19320, length=34, elements={
0x000002c2442dce50, 0x000002c25e36ae30, 0x000002c25e36dbc0, 0x000002c25e382700,
0x000002c25e3845e0, 0x000002c25e388ec0, 0x000002c25e38a790, 0x000002c25e38b430,
0x000002c25e3972f0, 0x000002c25e399c00, 0x000002c25ee1f2d0, 0x000002c25ee1e930,
0x000002c25ee7dbb0, 0x000002c25ee1f7a0, 0x000002c25ee1ee00, 0x000002c25ee1fc70,
0x000002c25ee222f0, 0x000002c25ee20140, 0x000002c25ee20610, 0x000002c25ee20ae0,
0x000002c25ee20fb0, 0x000002c25ee21480, 0x000002c25ee21950, 0x000002c260cce280,
0x000002c260cd12a0, 0x000002c260ccfa90, 0x000002c260ccf0f0, 0x000002c260cd1770,
0x000002c260cd1c40, 0x000002c260cd4c60, 0x000002c260cd0dd0, 0x000002c260cd2110,
0x000002c260cd3450, 0x000002c260cd3920
}

Java Threads: ( => current thread )
  0x000002c2442dce50 JavaThread "main" [_thread_blocked, id=11392, stack(0x000000e114000000,0x000000e114100000)]
  0x000002c25e36ae30 JavaThread "Reference Handler" daemon [_thread_blocked, id=5920, stack(0x000000e114700000,0x000000e114800000)]
  0x000002c25e36dbc0 JavaThread "Finalizer" daemon [_thread_blocked, id=13936, stack(0x000000e114800000,0x000000e114900000)]
  0x000002c25e382700 JavaThread "Signal Dispatcher" daemon [_thread_blocked, id=2512, stack(0x000000e114900000,0x000000e114a00000)]
  0x000002c25e3845e0 JavaThread "Attach Listener" daemon [_thread_blocked, id=8488, stack(0x000000e114a00000,0x000000e114b00000)]
  0x000002c25e388ec0 JavaThread "Service Thread" daemon [_thread_blocked, id=8000, stack(0x000000e114b00000,0x000000e114c00000)]
  0x000002c25e38a790 JavaThread "Monitor Deflation Thread" daemon [_thread_blocked, id=8620, stack(0x000000e114c00000,0x000000e114d00000)]
  0x000002c25e38b430 JavaThread "C2 CompilerThread0" daemon [_thread_in_native, id=13520, stack(0x000000e114d00000,0x000000e114e00000)]
  0x000002c25e3972f0 JavaThread "C1 CompilerThread0" daemon [_thread_blocked, id=3008, stack(0x000000e114e00000,0x000000e114f00000)]
  0x000002c25e399c00 JavaThread "Sweeper thread" daemon [_thread_blocked, id=5044, stack(0x000000e114f00000,0x000000e115000000)]
  0x000002c25ee1f2d0 JavaThread "Common-Cleaner" daemon [_thread_blocked, id=8812, stack(0x000000e115000000,0x000000e115100000)]
  0x000002c25ee1e930 JavaThread "Notification Thread" daemon [_thread_blocked, id=10872, stack(0x000000e115100000,0x000000e115200000)]
=>0x000002c25ee7dbb0 JavaThread "C2 CompilerThread1" daemon [_thread_in_native, id=1376, stack(0x000000e115300000,0x000000e115400000)]
  0x000002c25ee1f7a0 JavaThread "Daemon health stats" [_thread_blocked, id=10952, stack(0x000000e115700000,0x000000e115800000)]
  0x000002c25ee1ee00 JavaThread "Incoming local TCP Connector on port 51621" [_thread_in_native, id=13720, stack(0x000000e115800000,0x000000e115900000)]
  0x000002c25ee1fc70 JavaThread "Daemon periodic checks" [_thread_blocked, id=15056, stack(0x000000e115900000,0x000000e115a00000)]
  0x000002c25ee222f0 JavaThread "Daemon" [_thread_blocked, id=5804, stack(0x000000e115a00000,0x000000e115b00000)]
  0x000002c25ee20140 JavaThread "Handler for socket connection from /127.0.0.1:51621 to /127.0.0.1:51622" [_thread_in_native, id=6980, stack(0x000000e115b00000,0x000000e115c00000)]
  0x000002c25ee20610 JavaThread "Cancel handler" [_thread_blocked, id=9644, stack(0x000000e115c00000,0x000000e115d00000)]
  0x000002c25ee20ae0 JavaThread "Daemon worker" [_thread_in_vm, id=8764, stack(0x000000e115d00000,0x000000e115e00000)]
  0x000002c25ee20fb0 JavaThread "Asynchronous log dispatcher for DefaultDaemonConnection: socket connection from /127.0.0.1:51621 to /127.0.0.1:51622" [_thread_blocked, id=7852, stack(0x000000e115e00000,0x000000e115f00000)]
  0x000002c25ee21480 JavaThread "Stdin handler" [_thread_blocked, id=11544, stack(0x000000e115f00000,0x000000e116000000)]
  0x000002c25ee21950 JavaThread "Daemon client event forwarder" [_thread_blocked, id=7264, stack(0x000000e116000000,0x000000e116100000)]
  0x000002c260cce280 JavaThread "Cache worker for journal cache (C:\Users\RAFAEL\.gradle\caches\journal-1)" [_thread_blocked, id=7896, stack(0x000000e116100000,0x000000e116200000)]
  0x000002c260cd12a0 JavaThread "File lock request listener" [_thread_in_native, id=2504, stack(0x000000e116200000,0x000000e116300000)]
  0x000002c260ccfa90 JavaThread "Cache worker for file hash cache (C:\Users\RAFAEL\.gradle\caches\7.6.1\fileHashes)" [_thread_blocked, id=10548, stack(0x000000e116300000,0x000000e116400000)]
  0x000002c260ccf0f0 JavaThread "File watcher server" daemon [_thread_in_native, id=14976, stack(0x000000e116400000,0x000000e116500000)]
  0x000002c260cd1770 JavaThread "File watcher consumer" daemon [_thread_blocked, id=1128, stack(0x000000e116500000,0x000000e116600000)]
  0x000002c260cd1c40 JavaThread "Cache worker for checksums cache (D:\Escritorio\parcial1procesoscrud\.gradle\7.6.1\checksums)" [_thread_blocked, id=12312, stack(0x000000e116600000,0x000000e116700000)]
  0x000002c260cd4c60 JavaThread "Cache worker for cache directory md-rule (C:\Users\RAFAEL\.gradle\caches\7.6.1\md-rule)" [_thread_blocked, id=7560, stack(0x000000e116700000,0x000000e116800000)]
  0x000002c260cd0dd0 JavaThread "Cache worker for file content cache (C:\Users\RAFAEL\.gradle\caches\7.6.1\fileContent)" [_thread_blocked, id=7392, stack(0x000000e116800000,0x000000e116900000)]
  0x000002c260cd2110 JavaThread "Cache worker for file hash cache (D:\Escritorio\parcial1procesoscrud\.gradle\7.6.1\fileHashes)" [_thread_blocked, id=832, stack(0x000000e116900000,0x000000e116a00000)]
  0x000002c260cd3450 JavaThread "Cache worker for cache directory md-supplier (C:\Users\RAFAEL\.gradle\caches\7.6.1\md-supplier)" [_thread_blocked, id=1084, stack(0x000000e116a00000,0x000000e116b00000)]
  0x000002c260cd3920 JavaThread "Cache worker for execution history cache (C:\Users\RAFAEL\.gradle\caches\7.6.1\executionHistory)" [_thread_blocked, id=10868, stack(0x000000e116b00000,0x000000e116c00000)]

Other Threads:
  0x000002c25e365310 VMThread "VM Thread" [stack: 0x000000e114600000,0x000000e114700000] [id=13236]
  0x000002c25ee31520 WatcherThread [stack: 0x000000e115200000,0x000000e115300000] [id=1976]
  0x000002c24430b070 GCTaskThread "GC Thread#0" [stack: 0x000000e114100000,0x000000e114200000] [id=4868]
  0x000002c25ee7e840 GCTaskThread "GC Thread#1" [stack: 0x000000e115400000,0x000000e115500000] [id=6004]
  0x000002c25f7c7820 GCTaskThread "GC Thread#2" [stack: 0x000000e115500000,0x000000e115600000] [id=8908]
  0x000002c25f7c7ad0 GCTaskThread "GC Thread#3" [stack: 0x000000e115600000,0x000000e115700000] [id=13588]
  0x000002c244310ed0 ConcurrentGCThread "G1 Main Marker" [stack: 0x000000e114200000,0x000000e114300000] [id=244]
  0x000002c244312fa0 ConcurrentGCThread "G1 Conc#0" [stack: 0x000000e114300000,0x000000e114400000] [id=11332]
  0x000002c25e22c520 ConcurrentGCThread "G1 Refine#0" [stack: 0x000000e114400000,0x000000e114500000] [id=6680]
  0x000002c25e22ce50 ConcurrentGCThread "G1 Service" [stack: 0x000000e114500000,0x000000e114600000] [id=3464]

Threads with active compile tasks:
C2 CompilerThread0     2591 2725       4       java.util.WeakHashMap::put (160 bytes)
C2 CompilerThread1     2591 2674   !   4       java.net.URL::<init> (543 bytes)

VM state: not at safepoint (normal execution)

VM Mutex/Monitor currently owned by a thread: None

Heap address: 0x00000000e0000000, size: 512 MB, Compressed Oops mode: 32-bit

CDS archive(s) mapped at: [0x0000000800000000-0x0000000800bd0000-0x0000000800bd0000), size 12386304, SharedBaseAddress: 0x0000000800000000, ArchiveRelocationMode: 0.
Compressed class space mapped at: 0x0000000800c00000-0x000000080dc00000, reserved size: 218103808
Narrow klass base: 0x0000000800000000, Narrow klass shift: 0, Narrow klass range: 0x100000000

GC Precious Log:
 CPUs: 4 total, 4 available
 Memory: 8134M
 Large Page Support: Disabled
 NUMA Support: Disabled
 Compressed Oops: Enabled (32-bit)
 Heap Region Size: 1M
 Heap Min Capacity: 256M
 Heap Initial Capacity: 256M
 Heap Max Capacity: 512M
 Pre-touch: Disabled
 Parallel Workers: 4
 Concurrent Workers: 1
 Concurrent Refinement Workers: 4
 Periodic GC: Disabled

Heap:
 garbage-first heap   total 262144K, used 35998K [0x00000000e0000000, 0x0000000100000000)
  region size 1024K, 27 young (27648K), 11 survivors (11264K)
 Metaspace       used 23461K, committed 23808K, reserved 237568K
  class space    used 3532K, committed 3712K, reserved 212992K

Heap Regions: E=young(eden), S=young(survivor), O=old, HS=humongous(starts), HC=humongous(continues), CS=collection set, F=free, OA=open archive, CA=closed archive, TAMS=top-at-mark-start (previous, next)
|   0|0x00000000e0000000, 0x00000000e0100000, 0x00000000e0100000|100%| O|  |TAMS 0x00000000e0100000, 0x00000000e0000000| Untracked 
|   1|0x00000000e0100000, 0x00000000e0200000, 0x00000000e0200000|100%| O|  |TAMS 0x00000000e0200000, 0x00000000e0100000| Untracked 
|   2|0x00000000e0200000, 0x00000000e0300000, 0x00000000e0300000|100%|HS|  |TAMS 0x00000000e0300000, 0x00000000e0200000| Complete 
|   3|0x00000000e0300000, 0x00000000e0400000, 0x00000000e0400000|100%|HC|  |TAMS 0x00000000e0400000, 0x00000000e0300000| Complete 
|   4|0x00000000e0400000, 0x00000000e0500000, 0x00000000e0500000|100%|HC|  |TAMS 0x00000000e0500000, 0x00000000e0400000| Complete 
|   5|0x00000000e0500000, 0x00000000e0600000, 0x00000000e0600000|100%| O|  |TAMS 0x00000000e0600000, 0x00000000e0500000| Untracked 
|   6|0x00000000e0600000, 0x00000000e0700000, 0x00000000e0700000|100%| O|  |TAMS 0x00000000e0700000, 0x00000000e0600000| Untracked 
|   7|0x00000000e0700000, 0x00000000e0700000, 0x00000000e0800000|  0%| F|  |TAMS 0x00000000e0700000, 0x00000000e0700000| Untracked 
|   8|0x00000000e0800000, 0x00000000e0900000, 0x00000000e0900000|100%| O|  |TAMS 0x00000000e0900000, 0x00000000e0800000| Untracked 
|   9|0x00000000e0900000, 0x00000000e0a00000, 0x00000000e0a00000|100%| O|  |TAMS 0x00000000e0a00000, 0x00000000e0900000| Untracked 
|  10|0x00000000e0a00000, 0x00000000e0a2fa00, 0x00000000e0b00000| 18%| O|  |TAMS 0x00000000e0a2fa00, 0x00000000e0a00000| Untracked 
|  11|0x00000000e0b00000, 0x00000000e0b00000, 0x00000000e0c00000|  0%| F|  |TAMS 0x00000000e0b00000, 0x00000000e0b00000| Untracked 
|  12|0x00000000e0c00000, 0x00000000e0c00000, 0x00000000e0d00000|  0%| F|  |TAMS 0x00000000e0c00000, 0x00000000e0c00000| Untracked 
|  13|0x00000000e0d00000, 0x00000000e0d00000, 0x00000000e0e00000|  0%| F|  |TAMS 0x00000000e0d00000, 0x00000000e0d00000| Untracked 
|  14|0x00000000e0e00000, 0x00000000e0e00000, 0x00000000e0f00000|  0%| F|  |TAMS 0x00000000e0e00000, 0x00000000e0e00000| Untracked 
|  15|0x00000000e0f00000, 0x00000000e0f00000, 0x00000000e1000000|  0%| F|  |TAMS 0x00000000e0f00000, 0x00000000e0f00000| Untracked 
|  16|0x00000000e1000000, 0x00000000e1000000, 0x00000000e1100000|  0%| F|  |TAMS 0x00000000e1000000, 0x00000000e1000000| Untracked 
|  17|0x00000000e1100000, 0x00000000e1100000, 0x00000000e1200000|  0%| F|  |TAMS 0x00000000e1100000, 0x00000000e1100000| Untracked 
|  18|0x00000000e1200000, 0x00000000e1200000, 0x00000000e1300000|  0%| F|  |TAMS 0x00000000e1200000, 0x00000000e1200000| Untracked 
|  19|0x00000000e1300000, 0x00000000e1300000, 0x00000000e1400000|  0%| F|  |TAMS 0x00000000e1300000, 0x00000000e1300000| Untracked 
|  20|0x00000000e1400000, 0x00000000e1400000, 0x00000000e1500000|  0%| F|  |TAMS 0x00000000e1400000, 0x00000000e1400000| Untracked 
|  21|0x00000000e1500000, 0x00000000e1500000, 0x00000000e1600000|  0%| F|  |TAMS 0x00000000e1500000, 0x00000000e1500000| Untracked 
|  22|0x00000000e1600000, 0x00000000e1600000, 0x00000000e1700000|  0%| F|  |TAMS 0x00000000e1600000, 0x00000000e1600000| Untracked 
|  23|0x00000000e1700000, 0x00000000e1700000, 0x00000000e1800000|  0%| F|  |TAMS 0x00000000e1700000, 0x00000000e1700000| Untracked 
|  24|0x00000000e1800000, 0x00000000e1800000, 0x00000000e1900000|  0%| F|  |TAMS 0x00000000e1800000, 0x00000000e1800000| Untracked 
|  25|0x00000000e1900000, 0x00000000e1900000, 0x00000000e1a00000|  0%| F|  |TAMS 0x00000000e1900000, 0x00000000e1900000| Untracked 
|  26|0x00000000e1a00000, 0x00000000e1a00000, 0x00000000e1b00000|  0%| F|  |TAMS 0x00000000e1a00000, 0x00000000e1a00000| Untracked 
|  27|0x00000000e1b00000, 0x00000000e1b00000, 0x00000000e1c00000|  0%| F|  |TAMS 0x00000000e1b00000, 0x00000000e1b00000| Untracked 
|  28|0x00000000e1c00000, 0x00000000e1c00000, 0x00000000e1d00000|  0%| F|  |TAMS 0x00000000e1c00000, 0x00000000e1c00000| Untracked 
|  29|0x00000000e1d00000, 0x00000000e1d00000, 0x00000000e1e00000|  0%| F|  |TAMS 0x00000000e1d00000, 0x00000000e1d00000| Untracked 
|  30|0x00000000e1e00000, 0x00000000e1e00000, 0x00000000e1f00000|  0%| F|  |TAMS 0x00000000e1e00000, 0x00000000e1e00000| Untracked 
|  31|0x00000000e1f00000, 0x00000000e1f00000, 0x00000000e2000000|  0%| F|  |TAMS 0x00000000e1f00000, 0x00000000e1f00000| Untracked 
|  32|0x00000000e2000000, 0x00000000e2000000, 0x00000000e2100000|  0%| F|  |TAMS 0x00000000e2000000, 0x00000000e2000000| Untracked 
|  33|0x00000000e2100000, 0x00000000e2100000, 0x00000000e2200000|  0%| F|  |TAMS 0x00000000e2100000, 0x00000000e2100000| Untracked 
|  34|0x00000000e2200000, 0x00000000e2200000, 0x00000000e2300000|  0%| F|  |TAMS 0x00000000e2200000, 0x00000000e2200000| Untracked 
|  35|0x00000000e2300000, 0x00000000e2300000, 0x00000000e2400000|  0%| F|  |TAMS 0x00000000e2300000, 0x00000000e2300000| Untracked 
|  36|0x00000000e2400000, 0x00000000e2400000, 0x00000000e2500000|  0%| F|  |TAMS 0x00000000e2400000, 0x00000000e2400000| Untracked 
|  37|0x00000000e2500000, 0x00000000e2500000, 0x00000000e2600000|  0%| F|  |TAMS 0x00000000e2500000, 0x00000000e2500000| Untracked 
|  38|0x00000000e2600000, 0x00000000e2600000, 0x00000000e2700000|  0%| F|  |TAMS 0x00000000e2600000, 0x00000000e2600000| Untracked 
|  39|0x00000000e2700000, 0x00000000e2700000, 0x00000000e2800000|  0%| F|  |TAMS 0x00000000e2700000, 0x00000000e2700000| Untracked 
|  40|0x00000000e2800000, 0x00000000e2800000, 0x00000000e2900000|  0%| F|  |TAMS 0x00000000e2800000, 0x00000000e2800000| Untracked 
|  41|0x00000000e2900000, 0x00000000e2900000, 0x00000000e2a00000|  0%| F|  |TAMS 0x00000000e2900000, 0x00000000e2900000| Untracked 
|  42|0x00000000e2a00000, 0x00000000e2a00000, 0x00000000e2b00000|  0%| F|  |TAMS 0x00000000e2a00000, 0x00000000e2a00000| Untracked 
|  43|0x00000000e2b00000, 0x00000000e2b00000, 0x00000000e2c00000|  0%| F|  |TAMS 0x00000000e2b00000, 0x00000000e2b00000| Untracked 
|  44|0x00000000e2c00000, 0x00000000e2c00000, 0x00000000e2d00000|  0%| F|  |TAMS 0x00000000e2c00000, 0x00000000e2c00000| Untracked 
|  45|0x00000000e2d00000, 0x00000000e2d00000, 0x00000000e2e00000|  0%| F|  |TAMS 0x00000000e2d00000, 0x00000000e2d00000| Untracked 
|  46|0x00000000e2e00000, 0x00000000e2e00000, 0x00000000e2f00000|  0%| F|  |TAMS 0x00000000e2e00000, 0x00000000e2e00000| Untracked 
|  47|0x00000000e2f00000, 0x00000000e2f00000, 0x00000000e3000000|  0%| F|  |TAMS 0x00000000e2f00000, 0x00000000e2f00000| Untracked 
|  48|0x00000000e3000000, 0x00000000e3000000, 0x00000000e3100000|  0%| F|  |TAMS 0x00000000e3000000, 0x00000000e3000000| Untracked 
|  49|0x00000000e3100000, 0x00000000e3100000, 0x00000000e3200000|  0%| F|  |TAMS 0x00000000e3100000, 0x00000000e3100000| Untracked 
|  50|0x00000000e3200000, 0x00000000e3200000, 0x00000000e3300000|  0%| F|  |TAMS 0x00000000e3200000, 0x00000000e3200000| Untracked 
|  51|0x00000000e3300000, 0x00000000e3300000, 0x00000000e3400000|  0%| F|  |TAMS 0x00000000e3300000, 0x00000000e3300000| Untracked 
|  52|0x00000000e3400000, 0x00000000e3400000, 0x00000000e3500000|  0%| F|  |TAMS 0x00000000e3400000, 0x00000000e3400000| Untracked 
|  53|0x00000000e3500000, 0x00000000e3500000, 0x00000000e3600000|  0%| F|  |TAMS 0x00000000e3500000, 0x00000000e3500000| Untracked 
|  54|0x00000000e3600000, 0x00000000e3600000, 0x00000000e3700000|  0%| F|  |TAMS 0x00000000e3600000, 0x00000000e3600000| Untracked 
|  55|0x00000000e3700000, 0x00000000e3700000, 0x00000000e3800000|  0%| F|  |TAMS 0x00000000e3700000, 0x00000000e3700000| Untracked 
|  56|0x00000000e3800000, 0x00000000e3800000, 0x00000000e3900000|  0%| F|  |TAMS 0x00000000e3800000, 0x00000000e3800000| Untracked 
|  57|0x00000000e3900000, 0x00000000e3900000, 0x00000000e3a00000|  0%| F|  |TAMS 0x00000000e3900000, 0x00000000e3900000| Untracked 
|  58|0x00000000e3a00000, 0x00000000e3a00000, 0x00000000e3b00000|  0%| F|  |TAMS 0x00000000e3a00000, 0x00000000e3a00000| Untracked 
|  59|0x00000000e3b00000, 0x00000000e3b00000, 0x00000000e3c00000|  0%| F|  |TAMS 0x00000000e3b00000, 0x00000000e3b00000| Untracked 
|  60|0x00000000e3c00000, 0x00000000e3c00000, 0x00000000e3d00000|  0%| F|  |TAMS 0x00000000e3c00000, 0x00000000e3c00000| Untracked 
|  61|0x00000000e3d00000, 0x00000000e3d00000, 0x00000000e3e00000|  0%| F|  |TAMS 0x00000000e3d00000, 0x00000000e3d00000| Untracked 
|  62|0x00000000e3e00000, 0x00000000e3e00000, 0x00000000e3f00000|  0%| F|  |TAMS 0x00000000e3e00000, 0x00000000e3e00000| Untracked 
|  63|0x00000000e3f00000, 0x00000000e3f00000, 0x00000000e4000000|  0%| F|  |TAMS 0x00000000e3f00000, 0x00000000e3f00000| Untracked 
|  64|0x00000000e4000000, 0x00000000e4000000, 0x00000000e4100000|  0%| F|  |TAMS 0x00000000e4000000, 0x00000000e4000000| Untracked 
|  65|0x00000000e4100000, 0x00000000e4100000, 0x00000000e4200000|  0%| F|  |TAMS 0x00000000e4100000, 0x00000000e4100000| Untracked 
|  66|0x00000000e4200000, 0x00000000e4200000, 0x00000000e4300000|  0%| F|  |TAMS 0x00000000e4200000, 0x00000000e4200000| Untracked 
|  67|0x00000000e4300000, 0x00000000e4300000, 0x00000000e4400000|  0%| F|  |TAMS 0x00000000e4300000, 0x00000000e4300000| Untracked 
|  68|0x00000000e4400000, 0x00000000e4400000, 0x00000000e4500000|  0%| F|  |TAMS 0x00000000e4400000, 0x00000000e4400000| Untracked 
|  69|0x00000000e4500000, 0x00000000e4500000, 0x00000000e4600000|  0%| F|  |TAMS 0x00000000e4500000, 0x00000000e4500000| Untracked 
|  70|0x00000000e4600000, 0x00000000e4600000, 0x00000000e4700000|  0%| F|  |TAMS 0x00000000e4600000, 0x00000000e4600000| Untracked 
|  71|0x00000000e4700000, 0x00000000e4700000, 0x00000000e4800000|  0%| F|  |TAMS 0x00000000e4700000, 0x00000000e4700000| Untracked 
|  72|0x00000000e4800000, 0x00000000e4800000, 0x00000000e4900000|  0%| F|  |TAMS 0x00000000e4800000, 0x00000000e4800000| Untracked 
|  73|0x00000000e4900000, 0x00000000e4900000, 0x00000000e4a00000|  0%| F|  |TAMS 0x00000000e4900000, 0x00000000e4900000| Untracked 
|  74|0x00000000e4a00000, 0x00000000e4a00000, 0x00000000e4b00000|  0%| F|  |TAMS 0x00000000e4a00000, 0x00000000e4a00000| Untracked 
|  75|0x00000000e4b00000, 0x00000000e4b00000, 0x00000000e4c00000|  0%| F|  |TAMS 0x00000000e4b00000, 0x00000000e4b00000| Untracked 
|  76|0x00000000e4c00000, 0x00000000e4c00000, 0x00000000e4d00000|  0%| F|  |TAMS 0x00000000e4c00000, 0x00000000e4c00000| Untracked 
|  77|0x00000000e4d00000, 0x00000000e4d00000, 0x00000000e4e00000|  0%| F|  |TAMS 0x00000000e4d00000, 0x00000000e4d00000| Untracked 
|  78|0x00000000e4e00000, 0x00000000e4e00000, 0x00000000e4f00000|  0%| F|  |TAMS 0x00000000e4e00000, 0x00000000e4e00000| Untracked 
|  79|0x00000000e4f00000, 0x00000000e4f00000, 0x00000000e5000000|  0%| F|  |TAMS 0x00000000e4f00000, 0x00000000e4f00000| Untracked 
|  80|0x00000000e5000000, 0x00000000e5000000, 0x00000000e5100000|  0%| F|  |TAMS 0x00000000e5000000, 0x00000000e5000000| Untracked 
|  81|0x00000000e5100000, 0x00000000e5100000, 0x00000000e5200000|  0%| F|  |TAMS 0x00000000e5100000, 0x00000000e5100000| Untracked 
|  82|0x00000000e5200000, 0x00000000e5200000, 0x00000000e5300000|  0%| F|  |TAMS 0x00000000e5200000, 0x00000000e5200000| Untracked 
|  83|0x00000000e5300000, 0x00000000e5300000, 0x00000000e5400000|  0%| F|  |TAMS 0x00000000e5300000, 0x00000000e5300000| Untracked 
|  84|0x00000000e5400000, 0x00000000e5400000, 0x00000000e5500000|  0%| F|  |TAMS 0x00000000e5400000, 0x00000000e5400000| Untracked 
|  85|0x00000000e5500000, 0x00000000e5500000, 0x00000000e5600000|  0%| F|  |TAMS 0x00000000e5500000, 0x00000000e5500000| Untracked 
|  86|0x00000000e5600000, 0x00000000e5600000, 0x00000000e5700000|  0%| F|  |TAMS 0x00000000e5600000, 0x00000000e5600000| Untracked 
|  87|0x00000000e5700000, 0x00000000e5700000, 0x00000000e5800000|  0%| F|  |TAMS 0x00000000e5700000, 0x00000000e5700000| Untracked 
|  88|0x00000000e5800000, 0x00000000e5800000, 0x00000000e5900000|  0%| F|  |TAMS 0x00000000e5800000, 0x00000000e5800000| Untracked 
|  89|0x00000000e5900000, 0x00000000e5900000, 0x00000000e5a00000|  0%| F|  |TAMS 0x00000000e5900000, 0x00000000e5900000| Untracked 
|  90|0x00000000e5a00000, 0x00000000e5a00000, 0x00000000e5b00000|  0%| F|  |TAMS 0x00000000e5a00000, 0x00000000e5a00000| Untracked 
|  91|0x00000000e5b00000, 0x00000000e5b00000, 0x00000000e5c00000|  0%| F|  |TAMS 0x00000000e5b00000, 0x00000000e5b00000| Untracked 
|  92|0x00000000e5c00000, 0x00000000e5c00000, 0x00000000e5d00000|  0%| F|  |TAMS 0x00000000e5c00000, 0x00000000e5c00000| Untracked 
|  93|0x00000000e5d00000, 0x00000000e5d00000, 0x00000000e5e00000|  0%| F|  |TAMS 0x00000000e5d00000, 0x00000000e5d00000| Untracked 
|  94|0x00000000e5e00000, 0x00000000e5e00000, 0x00000000e5f00000|  0%| F|  |TAMS 0x00000000e5e00000, 0x00000000e5e00000| Untracked 
|  95|0x00000000e5f00000, 0x00000000e5f00000, 0x00000000e6000000|  0%| F|  |TAMS 0x00000000e5f00000, 0x00000000e5f00000| Untracked 
|  96|0x00000000e6000000, 0x00000000e6000000, 0x00000000e6100000|  0%| F|  |TAMS 0x00000000e6000000, 0x00000000e6000000| Untracked 
|  97|0x00000000e6100000, 0x00000000e6100000, 0x00000000e6200000|  0%| F|  |TAMS 0x00000000e6100000, 0x00000000e6100000| Untracked 
|  98|0x00000000e6200000, 0x00000000e6200000, 0x00000000e6300000|  0%| F|  |TAMS 0x00000000e6200000, 0x00000000e6200000| Untracked 
|  99|0x00000000e6300000, 0x00000000e6300000, 0x00000000e6400000|  0%| F|  |TAMS 0x00000000e6300000, 0x00000000e6300000| Untracked 
| 100|0x00000000e6400000, 0x00000000e6400000, 0x00000000e6500000|  0%| F|  |TAMS 0x00000000e6400000, 0x00000000e6400000| Untracked 
| 101|0x00000000e6500000, 0x00000000e6500000, 0x00000000e6600000|  0%| F|  |TAMS 0x00000000e6500000, 0x00000000e6500000| Untracked 
| 102|0x00000000e6600000, 0x00000000e6600000, 0x00000000e6700000|  0%| F|  |TAMS 0x00000000e6600000, 0x00000000e6600000| Untracked 
| 103|0x00000000e6700000, 0x00000000e6700000, 0x00000000e6800000|  0%| F|  |TAMS 0x00000000e6700000, 0x00000000e6700000| Untracked 
| 104|0x00000000e6800000, 0x00000000e6800000, 0x00000000e6900000|  0%| F|  |TAMS 0x00000000e6800000, 0x00000000e6800000| Untracked 
| 105|0x00000000e6900000, 0x00000000e6900000, 0x00000000e6a00000|  0%| F|  |TAMS 0x00000000e6900000, 0x00000000e6900000| Untracked 
| 106|0x00000000e6a00000, 0x00000000e6a00000, 0x00000000e6b00000|  0%| F|  |TAMS 0x00000000e6a00000, 0x00000000e6a00000| Untracked 
| 107|0x00000000e6b00000, 0x00000000e6b00000, 0x00000000e6c00000|  0%| F|  |TAMS 0x00000000e6b00000, 0x00000000e6b00000| Untracked 
| 108|0x00000000e6c00000, 0x00000000e6c00000, 0x00000000e6d00000|  0%| F|  |TAMS 0x00000000e6c00000, 0x00000000e6c00000| Untracked 
| 109|0x00000000e6d00000, 0x00000000e6d00000, 0x00000000e6e00000|  0%| F|  |TAMS 0x00000000e6d00000, 0x00000000e6d00000| Untracked 
| 110|0x00000000e6e00000, 0x00000000e6e00000, 0x00000000e6f00000|  0%| F|  |TAMS 0x00000000e6e00000, 0x00000000e6e00000| Untracked 
| 111|0x00000000e6f00000, 0x00000000e6f00000, 0x00000000e7000000|  0%| F|  |TAMS 0x00000000e6f00000, 0x00000000e6f00000| Untracked 
| 112|0x00000000e7000000, 0x00000000e7000000, 0x00000000e7100000|  0%| F|  |TAMS 0x00000000e7000000, 0x00000000e7000000| Untracked 
| 113|0x00000000e7100000, 0x00000000e7100000, 0x00000000e7200000|  0%| F|  |TAMS 0x00000000e7100000, 0x00000000e7100000| Untracked 
| 114|0x00000000e7200000, 0x00000000e7200000, 0x00000000e7300000|  0%| F|  |TAMS 0x00000000e7200000, 0x00000000e7200000| Untracked 
| 115|0x00000000e7300000, 0x00000000e7300000, 0x00000000e7400000|  0%| F|  |TAMS 0x00000000e7300000, 0x00000000e7300000| Untracked 
| 116|0x00000000e7400000, 0x00000000e7400000, 0x00000000e7500000|  0%| F|  |TAMS 0x00000000e7400000, 0x00000000e7400000| Untracked 
| 117|0x00000000e7500000, 0x00000000e7500000, 0x00000000e7600000|  0%| F|  |TAMS 0x00000000e7500000, 0x00000000e7500000| Untracked 
| 118|0x00000000e7600000, 0x00000000e7600000, 0x00000000e7700000|  0%| F|  |TAMS 0x00000000e7600000, 0x00000000e7600000| Untracked 
| 119|0x00000000e7700000, 0x00000000e7700000, 0x00000000e7800000|  0%| F|  |TAMS 0x00000000e7700000, 0x00000000e7700000| Untracked 
| 120|0x00000000e7800000, 0x00000000e7800000, 0x00000000e7900000|  0%| F|  |TAMS 0x00000000e7800000, 0x00000000e7800000| Untracked 
| 121|0x00000000e7900000, 0x00000000e7900000, 0x00000000e7a00000|  0%| F|  |TAMS 0x00000000e7900000, 0x00000000e7900000| Untracked 
| 122|0x00000000e7a00000, 0x00000000e7a00000, 0x00000000e7b00000|  0%| F|  |TAMS 0x00000000e7a00000, 0x00000000e7a00000| Untracked 
| 123|0x00000000e7b00000, 0x00000000e7b00000, 0x00000000e7c00000|  0%| F|  |TAMS 0x00000000e7b00000, 0x00000000e7b00000| Untracked 
| 124|0x00000000e7c00000, 0x00000000e7c00000, 0x00000000e7d00000|  0%| F|  |TAMS 0x00000000e7c00000, 0x00000000e7c00000| Untracked 
| 125|0x00000000e7d00000, 0x00000000e7d00000, 0x00000000e7e00000|  0%| F|  |TAMS 0x00000000e7d00000, 0x00000000e7d00000| Untracked 
| 126|0x00000000e7e00000, 0x00000000e7e00000, 0x00000000e7f00000|  0%| F|  |TAMS 0x00000000e7e00000, 0x00000000e7e00000| Untracked 
| 127|0x00000000e7f00000, 0x00000000e7f00000, 0x00000000e8000000|  0%| F|  |TAMS 0x00000000e7f00000, 0x00000000e7f00000| Untracked 
| 128|0x00000000e8000000, 0x00000000e8000000, 0x00000000e8100000|  0%| F|  |TAMS 0x00000000e8000000, 0x00000000e8000000| Untracked 
| 129|0x00000000e8100000, 0x00000000e8100000, 0x00000000e8200000|  0%| F|  |TAMS 0x00000000e8100000, 0x00000000e8100000| Untracked 
| 130|0x00000000e8200000, 0x00000000e8200000, 0x00000000e8300000|  0%| F|  |TAMS 0x00000000e8200000, 0x00000000e8200000| Untracked 
| 131|0x00000000e8300000, 0x00000000e8300000, 0x00000000e8400000|  0%| F|  |TAMS 0x00000000e8300000, 0x00000000e8300000| Untracked 
| 132|0x00000000e8400000, 0x00000000e8400000, 0x00000000e8500000|  0%| F|  |TAMS 0x00000000e8400000, 0x00000000e8400000| Untracked 
| 133|0x00000000e8500000, 0x00000000e8500000, 0x00000000e8600000|  0%| F|  |TAMS 0x00000000e8500000, 0x00000000e8500000| Untracked 
| 134|0x00000000e8600000, 0x00000000e8600000, 0x00000000e8700000|  0%| F|  |TAMS 0x00000000e8600000, 0x00000000e8600000| Untracked 
| 135|0x00000000e8700000, 0x00000000e8700000, 0x00000000e8800000|  0%| F|  |TAMS 0x00000000e8700000, 0x00000000e8700000| Untracked 
| 136|0x00000000e8800000, 0x00000000e8800000, 0x00000000e8900000|  0%| F|  |TAMS 0x00000000e8800000, 0x00000000e8800000| Untracked 
| 137|0x00000000e8900000, 0x00000000e8900000, 0x00000000e8a00000|  0%| F|  |TAMS 0x00000000e8900000, 0x00000000e8900000| Untracked 
| 138|0x00000000e8a00000, 0x00000000e8a00000, 0x00000000e8b00000|  0%| F|  |TAMS 0x00000000e8a00000, 0x00000000e8a00000| Untracked 
| 139|0x00000000e8b00000, 0x00000000e8b00000, 0x00000000e8c00000|  0%| F|  |TAMS 0x00000000e8b00000, 0x00000000e8b00000| Untracked 
| 140|0x00000000e8c00000, 0x00000000e8c00000, 0x00000000e8d00000|  0%| F|  |TAMS 0x00000000e8c00000, 0x00000000e8c00000| Untracked 
| 141|0x00000000e8d00000, 0x00000000e8d00000, 0x00000000e8e00000|  0%| F|  |TAMS 0x00000000e8d00000, 0x00000000e8d00000| Untracked 
| 142|0x00000000e8e00000, 0x00000000e8e00000, 0x00000000e8f00000|  0%| F|  |TAMS 0x00000000e8e00000, 0x00000000e8e00000| Untracked 
| 143|0x00000000e8f00000, 0x00000000e8ff7ec0, 0x00000000e9000000| 96%| S|CS|TAMS 0x00000000e8f00000, 0x00000000e8f00000| Complete 
| 144|0x00000000e9000000, 0x00000000e9100000, 0x00000000e9100000|100%| S|CS|TAMS 0x00000000e9000000, 0x00000000e9000000| Complete 
| 145|0x00000000e9100000, 0x00000000e9200000, 0x00000000e9200000|100%| S|CS|TAMS 0x00000000e9100000, 0x00000000e9100000| Complete 
| 146|0x00000000e9200000, 0x00000000e9300000, 0x00000000e9300000|100%| S|CS|TAMS 0x00000000e9200000, 0x00000000e9200000| Complete 
| 147|0x00000000e9300000, 0x00000000e9400000, 0x00000000e9400000|100%| S|CS|TAMS 0x00000000e9300000, 0x00000000e9300000| Complete 
| 148|0x00000000e9400000, 0x00000000e9500000, 0x00000000e9500000|100%| S|CS|TAMS 0x00000000e9400000, 0x00000000e9400000| Complete 
| 149|0x00000000e9500000, 0x00000000e9600000, 0x00000000e9600000|100%| S|CS|TAMS 0x00000000e9500000, 0x00000000e9500000| Complete 
| 150|0x00000000e9600000, 0x00000000e9700000, 0x00000000e9700000|100%| S|CS|TAMS 0x00000000e9600000, 0x00000000e9600000| Complete 
| 151|0x00000000e9700000, 0x00000000e9800000, 0x00000000e9800000|100%| S|CS|TAMS 0x00000000e9700000, 0x00000000e9700000| Complete 
| 152|0x00000000e9800000, 0x00000000e9900000, 0x00000000e9900000|100%| S|CS|TAMS 0x00000000e9800000, 0x00000000e9800000| Complete 
| 153|0x00000000e9900000, 0x00000000e9a00000, 0x00000000e9a00000|100%| S|CS|TAMS 0x00000000e9900000, 0x00000000e9900000| Complete 
| 154|0x00000000e9a00000, 0x00000000e9a00000, 0x00000000e9b00000|  0%| F|  |TAMS 0x00000000e9a00000, 0x00000000e9a00000| Untracked 
| 155|0x00000000e9b00000, 0x00000000e9b00000, 0x00000000e9c00000|  0%| F|  |TAMS 0x00000000e9b00000, 0x00000000e9b00000| Untracked 
| 156|0x00000000e9c00000, 0x00000000e9c00000, 0x00000000e9d00000|  0%| F|  |TAMS 0x00000000e9c00000, 0x00000000e9c00000| Untracked 
| 157|0x00000000e9d00000, 0x00000000e9d00000, 0x00000000e9e00000|  0%| F|  |TAMS 0x00000000e9d00000, 0x00000000e9d00000| Untracked 
| 158|0x00000000e9e00000, 0x00000000e9e00000, 0x00000000e9f00000|  0%| F|  |TAMS 0x00000000e9e00000, 0x00000000e9e00000| Untracked 
| 159|0x00000000e9f00000, 0x00000000e9f00000, 0x00000000ea000000|  0%| F|  |TAMS 0x00000000e9f00000, 0x00000000e9f00000| Untracked 
| 160|0x00000000ea000000, 0x00000000ea000000, 0x00000000ea100000|  0%| F|  |TAMS 0x00000000ea000000, 0x00000000ea000000| Untracked 
| 161|0x00000000ea100000, 0x00000000ea100000, 0x00000000ea200000|  0%| F|  |TAMS 0x00000000ea100000, 0x00000000ea100000| Untracked 
| 162|0x00000000ea200000, 0x00000000ea200000, 0x00000000ea300000|  0%| F|  |TAMS 0x00000000ea200000, 0x00000000ea200000| Untracked 
| 163|0x00000000ea300000, 0x00000000ea300000, 0x00000000ea400000|  0%| F|  |TAMS 0x00000000ea300000, 0x00000000ea300000| Untracked 
| 164|0x00000000ea400000, 0x00000000ea400000, 0x00000000ea500000|  0%| F|  |TAMS 0x00000000ea400000, 0x00000000ea400000| Untracked 
| 165|0x00000000ea500000, 0x00000000ea500000, 0x00000000ea600000|  0%| F|  |TAMS 0x00000000ea500000, 0x00000000ea500000| Untracked 
| 166|0x00000000ea600000, 0x00000000ea600000, 0x00000000ea700000|  0%| F|  |TAMS 0x00000000ea600000, 0x00000000ea600000| Untracked 
| 167|0x00000000ea700000, 0x00000000ea700000, 0x00000000ea800000|  0%| F|  |TAMS 0x00000000ea700000, 0x00000000ea700000| Untracked 
| 168|0x00000000ea800000, 0x00000000ea800000, 0x00000000ea900000|  0%| F|  |TAMS 0x00000000ea800000, 0x00000000ea800000| Untracked 
| 169|0x00000000ea900000, 0x00000000ea900000, 0x00000000eaa00000|  0%| F|  |TAMS 0x00000000ea900000, 0x00000000ea900000| Untracked 
| 170|0x00000000eaa00000, 0x00000000eaa00000, 0x00000000eab00000|  0%| F|  |TAMS 0x00000000eaa00000, 0x00000000eaa00000| Untracked 
| 171|0x00000000eab00000, 0x00000000eab00000, 0x00000000eac00000|  0%| F|  |TAMS 0x00000000eab00000, 0x00000000eab00000| Untracked 
| 172|0x00000000eac00000, 0x00000000eac00000, 0x00000000ead00000|  0%| F|  |TAMS 0x00000000eac00000, 0x00000000eac00000| Untracked 
| 173|0x00000000ead00000, 0x00000000ead00000, 0x00000000eae00000|  0%| F|  |TAMS 0x00000000ead00000, 0x00000000ead00000| Untracked 
| 174|0x00000000eae00000, 0x00000000eae00000, 0x00000000eaf00000|  0%| F|  |TAMS 0x00000000eae00000, 0x00000000eae00000| Untracked 
| 175|0x00000000eaf00000, 0x00000000eaf00000, 0x00000000eb000000|  0%| F|  |TAMS 0x00000000eaf00000, 0x00000000eaf00000| Untracked 
| 176|0x00000000eb000000, 0x00000000eb000000, 0x00000000eb100000|  0%| F|  |TAMS 0x00000000eb000000, 0x00000000eb000000| Untracked 
| 177|0x00000000eb100000, 0x00000000eb100000, 0x00000000eb200000|  0%| F|  |TAMS 0x00000000eb100000, 0x00000000eb100000| Untracked 
| 178|0x00000000eb200000, 0x00000000eb200000, 0x00000000eb300000|  0%| F|  |TAMS 0x00000000eb200000, 0x00000000eb200000| Untracked 
| 179|0x00000000eb300000, 0x00000000eb300000, 0x00000000eb400000|  0%| F|  |TAMS 0x00000000eb300000, 0x00000000eb300000| Untracked 
| 180|0x00000000eb400000, 0x00000000eb400000, 0x00000000eb500000|  0%| F|  |TAMS 0x00000000eb400000, 0x00000000eb400000| Untracked 
| 181|0x00000000eb500000, 0x00000000eb500000, 0x00000000eb600000|  0%| F|  |TAMS 0x00000000eb500000, 0x00000000eb500000| Untracked 
| 182|0x00000000eb600000, 0x00000000eb600000, 0x00000000eb700000|  0%| F|  |TAMS 0x00000000eb600000, 0x00000000eb600000| Untracked 
| 183|0x00000000eb700000, 0x00000000eb700000, 0x00000000eb800000|  0%| F|  |TAMS 0x00000000eb700000, 0x00000000eb700000| Untracked 
| 184|0x00000000eb800000, 0x00000000eb800000, 0x00000000eb900000|  0%| F|  |TAMS 0x00000000eb800000, 0x00000000eb800000| Untracked 
| 185|0x00000000eb900000, 0x00000000eb900000, 0x00000000eba00000|  0%| F|  |TAMS 0x00000000eb900000, 0x00000000eb900000| Untracked 
| 186|0x00000000eba00000, 0x00000000eba00000, 0x00000000ebb00000|  0%| F|  |TAMS 0x00000000eba00000, 0x00000000eba00000| Untracked 
| 187|0x00000000ebb00000, 0x00000000ebb00000, 0x00000000ebc00000|  0%| F|  |TAMS 0x00000000ebb00000, 0x00000000ebb00000| Untracked 
| 188|0x00000000ebc00000, 0x00000000ebc00000, 0x00000000ebd00000|  0%| F|  |TAMS 0x00000000ebc00000, 0x00000000ebc00000| Untracked 
| 189|0x00000000ebd00000, 0x00000000ebd00000, 0x00000000ebe00000|  0%| F|  |TAMS 0x00000000ebd00000, 0x00000000ebd00000| Untracked 
| 190|0x00000000ebe00000, 0x00000000ebe00000, 0x00000000ebf00000|  0%| F|  |TAMS 0x00000000ebe00000, 0x00000000ebe00000| Untracked 
| 191|0x00000000ebf00000, 0x00000000ebf00000, 0x00000000ec000000|  0%| F|  |TAMS 0x00000000ebf00000, 0x00000000ebf00000| Untracked 
| 192|0x00000000ec000000, 0x00000000ec000000, 0x00000000ec100000|  0%| F|  |TAMS 0x00000000ec000000, 0x00000000ec000000| Untracked 
| 193|0x00000000ec100000, 0x00000000ec100000, 0x00000000ec200000|  0%| F|  |TAMS 0x00000000ec100000, 0x00000000ec100000| Untracked 
| 194|0x00000000ec200000, 0x00000000ec200000, 0x00000000ec300000|  0%| F|  |TAMS 0x00000000ec200000, 0x00000000ec200000| Untracked 
| 195|0x00000000ec300000, 0x00000000ec300000, 0x00000000ec400000|  0%| F|  |TAMS 0x00000000ec300000, 0x00000000ec300000| Untracked 
| 196|0x00000000ec400000, 0x00000000ec400000, 0x00000000ec500000|  0%| F|  |TAMS 0x00000000ec400000, 0x00000000ec400000| Untracked 
| 197|0x00000000ec500000, 0x00000000ec500000, 0x00000000ec600000|  0%| F|  |TAMS 0x00000000ec500000, 0x00000000ec500000| Untracked 
| 198|0x00000000ec600000, 0x00000000ec600000, 0x00000000ec700000|  0%| F|  |TAMS 0x00000000ec600000, 0x00000000ec600000| Untracked 
| 199|0x00000000ec700000, 0x00000000ec700000, 0x00000000ec800000|  0%| F|  |TAMS 0x00000000ec700000, 0x00000000ec700000| Untracked 
| 200|0x00000000ec800000, 0x00000000ec800000, 0x00000000ec900000|  0%| F|  |TAMS 0x00000000ec800000, 0x00000000ec800000| Untracked 
| 201|0x00000000ec900000, 0x00000000ec900000, 0x00000000eca00000|  0%| F|  |TAMS 0x00000000ec900000, 0x00000000ec900000| Untracked 
| 202|0x00000000eca00000, 0x00000000eca00000, 0x00000000ecb00000|  0%| F|  |TAMS 0x00000000eca00000, 0x00000000eca00000| Untracked 
| 203|0x00000000ecb00000, 0x00000000ecb00000, 0x00000000ecc00000|  0%| F|  |TAMS 0x00000000ecb00000, 0x00000000ecb00000| Untracked 
| 204|0x00000000ecc00000, 0x00000000ecc00000, 0x00000000ecd00000|  0%| F|  |TAMS 0x00000000ecc00000, 0x00000000ecc00000| Untracked 
| 205|0x00000000ecd00000, 0x00000000ecd00000, 0x00000000ece00000|  0%| F|  |TAMS 0x00000000ecd00000, 0x00000000ecd00000| Untracked 
| 206|0x00000000ece00000, 0x00000000ece00000, 0x00000000ecf00000|  0%| F|  |TAMS 0x00000000ece00000, 0x00000000ece00000| Untracked 
| 207|0x00000000ecf00000, 0x00000000ecf00000, 0x00000000ed000000|  0%| F|  |TAMS 0x00000000ecf00000, 0x00000000ecf00000| Untracked 
| 208|0x00000000ed000000, 0x00000000ed000000, 0x00000000ed100000|  0%| F|  |TAMS 0x00000000ed000000, 0x00000000ed000000| Untracked 
| 209|0x00000000ed100000, 0x00000000ed100000, 0x00000000ed200000|  0%| F|  |TAMS 0x00000000ed100000, 0x00000000ed100000| Untracked 
| 210|0x00000000ed200000, 0x00000000ed200000, 0x00000000ed300000|  0%| F|  |TAMS 0x00000000ed200000, 0x00000000ed200000| Untracked 
| 211|0x00000000ed300000, 0x00000000ed300000, 0x00000000ed400000|  0%| F|  |TAMS 0x00000000ed300000, 0x00000000ed300000| Untracked 
| 212|0x00000000ed400000, 0x00000000ed400000, 0x00000000ed500000|  0%| F|  |TAMS 0x00000000ed400000, 0x00000000ed400000| Untracked 
| 213|0x00000000ed500000, 0x00000000ed500000, 0x00000000ed600000|  0%| F|  |TAMS 0x00000000ed500000, 0x00000000ed500000| Untracked 
| 214|0x00000000ed600000, 0x00000000ed600000, 0x00000000ed700000|  0%| F|  |TAMS 0x00000000ed600000, 0x00000000ed600000| Untracked 
| 215|0x00000000ed700000, 0x00000000ed700000, 0x00000000ed800000|  0%| F|  |TAMS 0x00000000ed700000, 0x00000000ed700000| Untracked 
| 216|0x00000000ed800000, 0x00000000ed800000, 0x00000000ed900000|  0%| F|  |TAMS 0x00000000ed800000, 0x00000000ed800000| Untracked 
| 217|0x00000000ed900000, 0x00000000ed900000, 0x00000000eda00000|  0%| F|  |TAMS 0x00000000ed900000, 0x00000000ed900000| Untracked 
| 218|0x00000000eda00000, 0x00000000eda00000, 0x00000000edb00000|  0%| F|  |TAMS 0x00000000eda00000, 0x00000000eda00000| Untracked 
| 219|0x00000000edb00000, 0x00000000edb00000, 0x00000000edc00000|  0%| F|  |TAMS 0x00000000edb00000, 0x00000000edb00000| Untracked 
| 220|0x00000000edc00000, 0x00000000edc00000, 0x00000000edd00000|  0%| F|  |TAMS 0x00000000edc00000, 0x00000000edc00000| Untracked 
| 221|0x00000000edd00000, 0x00000000edd00000, 0x00000000ede00000|  0%| F|  |TAMS 0x00000000edd00000, 0x00000000edd00000| Untracked 
| 222|0x00000000ede00000, 0x00000000ede00000, 0x00000000edf00000|  0%| F|  |TAMS 0x00000000ede00000, 0x00000000ede00000| Untracked 
| 223|0x00000000edf00000, 0x00000000edf00000, 0x00000000ee000000|  0%| F|  |TAMS 0x00000000edf00000, 0x00000000edf00000| Untracked 
| 224|0x00000000ee000000, 0x00000000ee000000, 0x00000000ee100000|  0%| F|  |TAMS 0x00000000ee000000, 0x00000000ee000000| Untracked 
| 225|0x00000000ee100000, 0x00000000ee100000, 0x00000000ee200000|  0%| F|  |TAMS 0x00000000ee100000, 0x00000000ee100000| Untracked 
| 226|0x00000000ee200000, 0x00000000ee200000, 0x00000000ee300000|  0%| F|  |TAMS 0x00000000ee200000, 0x00000000ee200000| Untracked 
| 227|0x00000000ee300000, 0x00000000ee300000, 0x00000000ee400000|  0%| F|  |TAMS 0x00000000ee300000, 0x00000000ee300000| Untracked 
| 228|0x00000000ee400000, 0x00000000ee400000, 0x00000000ee500000|  0%| F|  |TAMS 0x00000000ee400000, 0x00000000ee400000| Untracked 
| 229|0x00000000ee500000, 0x00000000ee500000, 0x00000000ee600000|  0%| F|  |TAMS 0x00000000ee500000, 0x00000000ee500000| Untracked 
| 230|0x00000000ee600000, 0x00000000ee600000, 0x00000000ee700000|  0%| F|  |TAMS 0x00000000ee600000, 0x00000000ee600000| Untracked 
| 231|0x00000000ee700000, 0x00000000ee700000, 0x00000000ee800000|  0%| F|  |TAMS 0x00000000ee700000, 0x00000000ee700000| Untracked 
| 232|0x00000000ee800000, 0x00000000ee800000, 0x00000000ee900000|  0%| F|  |TAMS 0x00000000ee800000, 0x00000000ee800000| Untracked 
| 233|0x00000000ee900000, 0x00000000ee900000, 0x00000000eea00000|  0%| F|  |TAMS 0x00000000ee900000, 0x00000000ee900000| Untracked 
| 234|0x00000000eea00000, 0x00000000eea00000, 0x00000000eeb00000|  0%| F|  |TAMS 0x00000000eea00000, 0x00000000eea00000| Untracked 
| 235|0x00000000eeb00000, 0x00000000eeb00000, 0x00000000eec00000|  0%| F|  |TAMS 0x00000000eeb00000, 0x00000000eeb00000| Untracked 
| 236|0x00000000eec00000, 0x00000000eec00000, 0x00000000eed00000|  0%| F|  |TAMS 0x00000000eec00000, 0x00000000eec00000| Untracked 
| 237|0x00000000eed00000, 0x00000000eed00000, 0x00000000eee00000|  0%| F|  |TAMS 0x00000000eed00000, 0x00000000eed00000| Untracked 
| 238|0x00000000eee00000, 0x00000000eee00000, 0x00000000eef00000|  0%| F|  |TAMS 0x00000000eee00000, 0x00000000eee00000| Untracked 
| 239|0x00000000eef00000, 0x00000000eef00000, 0x00000000ef000000|  0%| F|  |TAMS 0x00000000eef00000, 0x00000000eef00000| Untracked 
| 240|0x00000000ef000000, 0x00000000ef083c68, 0x00000000ef100000| 51%| E|  |TAMS 0x00000000ef000000, 0x00000000ef000000| Complete 
| 241|0x00000000ef100000, 0x00000000ef200000, 0x00000000ef200000|100%| E|CS|TAMS 0x00000000ef100000, 0x00000000ef100000| Complete 
| 242|0x00000000ef200000, 0x00000000ef300000, 0x00000000ef300000|100%| E|CS|TAMS 0x00000000ef200000, 0x00000000ef200000| Complete 
| 243|0x00000000ef300000, 0x00000000ef400000, 0x00000000ef400000|100%| E|CS|TAMS 0x00000000ef300000, 0x00000000ef300000| Complete 
| 244|0x00000000ef400000, 0x00000000ef500000, 0x00000000ef500000|100%| E|CS|TAMS 0x00000000ef400000, 0x00000000ef400000| Complete 
| 245|0x00000000ef500000, 0x00000000ef600000, 0x00000000ef600000|100%| E|CS|TAMS 0x00000000ef500000, 0x00000000ef500000| Complete 
| 246|0x00000000ef600000, 0x00000000ef700000, 0x00000000ef700000|100%| E|CS|TAMS 0x00000000ef600000, 0x00000000ef600000| Complete 
| 247|0x00000000ef700000, 0x00000000ef800000, 0x00000000ef800000|100%| E|CS|TAMS 0x00000000ef700000, 0x00000000ef700000| Complete 
| 248|0x00000000ef800000, 0x00000000ef900000, 0x00000000ef900000|100%| E|CS|TAMS 0x00000000ef800000, 0x00000000ef800000| Complete 
| 249|0x00000000ef900000, 0x00000000efa00000, 0x00000000efa00000|100%| E|CS|TAMS 0x00000000ef900000, 0x00000000ef900000| Complete 
| 250|0x00000000efa00000, 0x00000000efb00000, 0x00000000efb00000|100%| E|CS|TAMS 0x00000000efa00000, 0x00000000efa00000| Complete 
| 251|0x00000000efb00000, 0x00000000efc00000, 0x00000000efc00000|100%| E|CS|TAMS 0x00000000efb00000, 0x00000000efb00000| Complete 
| 252|0x00000000efc00000, 0x00000000efd00000, 0x00000000efd00000|100%| E|CS|TAMS 0x00000000efc00000, 0x00000000efc00000| Complete 
| 253|0x00000000efd00000, 0x00000000efe00000, 0x00000000efe00000|100%| E|CS|TAMS 0x00000000efd00000, 0x00000000efd00000| Complete 
| 254|0x00000000efe00000, 0x00000000eff00000, 0x00000000eff00000|100%| E|CS|TAMS 0x00000000efe00000, 0x00000000efe00000| Complete 
| 255|0x00000000eff00000, 0x00000000f0000000, 0x00000000f0000000|100%| E|CS|TAMS 0x00000000eff00000, 0x00000000eff00000| Complete 

Card table byte_map: [0x000002c25ab70000,0x000002c25ac70000] _byte_map_base: 0x000002c25a470000

Marking Bits (Prev, Next): (CMBitMap*) 0x000002c24430c5e0, (CMBitMap*) 0x000002c24430c5a0
 Prev Bits: [0x000002c25b570000, 0x000002c25bd70000)
 Next Bits: [0x000002c25ad70000, 0x000002c25b570000)

Polling page: 0x000002c2422c0000

Metaspace:

Usage:
  Non-class:     19.47 MB used.
      Class:      3.45 MB used.
       Both:     22.93 MB used.

Virtual space:
  Non-class space:       24.00 MB reserved,      19.69 MB ( 82%) committed,  3 nodes.
      Class space:      208.00 MB reserved,       3.62 MB (  2%) committed,  1 nodes.
             Both:      232.00 MB reserved,      23.31 MB ( 10%) committed. 

Chunk freelists:
   Non-Class:  3.98 MB
       Class:  400.00 KB
        Both:  4.38 MB

MaxMetaspaceSize: 256.00 MB
CompressedClassSpaceSize: 208.00 MB
Initial GC threshold: 21.00 MB
Current GC threshold: 35.25 MB
CDS: on
MetaspaceReclaimPolicy: balanced
 - commit_granule_bytes: 65536.
 - commit_granule_words: 8192.
 - virtual_space_node_default_size: 1048576.
 - enlarge_chunks_in_place: 1.
 - new_chunks_are_fully_committed: 0.
 - uncommit_free_chunks: 1.
 - use_allocation_guard: 0.
 - handle_deallocations: 1.


Internal statistics:

num_allocs_failed_limit: 3.
num_arena_births: 238.
num_arena_deaths: 0.
num_vsnodes_births: 4.
num_vsnodes_deaths: 0.
num_space_committed: 373.
num_space_uncommitted: 0.
num_chunks_returned_to_freelist: 3.
num_chunks_taken_from_freelist: 1065.
num_chunk_merges: 0.
num_chunk_splits: 725.
num_chunks_enlarged: 547.
num_purges: 0.
num_inconsistent_stats: 0.

CodeHeap 'non-profiled nmethods': size=120000Kb used=1501Kb max_used=1501Kb free=118499Kb
 bounds [0x000002c253640000, 0x000002c2538b0000, 0x000002c25ab70000]
CodeHeap 'profiled nmethods': size=120000Kb used=5730Kb max_used=5730Kb free=114269Kb
 bounds [0x000002c24bb70000, 0x000002c24c110000, 0x000002c2530a0000]
CodeHeap 'non-nmethods': size=5760Kb used=1234Kb max_used=1305Kb free=4525Kb
 bounds [0x000002c2530a0000, 0x000002c253310000, 0x000002c253640000]
 total_blobs=3275 nmethods=2732 adapters=455
 compilation: enabled
              stopped_count=0, restarted_count=0
 full_count=0

Compilation events (20 events):
Event: 2.556 Thread 0x000002c25e3972f0 nmethod 2713 0x000002c24c0ff690 code [0x000002c24c0ff880, 0x000002c24c0ffe98]
Event: 2.556 Thread 0x000002c25e3972f0 2715       3       org.objectweb.asm.MethodWriter::putAbstractTypes (31 bytes)
Event: 2.557 Thread 0x000002c25e3972f0 nmethod 2715 0x000002c24c100090 code [0x000002c24c100240, 0x000002c24c100488]
Event: 2.557 Thread 0x000002c25e3972f0 2714       3       org.objectweb.asm.MethodWriter::putFrame (549 bytes)
Event: 2.558 Thread 0x000002c25e3972f0 nmethod 2714 0x000002c24c100610 code [0x000002c24c100a60, 0x000002c24c102558]
Event: 2.558 Thread 0x000002c25e3972f0 2716       3       java.util.Collections::singletonIterator (9 bytes)
Event: 2.558 Thread 0x000002c25e3972f0 nmethod 2716 0x000002c24c103190 code [0x000002c24c103340, 0x000002c24c1035b8]
Event: 2.558 Thread 0x000002c25e3972f0 2717       3       java.util.Collections$1::<init> (15 bytes)
Event: 2.558 Thread 0x000002c25e3972f0 nmethod 2717 0x000002c24c103690 code [0x000002c24c103820, 0x000002c24c1039f8]
Event: 2.558 Thread 0x000002c25e3972f0 2718       3       java.util.Collections$1::next (25 bytes)
Event: 2.559 Thread 0x000002c25e3972f0 nmethod 2718 0x000002c24c103a90 code [0x000002c24c103c40, 0x000002c24c103e68]
Event: 2.559 Thread 0x000002c25e3972f0 2719       3       java.util.concurrent.locks.AbstractQueuedSynchronizer::signalNext (34 bytes)
Event: 2.559 Thread 0x000002c25e3972f0 nmethod 2719 0x000002c24c103f90 code [0x000002c24c104160, 0x000002c24c104418]
Event: 2.560 Thread 0x000002c25e3972f0 2720       3       java.lang.reflect.Constructor::getParameterTypes (11 bytes)
Event: 2.561 Thread 0x000002c25e3972f0 nmethod 2720 0x000002c24c104590 code [0x000002c24c104740, 0x000002c24c104a08]
Event: 2.563 Thread 0x000002c25e3972f0 2721       3       java.util.Collections$SingletonList::iterator (8 bytes)
Event: 2.563 Thread 0x000002c25e3972f0 nmethod 2721 0x000002c24c104b10 code [0x000002c24c104cc0, 0x000002c24c104f98]
Event: 2.564 Thread 0x000002c25e3972f0 2722       3       com.google.common.collect.ImmutableSet$RegularSetBuilderImpl::ensureTableCapacity (89 bytes)
Event: 2.564 Thread 0x000002c25e3972f0 nmethod 2722 0x000002c24c105090 code [0x000002c24c1052a0, 0x000002c24c105788]
Event: 2.565 Thread 0x000002c25e38b430 2723   !   4       java.util.zip.ZipFile$ZipFileInflaterInputStream::close (67 bytes)

GC Heap History (8 events):
Event: 0.300 GC heap before
{Heap before GC invocations=0 (full 0):
 garbage-first heap   total 262144K, used 13312K [0x00000000e0000000, 0x0000000100000000)
  region size 1024K, 13 young (13312K), 0 survivors (0K)
 Metaspace       used 954K, committed 1088K, reserved 221184K
  class space    used 74K, committed 128K, reserved 212992K
}
Event: 0.303 GC heap after
{Heap after GC invocations=1 (full 0):
 garbage-first heap   total 262144K, used 3684K [0x00000000e0000000, 0x0000000100000000)
  region size 1024K, 2 young (2048K), 2 survivors (2048K)
 Metaspace       used 954K, committed 1088K, reserved 221184K
  class space    used 74K, committed 128K, reserved 212992K
}
Event: 0.634 GC heap before
{Heap before GC invocations=1 (full 0):
 garbage-first heap   total 262144K, used 22116K [0x00000000e0000000, 0x0000000100000000)
  region size 1024K, 17 young (17408K), 2 survivors (2048K)
 Metaspace       used 3797K, committed 3968K, reserved 221184K
  class space    used 474K, committed 576K, reserved 212992K
}
Event: 0.636 GC heap after
{Heap after GC invocations=2 (full 0):
 garbage-first heap   total 262144K, used 9415K [0x00000000e0000000, 0x0000000100000000)
  region size 1024K, 3 young (3072K), 3 survivors (3072K)
 Metaspace       used 3797K, committed 3968K, reserved 221184K
  class space    used 474K, committed 576K, reserved 212992K
}
Event: 0.886 GC heap before
{Heap before GC invocations=2 (full 0):
 garbage-first heap   total 262144K, used 31943K [0x00000000e0000000, 0x0000000100000000)
  region size 1024K, 25 young (25600K), 3 survivors (3072K)
 Metaspace       used 3928K, committed 4096K, reserved 221184K
  class space    used 475K, committed 576K, reserved 212992K
}
Event: 0.888 GC heap after
{Heap after GC invocations=3 (full 0):
 garbage-first heap   total 262144K, used 12433K [0x00000000e0000000, 0x0000000100000000)
  region size 1024K, 3 young (3072K), 3 survivors (3072K)
 Metaspace       used 3928K, committed 4096K, reserved 221184K
  class space    used 475K, committed 576K, reserved 212992K
}
Event: 2.406 GC heap before
{Heap before GC invocations=3 (full 0):
 garbage-first heap   total 262144K, used 112785K [0x00000000e0000000, 0x0000000100000000)
  region size 1024K, 102 young (104448K), 3 survivors (3072K)
 Metaspace       used 21219K, committed 21504K, reserved 237568K
  class space    used 3179K, committed 3328K, reserved 212992K
}
Event: 2.414 GC heap after
{Heap after GC invocations=4 (full 0):
 garbage-first heap   total 262144K, used 20638K [0x00000000e0000000, 0x0000000100000000)
  region size 1024K, 11 young (11264K), 11 survivors (11264K)
 Metaspace       used 21219K, committed 21504K, reserved 237568K
  class space    used 3179K, committed 3328K, reserved 212992K
}

Deoptimization events (20 events):
Event: 1.827 Thread 0x000002c25ee20ae0 DEOPT PACKING pc=0x000002c253742bec sp=0x000000e115dfad00
Event: 1.827 Thread 0x000002c25ee20ae0 DEOPT UNPACKING pc=0x000002c2530f23a3 sp=0x000000e115dfac40 mode 2
Event: 1.827 Thread 0x000002c25ee20ae0 Uncommon trap: trap_request=0xffffff45 fr.pc=0x000002c25367d0bc relative=0x000000000000047c
Event: 1.827 Thread 0x000002c25ee20ae0 Uncommon trap: reason=unstable_if action=reinterpret pc=0x000002c25367d0bc method=java.util.HashMap.getNode(Ljava/lang/Object;)Ljava/util/HashMap$Node; @ 131 c2
Event: 1.827 Thread 0x000002c25ee20ae0 DEOPT PACKING pc=0x000002c25367d0bc sp=0x000000e115dfacb0
Event: 1.827 Thread 0x000002c25ee20ae0 DEOPT UNPACKING pc=0x000002c2530f23a3 sp=0x000000e115dfac40 mode 2
Event: 1.838 Thread 0x000002c25ee20ae0 Uncommon trap: trap_request=0xffffff45 fr.pc=0x000002c253701474 relative=0x0000000000000254
Event: 1.838 Thread 0x000002c25ee20ae0 Uncommon trap: reason=unstable_if action=reinterpret pc=0x000002c253701474 method=java.util.concurrent.ConcurrentHashMap.get(Ljava/lang/Object;)Ljava/lang/Object; @ 76 c2
Event: 1.838 Thread 0x000002c25ee20ae0 DEOPT PACKING pc=0x000002c253701474 sp=0x000000e115dfa2b0
Event: 1.838 Thread 0x000002c25ee20ae0 DEOPT UNPACKING pc=0x000002c2530f23a3 sp=0x000000e115dfa228 mode 2
Event: 2.052 Thread 0x000002c25ee20ae0 DEOPT PACKING pc=0x000002c24beedc88 sp=0x000000e115df4b80
Event: 2.052 Thread 0x000002c25ee20ae0 DEOPT UNPACKING pc=0x000002c2530f2b43 sp=0x000000e115df4088 mode 0
Event: 2.095 Thread 0x000002c25ee20ae0 Uncommon trap: trap_request=0xffffff76 fr.pc=0x000002c253769ca4 relative=0x0000000000000184
Event: 2.095 Thread 0x000002c25ee20ae0 Uncommon trap: reason=predicate action=maybe_recompile pc=0x000002c253769ca4 method=com.google.common.base.CharMatcher.indexIn(Ljava/lang/CharSequence;I)I @ 19 c2
Event: 2.095 Thread 0x000002c25ee20ae0 DEOPT PACKING pc=0x000002c253769ca4 sp=0x000000e115dfb5e0
Event: 2.095 Thread 0x000002c25ee20ae0 DEOPT UNPACKING pc=0x000002c2530f23a3 sp=0x000000e115dfb570 mode 2
Event: 2.346 Thread 0x000002c25ee20ae0 Uncommon trap: trap_request=0xffffff45 fr.pc=0x000002c2536b6e0c relative=0x00000000000004cc
Event: 2.346 Thread 0x000002c25ee20ae0 Uncommon trap: reason=unstable_if action=reinterpret pc=0x000002c2536b6e0c method=java.util.HashMap.hash(Ljava/lang/Object;)I @ 1 c2
Event: 2.346 Thread 0x000002c25ee20ae0 DEOPT PACKING pc=0x000002c2536b6e0c sp=0x000000e115df7d70
Event: 2.346 Thread 0x000002c25ee20ae0 DEOPT UNPACKING pc=0x000002c2530f23a3 sp=0x000000e115df7c18 mode 2

Classes unloaded (0 events):
No events

Classes redefined (0 events):
No events

Internal exceptions (20 events):
Event: 2.039 Thread 0x000002c25ee20ae0 Exception <a 'java/lang/NoSuchMethodError'{0x00000000eb24a870}: 'void java.lang.invoke.DirectMethodHandle$Holder.invokeStaticInit(java.lang.Object, java.lang.Object)'> (0x00000000eb24a870) 
thrown [s\open\src\hotspot\share\interpreter\linkResolver.cpp, line 759]
Event: 2.059 Thread 0x000002c25ee20ae0 Exception <a 'java/lang/NoSuchMethodError'{0x00000000eb17c870}: 'java.lang.Object java.lang.invoke.DirectMethodHandle$Holder.invokeStaticInit(java.lang.Object, java.lang.Object, java.lang.Object)'> (0x00000000eb17c870) 
thrown [s\open\src\hotspot\share\interpreter\linkResolver.cpp, line 759]
Event: 2.061 Thread 0x000002c25ee20ae0 Exception <a 'java/lang/NoSuchMethodError'{0x00000000eb186a10}: 'void java.lang.invoke.DirectMethodHandle$Holder.invokeStatic(java.lang.Object, java.lang.Object, java.lang.Object, java.lang.Object, java.lang.Object, java.lang.Object)'> (0x00000000eb186a10) 
thrown [s\open\src\hotspot\share\interpreter\linkResolver.cpp, line 759]
Event: 2.118 Thread 0x000002c25ee20ae0 Exception <a 'java/lang/NoSuchMethodError'{0x00000000ead10428}: 'void java.lang.invoke.DirectMethodHandle$Holder.invokeStatic(java.lang.Object, java.lang.Object, java.lang.Object, java.lang.Object)'> (0x00000000ead10428) 
thrown [s\open\src\hotspot\share\interpreter\linkResolver.cpp, line 759]
Event: 2.120 Thread 0x000002c25ee20ae0 Exception <a 'java/lang/NoSuchMethodError'{0x00000000ead237d0}: 'int java.lang.invoke.DirectMethodHandle$Holder.invokeVirtual(java.lang.Object, java.lang.Object)'> (0x00000000ead237d0) 
thrown [s\open\src\hotspot\share\interpreter\linkResolver.cpp, line 759]
Event: 2.122 Thread 0x000002c25ee20ae0 Exception <a 'java/lang/NoSuchMethodError'{0x00000000ead38a68}: 'java.lang.Object java.lang.invoke.DirectMethodHandle$Holder.invokeVirtual(java.lang.Object, java.lang.Object, java.lang.Object)'> (0x00000000ead38a68) 
thrown [s\open\src\hotspot\share\interpreter\linkResolver.cpp, line 759]
Event: 2.126 Thread 0x000002c25ee20ae0 Exception <a 'java/lang/NoSuchMethodError'{0x00000000ead5c0e8}: 'int java.lang.invoke.DirectMethodHandle$Holder.invokeVirtual(java.lang.Object, java.lang.Object, java.lang.Object)'> (0x00000000ead5c0e8) 
thrown [s\open\src\hotspot\share\interpreter\linkResolver.cpp, line 759]
Event: 2.253 Thread 0x000002c25ee20ae0 Exception <a 'java/lang/NoSuchMethodError'{0x00000000ea4ed0c0}: 'java.lang.Object java.lang.invoke.DirectMethodHandle$Holder.invokeSpecialIFC(java.lang.Object, java.lang.Object, java.lang.Object, java.lang.Object)'> (0x00000000ea4ed0c0) 
thrown [s\open\src\hotspot\share\interpreter\linkResolver.cpp, line 759]
Event: 2.346 Thread 0x000002c25ee20ae0 Implicit null exception at 0x000002c2536b698e to 0x000002c2536b6df0
Event: 2.380 Thread 0x000002c25ee20ae0 Exception <a 'java/lang/NoSuchMethodError'{0x00000000e9cfc038}: 'java.lang.Object java.lang.invoke.DirectMethodHandle$Holder.invokeSpecial(java.lang.Object, java.lang.Object, java.lang.Object, java.lang.Object, java.lang.Object, java.lang.Object, java.lang.Object, java.lang.Object, java.lang.Object, java.lang.Object, java.lang.Object, java.lang.Object, java.lang.Object)'> (0x00000000e9cfc038) 
thrown [s\open\src\hotspot\share\interpreter\linkResolver.cpp, line 759]
Event: 2.380 Thread 0x000002c25ee20ae0 Exception <a 'java/lang/NoSuchMethodError'{0x00000000e9b0dcf8}: 'java.lang.Object java.lang.invoke.DirectMethodHandle$Holder.newInvokeSpecial(java.lang.Object, java.lang.Object, java.lang.Object, java.lang.Object, java.lang.Object, java.lang.Object, java.lang.Object, java.lang.Object, java.lang.Object, java.lang.Object, java.lang.Object)'> (0x00000000e9b0dcf8) 
thrown [s\open\src\hotspot\share\interpreter\linkResolver.cpp, line 759]
Event: 2.381 Thread 0x000002c25ee20ae0 Exception <a 'java/lang/NoSuchMethodError'{0x00000000e9b13928}: 'java.lang.Object java.lang.invoke.DirectMethodHandle$Holder.invokeSpecial(java.lang.Object, java.lang.Object, java.lang.Object, java.lang.Object, java.lang.Object, java.lang.Object, java.lang.Object, java.lang.Object, java.lang.Object, java.lang.Object, java.lang.Object, java.lang.Object)'> (0x00000000e9b13928) 
thrown [s\open\src\hotspot\share\interpreter\linkResolver.cpp, line 759]
Event: 2.381 Thread 0x000002c25ee20ae0 Exception <a 'java/lang/NoSuchMethodError'{0x00000000e9b18d18}: 'java.lang.Object java.lang.invoke.Invokers$Holder.linkToTargetMethod(java.lang.Object, java.lang.Object, java.lang.Object, java.lang.Object, java.lang.Object, java.lang.Object, java.lang.Object, java.lang.Object, java.lang.Object, java.lang.Object, java.lang.Object)'> (0x00000000e9b18d18) 
thrown [s\open\src\hotspot\share\interpreter\linkResolver.cpp, line 759]
Event: 2.384 Thread 0x000002c25ee20ae0 Exception <a 'java/lang/NoSuchMethodError'{0x00000000e9b5fb30}: 'java.lang.Object java.lang.invoke.DirectMethodHandle$Holder.invokeSpecial(java.lang.Object, java.lang.Object, java.lang.Object, java.lang.Object, java.lang.Object, java.lang.Object, java.lang.Object, java.lang.Object, java.lang.Object, java.lang.Object, java.lang.Object, java.lang.Object, java.lang.Object, java.lang.Object)'> (0x00000000e9b5fb30) 
thrown [s\open\src\hotspot\share\interpreter\linkResolver.cpp, line 759]
Event: 2.384 Thread 0x000002c25ee20ae0 Exception <a 'java/lang/NoSuchMethodError'{0x00000000e9b71f00}: 'java.lang.Object java.lang.invoke.DirectMethodHandle$Holder.newInvokeSpecial(java.lang.Object, java.lang.Object, java.lang.Object, java.lang.Object, java.lang.Object, java.lang.Object, java.lang.Object, java.lang.Object, java.lang.Object, java.lang.Object, java.lang.Object, java.lang.Object)'> (0x00000000e9b71f00) 
thrown [s\open\src\hotspot\share\interpreter\linkResolver.cpp, line 759]
Event: 2.384 Thread 0x000002c25ee20ae0 Exception <a 'java/lang/NoSuchMethodError'{0x00000000e9b775f0}: 'java.lang.Object java.lang.invoke.Invokers$Holder.linkToTargetMethod(java.lang.Object, java.lang.Object, java.lang.Object, java.lang.Object, java.lang.Object, java.lang.Object, java.lang.Object, java.lang.Object, java.lang.Object, java.lang.Object, java.lang.Object, java.lang.Object)'> (0x00000000e9b775f0) 
thrown [s\open\src\hotspot\share\interpreter\linkResolver.cpp, line 759]
Event: 2.396 Thread 0x000002c25ee20ae0 Exception <a 'java/lang/NoSuchMethodError'{0x00000000e9a082c0}: 'java.lang.Object java.lang.invoke.DirectMethodHandle$Holder.invokeStaticInit(java.lang.Object, java.lang.Object, java.lang.Object, java.lang.Object)'> (0x00000000e9a082c0) 
thrown [s\open\src\hotspot\share\interpreter\linkResolver.cpp, line 759]
Event: 2.466 Thread 0x000002c25ee20ae0 Exception <a 'java/lang/NoSuchMethodError'{0x00000000efbe4330}: 'java.lang.Object java.lang.invoke.DirectMethodHandle$Holder.newInvokeSpecial(java.lang.Object, java.lang.Object, java.lang.Object, java.lang.Object, java.lang.Object, java.lang.Object, java.lang.Object, java.lang.Object)'> (0x00000000efbe4330) 
thrown [s\open\src\hotspot\share\interpreter\linkResolver.cpp, line 759]
Event: 2.467 Thread 0x000002c25ee20ae0 Exception <a 'java/lang/NoSuchMethodError'{0x00000000efbea110}: 'java.lang.Object java.lang.invoke.Invokers$Holder.linkToTargetMethod(java.lang.Object, java.lang.Object, java.lang.Object, java.lang.Object, java.lang.Object, java.lang.Object, java.lang.Object, java.lang.Object)'> (0x00000000efbea110) 
thrown [s\open\src\hotspot\share\interpreter\linkResolver.cpp, line 759]
Event: 2.472 Thread 0x000002c25ee20ae0 Exception <a 'java/lang/IncompatibleClassChangeError'{0x00000000efa5c170}: Found class java.lang.Object, but interface was expected> (0x00000000efa5c170) 
thrown [s\open\src\hotspot\share\interpreter\linkResolver.cpp, line 826]

VM Operations (20 events):
Event: 1.512 Executing VM operation: HandshakeAllThreads
Event: 1.512 Executing VM operation: HandshakeAllThreads done
Event: 1.529 Executing VM operation: HandshakeAllThreads
Event: 1.529 Executing VM operation: HandshakeAllThreads done
Event: 1.530 Executing VM operation: HandshakeAllThreads
Event: 1.530 Executing VM operation: HandshakeAllThreads done
Event: 1.580 Executing VM operation: ICBufferFull
Event: 1.580 Executing VM operation: ICBufferFull done
Event: 2.349 Executing VM operation: HandshakeAllThreads
Event: 2.349 Executing VM operation: HandshakeAllThreads done
Event: 2.355 Executing VM operation: ICBufferFull
Event: 2.355 Executing VM operation: ICBufferFull done
Event: 2.405 Executing VM operation: CollectForMetadataAllocation
Event: 2.415 Executing VM operation: CollectForMetadataAllocation done
Event: 2.423 Executing VM operation: G1Concurrent
Event: 2.424 Executing VM operation: G1Concurrent done
Event: 2.425 Executing VM operation: G1Concurrent
Event: 2.425 Executing VM operation: G1Concurrent done
Event: 2.524 Executing VM operation: HandshakeAllThreads
Event: 2.524 Executing VM operation: HandshakeAllThreads done

Events (20 events):
Event: 2.117 loading class java/io/InterruptedIOException done
Event: 2.119 Thread 0x000002c260cd1770 Thread added: 0x000002c260cd1770
Event: 2.124 loading class java/util/ArrayDeque$DeqSpliterator
Event: 2.124 loading class java/util/ArrayDeque$DeqSpliterator done
Event: 2.247 Thread 0x000002c260cd1c40 Thread added: 0x000002c260cd1c40
Event: 2.271 Thread 0x000002c260cd4c60 Thread added: 0x000002c260cd4c60
Event: 2.298 Thread 0x000002c260cd0dd0 Thread added: 0x000002c260cd0dd0
Event: 2.350 loading class java/lang/Class$EnclosingMethodInfo
Event: 2.350 loading class java/lang/Class$EnclosingMethodInfo done
Event: 2.351 loading class sun/reflect/generics/tree/IntSignature
Event: 2.351 loading class sun/reflect/generics/tree/IntSignature done
Event: 2.351 loading class sun/reflect/generics/tree/ArrayTypeSignature
Event: 2.351 loading class sun/reflect/generics/tree/ArrayTypeSignature done
Event: 2.358 loading class java/lang/SafeVarargs
Event: 2.358 loading class java/lang/SafeVarargs done
Event: 2.389 Thread 0x000002c260cd2110 Thread added: 0x000002c260cd2110
Event: 2.418 Thread 0x000002c260cd3450 Thread added: 0x000002c260cd3450
Event: 2.498 Thread 0x000002c260cd3920 Thread added: 0x000002c260cd3920
Event: 2.570 loading class java/util/regex/Pattern$Pos
Event: 2.570 loading class java/util/regex/Pattern$Pos done


Dynamic libraries:
0x00007ff7859f0000 - 0x00007ff785a00000 	C:\Program Files\Java\jdk-17\bin\java.exe
0x00007ffaa5150000 - 0x00007ffaa5348000 	C:\Windows\SYSTEM32\ntdll.dll
0x00007ffaa3eb0000 - 0x00007ffaa3f6f000 	C:\Windows\System32\KERNEL32.DLL
0x00007ffaa2a10000 - 0x00007ffaa2cea000 	C:\Windows\System32\KERNELBASE.dll
0x00007ffaa2cf0000 - 0x00007ffaa2df0000 	C:\Windows\System32\ucrtbase.dll
0x00007ffa6c550000 - 0x00007ffa6c56b000 	C:\Program Files\Java\jdk-17\bin\VCRUNTIME140.dll
0x00007ffa6c6e0000 - 0x00007ffa6c6f8000 	C:\Program Files\Java\jdk-17\bin\jli.dll
0x00007ffaa4f50000 - 0x00007ffaa4ffe000 	C:\Windows\System32\ADVAPI32.dll
0x00007ffaa4c50000 - 0x00007ffaa4cee000 	C:\Windows\System32\msvcrt.dll
0x00007ffaa4cf0000 - 0x00007ffaa4d8c000 	C:\Windows\System32\sechost.dll
0x00007ffaa4110000 - 0x00007ffaa4236000 	C:\Windows\System32\RPCRT4.dll
0x00007ffaa4db0000 - 0x00007ffaa4f4d000 	C:\Windows\System32\USER32.dll
0x00007ffaa2df0000 - 0x00007ffaa2e12000 	C:\Windows\System32\win32u.dll
0x00007ffaa4830000 - 0x00007ffaa485b000 	C:\Windows\System32\GDI32.dll
0x00007ffa8b440000 - 0x00007ffa8b6da000 	C:\Windows\WinSxS\amd64_microsoft.windows.common-controls_6595b64144ccf1df_6.0.19041.1110_none_60b5254171f9507e\COMCTL32.dll
0x00007ffaa2900000 - 0x00007ffaa2a10000 	C:\Windows\System32\gdi32full.dll
0x00007ffaa2fd0000 - 0x00007ffaa306d000 	C:\Windows\System32\msvcp_win.dll
0x00007ffa9cc70000 - 0x00007ffa9cc7a000 	C:\Windows\SYSTEM32\VERSION.dll
0x00007ffaa3f70000 - 0x00007ffaa3fa0000 	C:\Windows\System32\IMM32.DLL
0x00007ffa7f2f0000 - 0x00007ffa7f2fc000 	C:\Program Files\Java\jdk-17\bin\vcruntime140_1.dll
0x00007ffa50660000 - 0x00007ffa506ee000 	C:\Program Files\Java\jdk-17\bin\msvcp140.dll
0x00007ffa3b600000 - 0x00007ffa3c1d7000 	C:\Program Files\Java\jdk-17\bin\server\jvm.dll
0x00007ffaa3ea0000 - 0x00007ffaa3ea8000 	C:\Windows\System32\PSAPI.DLL
0x00007ffa9a170000 - 0x00007ffa9a197000 	C:\Windows\SYSTEM32\WINMM.dll
0x00007ffa9dad0000 - 0x00007ffa9dad9000 	C:\Windows\SYSTEM32\WSOCK32.dll
0x00007ffaa4760000 - 0x00007ffaa47cb000 	C:\Windows\System32\WS2_32.dll
0x00007ffaa0740000 - 0x00007ffaa0752000 	C:\Windows\SYSTEM32\kernel.appcore.dll
0x00007ffa7c750000 - 0x00007ffa7c75a000 	C:\Program Files\Java\jdk-17\bin\jimage.dll
0x00007ffa8eeb0000 - 0x00007ffa8f094000 	C:\Windows\SYSTEM32\DBGHELP.DLL
0x00007ffa8ddd0000 - 0x00007ffa8de04000 	C:\Windows\SYSTEM32\dbgcore.DLL
0x00007ffaa3120000 - 0x00007ffaa31a2000 	C:\Windows\System32\bcryptPrimitives.dll
0x00007ffa6a0c0000 - 0x00007ffa6a0e5000 	C:\Program Files\Java\jdk-17\bin\java.dll
0x00007ffa50580000 - 0x00007ffa50657000 	C:\Program Files\Java\jdk-17\bin\jsvml.dll
0x00007ffaa3220000 - 0x00007ffaa3964000 	C:\Windows\System32\SHELL32.dll
0x00007ffaa0940000 - 0x00007ffaa10d3000 	C:\Windows\SYSTEM32\windows.storage.dll
0x00007ffaa4860000 - 0x00007ffaa4bb4000 	C:\Windows\System32\combase.dll
0x00007ffaa22c0000 - 0x00007ffaa22ee000 	C:\Windows\SYSTEM32\Wldp.dll
0x00007ffaa46b0000 - 0x00007ffaa475d000 	C:\Windows\System32\SHCORE.dll
0x00007ffaa47d0000 - 0x00007ffaa4825000 	C:\Windows\System32\shlwapi.dll
0x00007ffaa27a0000 - 0x00007ffaa27bf000 	C:\Windows\SYSTEM32\profapi.dll
0x00007ffa67680000 - 0x00007ffa67699000 	C:\Program Files\Java\jdk-17\bin\net.dll
0x00007ffa9c650000 - 0x00007ffa9c75a000 	C:\Windows\SYSTEM32\WINHTTP.dll
0x00007ffaa2020000 - 0x00007ffaa208a000 	C:\Windows\system32\mswsock.dll
0x00007ffa67660000 - 0x00007ffa67676000 	C:\Program Files\Java\jdk-17\bin\nio.dll
0x00007ffa66a30000 - 0x00007ffa66a48000 	C:\Program Files\Java\jdk-17\bin\zip.dll
0x00007ffa7b160000 - 0x00007ffa7b170000 	C:\Program Files\Java\jdk-17\bin\verify.dll
0x00007ffa868a0000 - 0x00007ffa868c7000 	C:\Users\RAFAEL\.gradle\native\68d5fa5c4cc2d200863cafc0d521ce42e7d3e7ee720ec0a83991735586a16f82\windows-amd64\native-platform.dll
0x00007ffa7a260000 - 0x00007ffa7a3a4000 	C:\Users\RAFAEL\.gradle\native\e376f236ea51e6404a007f0833ffe2c6e607c4080706a723a18a27aeea778392\windows-amd64\native-platform-file-events.dll
0x00007ffaa0090000 - 0x00007ffaa009a000 	C:\Program Files\Java\jdk-17\bin\management.dll
0x00007ffa9a360000 - 0x00007ffa9a36b000 	C:\Program Files\Java\jdk-17\bin\management_ext.dll
0x00007ffaa2210000 - 0x00007ffaa2228000 	C:\Windows\SYSTEM32\CRYPTSP.dll
0x00007ffaa18d0000 - 0x00007ffaa1904000 	C:\Windows\system32\rsaenh.dll
0x00007ffaa2860000 - 0x00007ffaa2887000 	C:\Windows\System32\bcrypt.dll
0x00007ffaa2720000 - 0x00007ffaa274e000 	C:\Windows\SYSTEM32\USERENV.dll
0x00007ffaa2230000 - 0x00007ffaa223c000 	C:\Windows\SYSTEM32\CRYPTBASE.dll
0x00007ffaa1cc0000 - 0x00007ffaa1cfc000 	C:\Windows\SYSTEM32\IPHLPAPI.DLL
0x00007ffaa3210000 - 0x00007ffaa3218000 	C:\Windows\System32\NSI.dll
0x00007ffa9cdf0000 - 0x00007ffa9ce07000 	C:\Windows\SYSTEM32\dhcpcsvc6.DLL
0x00007ffa9cdd0000 - 0x00007ffa9cded000 	C:\Windows\SYSTEM32\dhcpcsvc.DLL
0x00007ffaa1d00000 - 0x00007ffaa1dcb000 	C:\Windows\SYSTEM32\DNSAPI.dll
0x00007ffa99e80000 - 0x00007ffa99e8d000 	C:\Program Files\Java\jdk-17\bin\sunmscapi.dll
0x00007ffaa2e20000 - 0x00007ffaa2f76000 	C:\Windows\System32\CRYPT32.dll
0x00007ffaa2330000 - 0x00007ffaa2358000 	C:\Windows\SYSTEM32\ncrypt.dll
0x00007ffaa22f0000 - 0x00007ffaa232b000 	C:\Windows\SYSTEM32\NTASN1.dll
0x00007ffa83950000 - 0x00007ffa83957000 	C:\Windows\system32\wshunix.dll

dbghelp: loaded successfully - version: 4.0.5 - missing functions: none
symbol engine: initialized successfully - sym options: 0x614 - pdb path: .;C:\Program Files\Java\jdk-17\bin;C:\Windows\SYSTEM32;C:\Windows\WinSxS\amd64_microsoft.windows.common-controls_6595b64144ccf1df_6.0.19041.1110_none_60b5254171f9507e;C:\Program Files\Java\jdk-17\bin\server;C:\Users\RAFAEL\.gradle\native\68d5fa5c4cc2d200863cafc0d521ce42e7d3e7ee720ec0a83991735586a16f82\windows-amd64;C:\Users\RAFAEL\.gradle\native\e376f236ea51e6404a007f0833ffe2c6e607c4080706a723a18a27aeea778392\windows-amd64

VM Arguments:
jvm_args: --add-opens=java.base/java.util=ALL-UNNAMED --add-opens=java.base/java.lang=ALL-UNNAMED --add-opens=java.base/java.lang.invoke=ALL-UNNAMED --add-opens=java.prefs/java.util.prefs=ALL-UNNAMED --add-opens=java.base/java.nio.charset=ALL-UNNAMED --add-opens=java.base/java.net=ALL-UNNAMED --add-opens=java.base/java.util.concurrent.atomic=ALL-UNNAMED -XX:MaxMetaspaceSize=256m -XX:+HeapDumpOnOutOfMemoryError -Xms256m -Xmx512m -Dfile.encoding=windows-1252 -Duser.country=CO -Duser.language=es -Duser.variant 
java_command: org.gradle.launcher.daemon.bootstrap.GradleDaemon 7.6.1
java_class_path (initial): C:\Users\RAFAEL\.gradle\wrapper\dists\gradle-7.6.1-bin\2clxi94ab3brv6467628wnxmd\gradle-7.6.1\lib\gradle-launcher-7.6.1.jar
Launcher Type: SUN_STANDARD

[Global flags]
     intx CICompilerCount                          = 3                                         {product} {ergonomic}
   size_t CompressedClassSpaceSize                 = 218103808                                 {product} {ergonomic}
     uint ConcGCThreads                            = 1                                         {product} {ergonomic}
     uint G1ConcRefinementThreads                  = 4                                         {product} {ergonomic}
   size_t G1HeapRegionSize                         = 1048576                                   {product} {ergonomic}
    uintx GCDrainStackTargetSize                   = 64                                        {product} {ergonomic}
     bool HeapDumpOnOutOfMemoryError               = true                                   {manageable} {command line}
   size_t InitialHeapSize                          = 268435456                                 {product} {command line}
   size_t MarkStackSize                            = 4194304                                   {product} {ergonomic}
   size_t MaxHeapSize                              = 536870912                                 {product} {command line}
   size_t MaxMetaspaceSize                         = 268435456                                 {product} {command line}
   size_t MaxNewSize                               = 321912832                                 {product} {ergonomic}
   size_t MinHeapDeltaBytes                        = 1048576                                   {product} {ergonomic}
   size_t MinHeapSize                              = 268435456                                 {product} {command line}
    uintx NonNMethodCodeHeapSize                   = 5832780                                {pd product} {ergonomic}
    uintx NonProfiledCodeHeapSize                  = 122912730                              {pd product} {ergonomic}
    uintx ProfiledCodeHeapSize                     = 122912730                              {pd product} {ergonomic}
    uintx ReservedCodeCacheSize                    = 251658240                              {pd product} {ergonomic}
     bool SegmentedCodeCache                       = true                                      {product} {ergonomic}
   size_t SoftMaxHeapSize                          = 536870912                              {manageable} {ergonomic}
     bool UseCompressedClassPointers               = true                           {product lp64_product} {ergonomic}
     bool UseCompressedOops                        = true                           {product lp64_product} {ergonomic}
     bool UseG1GC                                  = true                                      {product} {ergonomic}
     bool UseLargePagesIndividualAllocation        = false                                  {pd product} {ergonomic}

Logging:
Log output configuration:
 #0: stdout all=warning uptime,level,tags
 #1: stderr all=off uptime,level,tags

Environment Variables:
PATH=C:\Program Files\Common Files\Oracle\Java\javapath;C:\Program Files (x86)\Common Files\Oracle\Java\javapath;C:\Windows\system32;C:\Windows;C:\Windows\System32\Wbem;C:\Windows\System32\WindowsPowerShell\v1.0\;C:\Windows\System32\OpenSSH\;C:\Program Files\Git\cmd;C:\Program Files\MySQL\MySQL Shell 8.0\bin\;C:\Users\RAFAEL\AppData\Local\Microsoft\WindowsApps;C:\Users\RAFAEL\AppData\Local\Programs\Microsoft VS Code\bin;C:\xampp\php
USERNAME=RAFAEL
OS=Windows_NT
PROCESSOR_IDENTIFIER=Intel64 Family 6 Model 158 Stepping 10, GenuineIntel



---------------  S Y S T E M  ---------------

OS:
 Windows 10 , 64 bit Build 19041 (10.0.19041.2788)
OS uptime: 1 days 22:35 hours

CPU: total 4 (initial active 4) (4 cores per cpu, 1 threads per core) family 6 model 158 stepping 10 microcode 0xb4, cx8, cmov, fxsr, mmx, 3dnowpref, sse, sse2, sse3, ssse3, sse4.1, sse4.2, popcnt, lzcnt, tsc, tscinvbit, avx, avx2, aes, erms, clmul, bmi1, bmi2, adx, fma, vzeroupper, clflush, clflushopt

Memory: 4k page, system-wide physical 8134M (929M free)
TotalPageFile size 10182M (AvailPageFile size 5M)
current process WorkingSet (physical memory assigned to process): 254M, peak: 254M
current process commit charge ("private bytes"): 429M, peak: 432M

vm_info: Java HotSpot(TM) 64-Bit Server VM (17.0.6+9-LTS-190) for windows-amd64 JRE (17.0.6+9-LTS-190), built on Dec  6 2022 15:53:54 by "mach5one" with MS VC++ 17.1 (VS2022)

END.
